2025-10-01 15:42:41 | INFO | {'message': 'I just shared JavaScript! It was weird.', 'author': 'Charlie', 'timestamp': '2025-10-01 15:42:41', 'category': 'tech', 'sentiment': 0.89, 'keyword_mentioned': 'JavaScript', 'message_length': 39}
2025-10-01 15:42:41 | INFO | Called process_message() with:
2025-10-01 15:42:41 | INFO |    message={'message': 'I just shared JavaScript! It was weird.', 'author': 'Charlie', 'timestamp': '2025-10-01 15:42:41', 'category': 'tech', 'sentiment': 0.89, 'keyword_mentioned': 'JavaScript', 'message_length': 39}
2025-10-01 15:42:41 | INFO | Calling SQLite insert_message() with:
2025-10-01 15:42:41 | INFO | message={'message': 'I just shared JavaScript! It was weird.', 'author': 'Charlie', 'timestamp': '2025-10-01 15:42:41', 'category': 'tech', 'sentiment': 0.89, 'keyword_mentioned': 'JavaScript', 'message_length': 39}
2025-10-01 15:42:41 | INFO | db_path=WindowsPath('C:/Data_Projects/buzzline-05-strickland/data/buzz.sqlite')
2025-10-01 15:42:41 | INFO | Inserted one message into the database.
2025-10-01 15:42:46 | INFO | {'message': 'I just shared recipe! It was exciting.', 'author': 'Eve', 'timestamp': '2025-10-01 15:42:46', 'category': 'food', 'sentiment': 0.19, 'keyword_mentioned': 'recipe', 'message_length': 38}
2025-10-01 15:42:46 | INFO | Called process_message() with:
2025-10-01 15:42:46 | INFO |    message={'message': 'I just shared recipe! It was exciting.', 'author': 'Eve', 'timestamp': '2025-10-01 15:42:46', 'category': 'food', 'sentiment': 0.19, 'keyword_mentioned': 'recipe', 'message_length': 38}
2025-10-01 15:42:46 | INFO | Calling SQLite insert_message() with:
2025-10-01 15:42:46 | INFO | message={'message': 'I just shared recipe! It was exciting.', 'author': 'Eve', 'timestamp': '2025-10-01 15:42:46', 'category': 'food', 'sentiment': 0.19, 'keyword_mentioned': 'recipe', 'message_length': 38}
2025-10-01 15:42:46 | INFO | db_path=WindowsPath('C:/Data_Projects/buzzline-05-strickland/data/buzz.sqlite')
2025-10-01 15:42:46 | INFO | Inserted one message into the database.
2025-10-01 15:42:51 | INFO | {'message': 'I just tried a trick! It was weird.', 'author': 'Charlie', 'timestamp': '2025-10-01 15:42:51', 'category': 'other', 'sentiment': 0.83, 'keyword_mentioned': 'other', 'message_length': 35}
2025-10-01 15:42:51 | INFO | Called process_message() with:
2025-10-01 15:42:51 | INFO |    message={'message': 'I just tried a trick! It was weird.', 'author': 'Charlie', 'timestamp': '2025-10-01 15:42:51', 'category': 'other', 'sentiment': 0.83, 'keyword_mentioned': 'other', 'message_length': 35}
2025-10-01 15:42:51 | INFO | Calling SQLite insert_message() with:
2025-10-01 15:42:51 | INFO | message={'message': 'I just tried a trick! It was weird.', 'author': 'Charlie', 'timestamp': '2025-10-01 15:42:51', 'category': 'other', 'sentiment': 0.83, 'keyword_mentioned': 'other', 'message_length': 35}
2025-10-01 15:42:51 | INFO | db_path=WindowsPath('C:/Data_Projects/buzzline-05-strickland/data/buzz.sqlite')
2025-10-01 15:42:51 | INFO | Inserted one message into the database.
2025-10-01 15:42:56 | INFO | {'message': 'I just shared game! It was weird.', 'author': 'Bob', 'timestamp': '2025-10-01 15:42:56', 'category': 'gaming', 'sentiment': 0.55, 'keyword_mentioned': 'game', 'message_length': 33}
2025-10-01 15:42:56 | INFO | Called process_message() with:
2025-10-01 15:42:56 | INFO |    message={'message': 'I just shared game! It was weird.', 'author': 'Bob', 'timestamp': '2025-10-01 15:42:56', 'category': 'gaming', 'sentiment': 0.55, 'keyword_mentioned': 'game', 'message_length': 33}
2025-10-01 15:42:56 | INFO | Calling SQLite insert_message() with:
2025-10-01 15:42:56 | INFO | message={'message': 'I just shared game! It was weird.', 'author': 'Bob', 'timestamp': '2025-10-01 15:42:56', 'category': 'gaming', 'sentiment': 0.55, 'keyword_mentioned': 'game', 'message_length': 33}
2025-10-01 15:42:56 | INFO | db_path=WindowsPath('C:/Data_Projects/buzzline-05-strickland/data/buzz.sqlite')
2025-10-01 15:42:56 | INFO | Inserted one message into the database.
2025-10-01 15:43:01 | INFO | {'message': 'I just shared a movie! It was boring.', 'author': 'Bob', 'timestamp': '2025-10-01 15:43:01', 'category': 'entertainment', 'sentiment': 0.34, 'keyword_mentioned': 'movie', 'message_length': 37}
2025-10-01 15:43:01 | INFO | Called process_message() with:
2025-10-01 15:43:01 | INFO |    message={'message': 'I just shared a movie! It was boring.', 'author': 'Bob', 'timestamp': '2025-10-01 15:43:01', 'category': 'entertainment', 'sentiment': 0.34, 'keyword_mentioned': 'movie', 'message_length': 37}
2025-10-01 15:43:01 | INFO | Calling SQLite insert_message() with:
2025-10-01 15:43:01 | INFO | message={'message': 'I just shared a movie! It was boring.', 'author': 'Bob', 'timestamp': '2025-10-01 15:43:01', 'category': 'entertainment', 'sentiment': 0.34, 'keyword_mentioned': 'movie', 'message_length': 37}
2025-10-01 15:43:01 | INFO | db_path=WindowsPath('C:/Data_Projects/buzzline-05-strickland/data/buzz.sqlite')
2025-10-01 15:43:01 | INFO | Inserted one message into the database.
2025-10-01 15:43:06 | INFO | {'message': 'I just saw recipe! It was funny.', 'author': 'Eve', 'timestamp': '2025-10-01 15:43:06', 'category': 'food', 'sentiment': 0.48, 'keyword_mentioned': 'recipe', 'message_length': 32}
2025-10-01 15:43:06 | INFO | Called process_message() with:
2025-10-01 15:43:06 | INFO |    message={'message': 'I just saw recipe! It was funny.', 'author': 'Eve', 'timestamp': '2025-10-01 15:43:06', 'category': 'food', 'sentiment': 0.48, 'keyword_mentioned': 'recipe', 'message_length': 32}
2025-10-01 15:43:06 | INFO | Calling SQLite insert_message() with:
2025-10-01 15:43:06 | INFO | message={'message': 'I just saw recipe! It was funny.', 'author': 'Eve', 'timestamp': '2025-10-01 15:43:06', 'category': 'food', 'sentiment': 0.48, 'keyword_mentioned': 'recipe', 'message_length': 32}
2025-10-01 15:43:06 | INFO | db_path=WindowsPath('C:/Data_Projects/buzzline-05-strickland/data/buzz.sqlite')
2025-10-01 15:43:06 | INFO | Inserted one message into the database.
2025-10-01 15:43:11 | INFO | {'message': 'I just loved Python! It was weird.', 'author': 'Eve', 'timestamp': '2025-10-01 15:43:11', 'category': 'tech', 'sentiment': 0.82, 'keyword_mentioned': 'Python', 'message_length': 34}
2025-10-01 15:43:11 | INFO | Called process_message() with:
2025-10-01 15:43:11 | INFO |    message={'message': 'I just loved Python! It was weird.', 'author': 'Eve', 'timestamp': '2025-10-01 15:43:11', 'category': 'tech', 'sentiment': 0.82, 'keyword_mentioned': 'Python', 'message_length': 34}
2025-10-01 15:43:11 | INFO | Calling SQLite insert_message() with:
2025-10-01 15:43:11 | INFO | message={'message': 'I just loved Python! It was weird.', 'author': 'Eve', 'timestamp': '2025-10-01 15:43:11', 'category': 'tech', 'sentiment': 0.82, 'keyword_mentioned': 'Python', 'message_length': 34}
2025-10-01 15:43:11 | INFO | db_path=WindowsPath('C:/Data_Projects/buzzline-05-strickland/data/buzz.sqlite')
2025-10-01 15:43:11 | INFO | Inserted one message into the database.
2025-10-01 15:43:16 | INFO | {'message': 'I just shared a movie! It was amazing.', 'author': 'Alice', 'timestamp': '2025-10-01 15:43:16', 'category': 'entertainment', 'sentiment': 0.98, 'keyword_mentioned': 'movie', 'message_length': 38}
2025-10-01 15:43:16 | INFO | Called process_message() with:
2025-10-01 15:43:16 | INFO |    message={'message': 'I just shared a movie! It was amazing.', 'author': 'Alice', 'timestamp': '2025-10-01 15:43:16', 'category': 'entertainment', 'sentiment': 0.98, 'keyword_mentioned': 'movie', 'message_length': 38}
2025-10-01 15:43:16 | INFO | Calling SQLite insert_message() with:
2025-10-01 15:43:16 | INFO | message={'message': 'I just shared a movie! It was amazing.', 'author': 'Alice', 'timestamp': '2025-10-01 15:43:16', 'category': 'entertainment', 'sentiment': 0.98, 'keyword_mentioned': 'movie', 'message_length': 38}
2025-10-01 15:43:16 | INFO | db_path=WindowsPath('C:/Data_Projects/buzzline-05-strickland/data/buzz.sqlite')
2025-10-01 15:43:16 | INFO | Inserted one message into the database.
2025-10-01 15:43:21 | INFO | {'message': 'I just found a meme! It was weird.', 'author': 'Bob', 'timestamp': '2025-10-01 15:43:21', 'category': 'humor', 'sentiment': 0.17, 'keyword_mentioned': 'meme', 'message_length': 34}
2025-10-01 15:43:21 | INFO | Called process_message() with:
2025-10-01 15:43:21 | INFO |    message={'message': 'I just found a meme! It was weird.', 'author': 'Bob', 'timestamp': '2025-10-01 15:43:21', 'category': 'humor', 'sentiment': 0.17, 'keyword_mentioned': 'meme', 'message_length': 34}
2025-10-01 15:43:21 | INFO | Calling SQLite insert_message() with:
2025-10-01 15:43:21 | INFO | message={'message': 'I just found a meme! It was weird.', 'author': 'Bob', 'timestamp': '2025-10-01 15:43:21', 'category': 'humor', 'sentiment': 0.17, 'keyword_mentioned': 'meme', 'message_length': 34}
2025-10-01 15:43:21 | INFO | db_path=WindowsPath('C:/Data_Projects/buzzline-05-strickland/data/buzz.sqlite')
2025-10-01 15:43:21 | INFO | Inserted one message into the database.
2025-10-01 15:43:26 | INFO | {'message': 'I just tried a trick! It was amazing.', 'author': 'Bob', 'timestamp': '2025-10-01 15:43:26', 'category': 'other', 'sentiment': 0.61, 'keyword_mentioned': 'other', 'message_length': 37}
2025-10-01 15:43:26 | INFO | Called process_message() with:
2025-10-01 15:43:26 | INFO |    message={'message': 'I just tried a trick! It was amazing.', 'author': 'Bob', 'timestamp': '2025-10-01 15:43:26', 'category': 'other', 'sentiment': 0.61, 'keyword_mentioned': 'other', 'message_length': 37}
2025-10-01 15:43:26 | INFO | Calling SQLite insert_message() with:
2025-10-01 15:43:26 | INFO | message={'message': 'I just tried a trick! It was amazing.', 'author': 'Bob', 'timestamp': '2025-10-01 15:43:26', 'category': 'other', 'sentiment': 0.61, 'keyword_mentioned': 'other', 'message_length': 37}
2025-10-01 15:43:26 | INFO | db_path=WindowsPath('C:/Data_Projects/buzzline-05-strickland/data/buzz.sqlite')
2025-10-01 15:43:26 | INFO | Inserted one message into the database.
2025-10-01 15:43:31 | INFO | {'message': 'I just tried travel! It was exciting.', 'author': 'Charlie', 'timestamp': '2025-10-01 15:43:31', 'category': 'travel', 'sentiment': 0.05, 'keyword_mentioned': 'travel', 'message_length': 37}
2025-10-01 15:43:31 | INFO | Called process_message() with:
2025-10-01 15:43:31 | INFO |    message={'message': 'I just tried travel! It was exciting.', 'author': 'Charlie', 'timestamp': '2025-10-01 15:43:31', 'category': 'travel', 'sentiment': 0.05, 'keyword_mentioned': 'travel', 'message_length': 37}
2025-10-01 15:43:31 | INFO | Calling SQLite insert_message() with:
2025-10-01 15:43:31 | INFO | message={'message': 'I just tried travel! It was exciting.', 'author': 'Charlie', 'timestamp': '2025-10-01 15:43:31', 'category': 'travel', 'sentiment': 0.05, 'keyword_mentioned': 'travel', 'message_length': 37}
2025-10-01 15:43:31 | INFO | db_path=WindowsPath('C:/Data_Projects/buzzline-05-strickland/data/buzz.sqlite')
2025-10-01 15:43:31 | INFO | Inserted one message into the database.
2025-10-01 15:43:36 | INFO | {'message': 'I just tried recipe! It was weird.', 'author': 'Eve', 'timestamp': '2025-10-01 15:43:36', 'category': 'food', 'sentiment': 0.76, 'keyword_mentioned': 'recipe', 'message_length': 34}
2025-10-01 15:43:36 | INFO | Called process_message() with:
2025-10-01 15:43:36 | INFO |    message={'message': 'I just tried recipe! It was weird.', 'author': 'Eve', 'timestamp': '2025-10-01 15:43:36', 'category': 'food', 'sentiment': 0.76, 'keyword_mentioned': 'recipe', 'message_length': 34}
2025-10-01 15:43:36 | INFO | Calling SQLite insert_message() with:
2025-10-01 15:43:36 | INFO | message={'message': 'I just tried recipe! It was weird.', 'author': 'Eve', 'timestamp': '2025-10-01 15:43:36', 'category': 'food', 'sentiment': 0.76, 'keyword_mentioned': 'recipe', 'message_length': 34}
2025-10-01 15:43:36 | INFO | db_path=WindowsPath('C:/Data_Projects/buzzline-05-strickland/data/buzz.sqlite')
2025-10-01 15:43:36 | INFO | Inserted one message into the database.
2025-10-01 15:43:41 | INFO | {'message': 'I just found game! It was funny.', 'author': 'Charlie', 'timestamp': '2025-10-01 15:43:41', 'category': 'gaming', 'sentiment': 0.0, 'keyword_mentioned': 'game', 'message_length': 32}
2025-10-01 15:43:41 | INFO | Called process_message() with:
2025-10-01 15:43:41 | INFO |    message={'message': 'I just found game! It was funny.', 'author': 'Charlie', 'timestamp': '2025-10-01 15:43:41', 'category': 'gaming', 'sentiment': 0.0, 'keyword_mentioned': 'game', 'message_length': 32}
2025-10-01 15:43:41 | INFO | Calling SQLite insert_message() with:
2025-10-01 15:43:41 | INFO | message={'message': 'I just found game! It was funny.', 'author': 'Charlie', 'timestamp': '2025-10-01 15:43:41', 'category': 'gaming', 'sentiment': 0.0, 'keyword_mentioned': 'game', 'message_length': 32}
2025-10-01 15:43:41 | INFO | db_path=WindowsPath('C:/Data_Projects/buzzline-05-strickland/data/buzz.sqlite')
2025-10-01 15:43:41 | INFO | Inserted one message into the database.
2025-10-01 15:43:46 | INFO | {'message': 'I just saw Python! It was boring.', 'author': 'Bob', 'timestamp': '2025-10-01 15:43:46', 'category': 'tech', 'sentiment': 0.34, 'keyword_mentioned': 'Python', 'message_length': 33}
2025-10-01 15:43:46 | INFO | Called process_message() with:
2025-10-01 15:43:46 | INFO |    message={'message': 'I just saw Python! It was boring.', 'author': 'Bob', 'timestamp': '2025-10-01 15:43:46', 'category': 'tech', 'sentiment': 0.34, 'keyword_mentioned': 'Python', 'message_length': 33}
2025-10-01 15:43:46 | INFO | Calling SQLite insert_message() with:
2025-10-01 15:43:46 | INFO | message={'message': 'I just saw Python! It was boring.', 'author': 'Bob', 'timestamp': '2025-10-01 15:43:46', 'category': 'tech', 'sentiment': 0.34, 'keyword_mentioned': 'Python', 'message_length': 33}
2025-10-01 15:43:46 | INFO | db_path=WindowsPath('C:/Data_Projects/buzzline-05-strickland/data/buzz.sqlite')
2025-10-01 15:43:46 | INFO | Inserted one message into the database.
2025-10-01 15:43:51 | INFO | {'message': 'I just tried a story! It was funny.', 'author': 'Alice', 'timestamp': '2025-10-01 15:43:51', 'category': 'other', 'sentiment': 0.55, 'keyword_mentioned': 'other', 'message_length': 35}
2025-10-01 15:43:51 | INFO | Called process_message() with:
2025-10-01 15:43:51 | INFO |    message={'message': 'I just tried a story! It was funny.', 'author': 'Alice', 'timestamp': '2025-10-01 15:43:51', 'category': 'other', 'sentiment': 0.55, 'keyword_mentioned': 'other', 'message_length': 35}
2025-10-01 15:43:51 | INFO | Calling SQLite insert_message() with:
2025-10-01 15:43:51 | INFO | message={'message': 'I just tried a story! It was funny.', 'author': 'Alice', 'timestamp': '2025-10-01 15:43:51', 'category': 'other', 'sentiment': 0.55, 'keyword_mentioned': 'other', 'message_length': 35}
2025-10-01 15:43:51 | INFO | db_path=WindowsPath('C:/Data_Projects/buzzline-05-strickland/data/buzz.sqlite')
2025-10-01 15:43:51 | INFO | Inserted one message into the database.
2025-10-01 15:43:56 | INFO | {'message': 'I just shared a trick! It was boring.', 'author': 'Eve', 'timestamp': '2025-10-01 15:43:56', 'category': 'other', 'sentiment': 0.24, 'keyword_mentioned': 'other', 'message_length': 37}
2025-10-01 15:43:56 | INFO | Called process_message() with:
2025-10-01 15:43:56 | INFO |    message={'message': 'I just shared a trick! It was boring.', 'author': 'Eve', 'timestamp': '2025-10-01 15:43:56', 'category': 'other', 'sentiment': 0.24, 'keyword_mentioned': 'other', 'message_length': 37}
2025-10-01 15:43:56 | INFO | Calling SQLite insert_message() with:
2025-10-01 15:43:56 | INFO | message={'message': 'I just shared a trick! It was boring.', 'author': 'Eve', 'timestamp': '2025-10-01 15:43:56', 'category': 'other', 'sentiment': 0.24, 'keyword_mentioned': 'other', 'message_length': 37}
2025-10-01 15:43:56 | INFO | db_path=WindowsPath('C:/Data_Projects/buzzline-05-strickland/data/buzz.sqlite')
2025-10-01 15:43:56 | INFO | Inserted one message into the database.
2025-10-01 15:44:01 | INFO | {'message': 'I just shared a story! It was amazing.', 'author': 'Alice', 'timestamp': '2025-10-01 15:44:01', 'category': 'other', 'sentiment': 0.72, 'keyword_mentioned': 'other', 'message_length': 38}
2025-10-01 15:44:01 | INFO | Called process_message() with:
2025-10-01 15:44:01 | INFO |    message={'message': 'I just shared a story! It was amazing.', 'author': 'Alice', 'timestamp': '2025-10-01 15:44:01', 'category': 'other', 'sentiment': 0.72, 'keyword_mentioned': 'other', 'message_length': 38}
2025-10-01 15:44:01 | INFO | Calling SQLite insert_message() with:
2025-10-01 15:44:01 | INFO | message={'message': 'I just shared a story! It was amazing.', 'author': 'Alice', 'timestamp': '2025-10-01 15:44:01', 'category': 'other', 'sentiment': 0.72, 'keyword_mentioned': 'other', 'message_length': 38}
2025-10-01 15:44:01 | INFO | db_path=WindowsPath('C:/Data_Projects/buzzline-05-strickland/data/buzz.sqlite')
2025-10-01 15:44:01 | INFO | Inserted one message into the database.
2025-10-01 15:44:06 | INFO | {'message': 'I just shared a meme! It was boring.', 'author': 'Charlie', 'timestamp': '2025-10-01 15:44:06', 'category': 'humor', 'sentiment': 0.35, 'keyword_mentioned': 'meme', 'message_length': 36}
2025-10-01 15:44:06 | INFO | Called process_message() with:
2025-10-01 15:44:06 | INFO |    message={'message': 'I just shared a meme! It was boring.', 'author': 'Charlie', 'timestamp': '2025-10-01 15:44:06', 'category': 'humor', 'sentiment': 0.35, 'keyword_mentioned': 'meme', 'message_length': 36}
2025-10-01 15:44:06 | INFO | Calling SQLite insert_message() with:
2025-10-01 15:44:06 | INFO | message={'message': 'I just shared a meme! It was boring.', 'author': 'Charlie', 'timestamp': '2025-10-01 15:44:06', 'category': 'humor', 'sentiment': 0.35, 'keyword_mentioned': 'meme', 'message_length': 36}
2025-10-01 15:44:06 | INFO | db_path=WindowsPath('C:/Data_Projects/buzzline-05-strickland/data/buzz.sqlite')
2025-10-01 15:44:06 | INFO | Inserted one message into the database.
2025-10-01 15:44:11 | INFO | {'message': 'I just saw a trick! It was weird.', 'author': 'Eve', 'timestamp': '2025-10-01 15:44:11', 'category': 'other', 'sentiment': 0.07, 'keyword_mentioned': 'other', 'message_length': 33}
2025-10-01 15:44:11 | INFO | Called process_message() with:
2025-10-01 15:44:11 | INFO |    message={'message': 'I just saw a trick! It was weird.', 'author': 'Eve', 'timestamp': '2025-10-01 15:44:11', 'category': 'other', 'sentiment': 0.07, 'keyword_mentioned': 'other', 'message_length': 33}
2025-10-01 15:44:11 | INFO | Calling SQLite insert_message() with:
2025-10-01 15:44:11 | INFO | message={'message': 'I just saw a trick! It was weird.', 'author': 'Eve', 'timestamp': '2025-10-01 15:44:11', 'category': 'other', 'sentiment': 0.07, 'keyword_mentioned': 'other', 'message_length': 33}
2025-10-01 15:44:11 | INFO | db_path=WindowsPath('C:/Data_Projects/buzzline-05-strickland/data/buzz.sqlite')
2025-10-01 15:44:11 | INFO | Inserted one message into the database.
2025-10-01 15:44:16 | INFO | {'message': 'I just loved a story! It was amazing.', 'author': 'Eve', 'timestamp': '2025-10-01 15:44:16', 'category': 'other', 'sentiment': 0.47, 'keyword_mentioned': 'other', 'message_length': 37}
2025-10-01 15:44:16 | INFO | Called process_message() with:
2025-10-01 15:44:16 | INFO |    message={'message': 'I just loved a story! It was amazing.', 'author': 'Eve', 'timestamp': '2025-10-01 15:44:16', 'category': 'other', 'sentiment': 0.47, 'keyword_mentioned': 'other', 'message_length': 37}
2025-10-01 15:44:16 | INFO | Calling SQLite insert_message() with:
2025-10-01 15:44:16 | INFO | message={'message': 'I just loved a story! It was amazing.', 'author': 'Eve', 'timestamp': '2025-10-01 15:44:16', 'category': 'other', 'sentiment': 0.47, 'keyword_mentioned': 'other', 'message_length': 37}
2025-10-01 15:44:16 | INFO | db_path=WindowsPath('C:/Data_Projects/buzzline-05-strickland/data/buzz.sqlite')
2025-10-01 15:44:16 | INFO | Inserted one message into the database.
2025-10-01 15:44:21 | INFO | {'message': 'I just loved a meme! It was weird.', 'author': 'Bob', 'timestamp': '2025-10-01 15:44:21', 'category': 'humor', 'sentiment': 0.45, 'keyword_mentioned': 'meme', 'message_length': 34}
2025-10-01 15:44:21 | INFO | Called process_message() with:
2025-10-01 15:44:21 | INFO |    message={'message': 'I just loved a meme! It was weird.', 'author': 'Bob', 'timestamp': '2025-10-01 15:44:21', 'category': 'humor', 'sentiment': 0.45, 'keyword_mentioned': 'meme', 'message_length': 34}
2025-10-01 15:44:21 | INFO | Calling SQLite insert_message() with:
2025-10-01 15:44:21 | INFO | message={'message': 'I just loved a meme! It was weird.', 'author': 'Bob', 'timestamp': '2025-10-01 15:44:21', 'category': 'humor', 'sentiment': 0.45, 'keyword_mentioned': 'meme', 'message_length': 34}
2025-10-01 15:44:21 | INFO | db_path=WindowsPath('C:/Data_Projects/buzzline-05-strickland/data/buzz.sqlite')
2025-10-01 15:44:21 | INFO | Inserted one message into the database.
2025-10-01 15:44:26 | INFO | {'message': 'I just tried a story! It was boring.', 'author': 'Eve', 'timestamp': '2025-10-01 15:44:26', 'category': 'other', 'sentiment': 0.55, 'keyword_mentioned': 'other', 'message_length': 36}
2025-10-01 15:44:26 | INFO | Called process_message() with:
2025-10-01 15:44:26 | INFO |    message={'message': 'I just tried a story! It was boring.', 'author': 'Eve', 'timestamp': '2025-10-01 15:44:26', 'category': 'other', 'sentiment': 0.55, 'keyword_mentioned': 'other', 'message_length': 36}
2025-10-01 15:44:26 | INFO | Calling SQLite insert_message() with:
2025-10-01 15:44:26 | INFO | message={'message': 'I just tried a story! It was boring.', 'author': 'Eve', 'timestamp': '2025-10-01 15:44:26', 'category': 'other', 'sentiment': 0.55, 'keyword_mentioned': 'other', 'message_length': 36}
2025-10-01 15:44:26 | INFO | db_path=WindowsPath('C:/Data_Projects/buzzline-05-strickland/data/buzz.sqlite')
2025-10-01 15:44:26 | INFO | Inserted one message into the database.
2025-10-01 15:44:31 | INFO | {'message': 'I just found a meme! It was boring.', 'author': 'Alice', 'timestamp': '2025-10-01 15:44:31', 'category': 'humor', 'sentiment': 1.0, 'keyword_mentioned': 'meme', 'message_length': 35}
2025-10-01 15:44:31 | INFO | Called process_message() with:
2025-10-01 15:44:31 | INFO |    message={'message': 'I just found a meme! It was boring.', 'author': 'Alice', 'timestamp': '2025-10-01 15:44:31', 'category': 'humor', 'sentiment': 1.0, 'keyword_mentioned': 'meme', 'message_length': 35}
2025-10-01 15:44:31 | INFO | Calling SQLite insert_message() with:
2025-10-01 15:44:31 | INFO | message={'message': 'I just found a meme! It was boring.', 'author': 'Alice', 'timestamp': '2025-10-01 15:44:31', 'category': 'humor', 'sentiment': 1.0, 'keyword_mentioned': 'meme', 'message_length': 35}
2025-10-01 15:44:31 | INFO | db_path=WindowsPath('C:/Data_Projects/buzzline-05-strickland/data/buzz.sqlite')
2025-10-01 15:44:31 | INFO | Inserted one message into the database.
2025-10-01 15:44:36 | INFO | {'message': 'I just tried game! It was boring.', 'author': 'Bob', 'timestamp': '2025-10-01 15:44:36', 'category': 'gaming', 'sentiment': 0.19, 'keyword_mentioned': 'game', 'message_length': 33}
2025-10-01 15:44:36 | INFO | Called process_message() with:
2025-10-01 15:44:36 | INFO |    message={'message': 'I just tried game! It was boring.', 'author': 'Bob', 'timestamp': '2025-10-01 15:44:36', 'category': 'gaming', 'sentiment': 0.19, 'keyword_mentioned': 'game', 'message_length': 33}
2025-10-01 15:44:36 | INFO | Calling SQLite insert_message() with:
2025-10-01 15:44:36 | INFO | message={'message': 'I just tried game! It was boring.', 'author': 'Bob', 'timestamp': '2025-10-01 15:44:36', 'category': 'gaming', 'sentiment': 0.19, 'keyword_mentioned': 'game', 'message_length': 33}
2025-10-01 15:44:36 | INFO | db_path=WindowsPath('C:/Data_Projects/buzzline-05-strickland/data/buzz.sqlite')
2025-10-01 15:44:36 | INFO | Inserted one message into the database.
2025-10-01 15:44:41 | INFO | {'message': 'I just shared a meme! It was boring.', 'author': 'Alice', 'timestamp': '2025-10-01 15:44:41', 'category': 'humor', 'sentiment': 0.49, 'keyword_mentioned': 'meme', 'message_length': 36}
2025-10-01 15:44:41 | INFO | Called process_message() with:
2025-10-01 15:44:41 | INFO |    message={'message': 'I just shared a meme! It was boring.', 'author': 'Alice', 'timestamp': '2025-10-01 15:44:41', 'category': 'humor', 'sentiment': 0.49, 'keyword_mentioned': 'meme', 'message_length': 36}
2025-10-01 15:44:41 | INFO | Calling SQLite insert_message() with:
2025-10-01 15:44:41 | INFO | message={'message': 'I just shared a meme! It was boring.', 'author': 'Alice', 'timestamp': '2025-10-01 15:44:41', 'category': 'humor', 'sentiment': 0.49, 'keyword_mentioned': 'meme', 'message_length': 36}
2025-10-01 15:44:41 | INFO | db_path=WindowsPath('C:/Data_Projects/buzzline-05-strickland/data/buzz.sqlite')
2025-10-01 15:44:41 | INFO | Inserted one message into the database.
2025-10-01 15:44:46 | INFO | {'message': 'I just loved an app! It was amazing.', 'author': 'Alice', 'timestamp': '2025-10-01 15:44:46', 'category': 'other', 'sentiment': 0.19, 'keyword_mentioned': 'other', 'message_length': 36}
2025-10-01 15:44:46 | INFO | Called process_message() with:
2025-10-01 15:44:46 | INFO |    message={'message': 'I just loved an app! It was amazing.', 'author': 'Alice', 'timestamp': '2025-10-01 15:44:46', 'category': 'other', 'sentiment': 0.19, 'keyword_mentioned': 'other', 'message_length': 36}
2025-10-01 15:44:46 | INFO | Calling SQLite insert_message() with:
2025-10-01 15:44:46 | INFO | message={'message': 'I just loved an app! It was amazing.', 'author': 'Alice', 'timestamp': '2025-10-01 15:44:46', 'category': 'other', 'sentiment': 0.19, 'keyword_mentioned': 'other', 'message_length': 36}
2025-10-01 15:44:46 | INFO | db_path=WindowsPath('C:/Data_Projects/buzzline-05-strickland/data/buzz.sqlite')
2025-10-01 15:44:46 | INFO | Inserted one message into the database.
2025-10-01 15:44:51 | INFO | {'message': 'I just found an app! It was weird.', 'author': 'Eve', 'timestamp': '2025-10-01 15:44:51', 'category': 'other', 'sentiment': 0.9, 'keyword_mentioned': 'other', 'message_length': 34}
2025-10-01 15:44:51 | INFO | Called process_message() with:
2025-10-01 15:44:51 | INFO |    message={'message': 'I just found an app! It was weird.', 'author': 'Eve', 'timestamp': '2025-10-01 15:44:51', 'category': 'other', 'sentiment': 0.9, 'keyword_mentioned': 'other', 'message_length': 34}
2025-10-01 15:44:51 | INFO | Calling SQLite insert_message() with:
2025-10-01 15:44:51 | INFO | message={'message': 'I just found an app! It was weird.', 'author': 'Eve', 'timestamp': '2025-10-01 15:44:51', 'category': 'other', 'sentiment': 0.9, 'keyword_mentioned': 'other', 'message_length': 34}
2025-10-01 15:44:51 | INFO | db_path=WindowsPath('C:/Data_Projects/buzzline-05-strickland/data/buzz.sqlite')
2025-10-01 15:44:51 | INFO | Inserted one message into the database.
2025-10-01 15:44:56 | INFO | {'message': 'I just saw recipe! It was amazing.', 'author': 'Bob', 'timestamp': '2025-10-01 15:44:56', 'category': 'food', 'sentiment': 0.06, 'keyword_mentioned': 'recipe', 'message_length': 34}
2025-10-01 15:44:56 | INFO | Called process_message() with:
2025-10-01 15:44:56 | INFO |    message={'message': 'I just saw recipe! It was amazing.', 'author': 'Bob', 'timestamp': '2025-10-01 15:44:56', 'category': 'food', 'sentiment': 0.06, 'keyword_mentioned': 'recipe', 'message_length': 34}
2025-10-01 15:44:56 | INFO | Calling SQLite insert_message() with:
2025-10-01 15:44:56 | INFO | message={'message': 'I just saw recipe! It was amazing.', 'author': 'Bob', 'timestamp': '2025-10-01 15:44:56', 'category': 'food', 'sentiment': 0.06, 'keyword_mentioned': 'recipe', 'message_length': 34}
2025-10-01 15:44:56 | INFO | db_path=WindowsPath('C:/Data_Projects/buzzline-05-strickland/data/buzz.sqlite')
2025-10-01 15:44:56 | INFO | Inserted one message into the database.
2025-10-01 15:45:01 | INFO | {'message': 'I just saw a meme! It was boring.', 'author': 'Alice', 'timestamp': '2025-10-01 15:45:01', 'category': 'humor', 'sentiment': 0.46, 'keyword_mentioned': 'meme', 'message_length': 33}
2025-10-01 15:45:01 | INFO | Called process_message() with:
2025-10-01 15:45:01 | INFO |    message={'message': 'I just saw a meme! It was boring.', 'author': 'Alice', 'timestamp': '2025-10-01 15:45:01', 'category': 'humor', 'sentiment': 0.46, 'keyword_mentioned': 'meme', 'message_length': 33}
2025-10-01 15:45:01 | INFO | Calling SQLite insert_message() with:
2025-10-01 15:45:01 | INFO | message={'message': 'I just saw a meme! It was boring.', 'author': 'Alice', 'timestamp': '2025-10-01 15:45:01', 'category': 'humor', 'sentiment': 0.46, 'keyword_mentioned': 'meme', 'message_length': 33}
2025-10-01 15:45:01 | INFO | db_path=WindowsPath('C:/Data_Projects/buzzline-05-strickland/data/buzz.sqlite')
2025-10-01 15:45:01 | INFO | Inserted one message into the database.
2025-10-01 15:45:06 | INFO | {'message': 'I just found a movie! It was funny.', 'author': 'Eve', 'timestamp': '2025-10-01 15:45:06', 'category': 'entertainment', 'sentiment': 0.19, 'keyword_mentioned': 'movie', 'message_length': 35}
2025-10-01 15:45:06 | INFO | Called process_message() with:
2025-10-01 15:45:06 | INFO |    message={'message': 'I just found a movie! It was funny.', 'author': 'Eve', 'timestamp': '2025-10-01 15:45:06', 'category': 'entertainment', 'sentiment': 0.19, 'keyword_mentioned': 'movie', 'message_length': 35}
2025-10-01 15:45:06 | INFO | Calling SQLite insert_message() with:
2025-10-01 15:45:06 | INFO | message={'message': 'I just found a movie! It was funny.', 'author': 'Eve', 'timestamp': '2025-10-01 15:45:06', 'category': 'entertainment', 'sentiment': 0.19, 'keyword_mentioned': 'movie', 'message_length': 35}
2025-10-01 15:45:06 | INFO | db_path=WindowsPath('C:/Data_Projects/buzzline-05-strickland/data/buzz.sqlite')
2025-10-01 15:45:06 | INFO | Inserted one message into the database.
2025-10-01 15:45:11 | INFO | {'message': 'I just saw a movie! It was boring.', 'author': 'Bob', 'timestamp': '2025-10-01 15:45:11', 'category': 'entertainment', 'sentiment': 0.68, 'keyword_mentioned': 'movie', 'message_length': 34}
2025-10-01 15:45:11 | INFO | Called process_message() with:
2025-10-01 15:45:11 | INFO |    message={'message': 'I just saw a movie! It was boring.', 'author': 'Bob', 'timestamp': '2025-10-01 15:45:11', 'category': 'entertainment', 'sentiment': 0.68, 'keyword_mentioned': 'movie', 'message_length': 34}
2025-10-01 15:45:11 | INFO | Calling SQLite insert_message() with:
2025-10-01 15:45:11 | INFO | message={'message': 'I just saw a movie! It was boring.', 'author': 'Bob', 'timestamp': '2025-10-01 15:45:11', 'category': 'entertainment', 'sentiment': 0.68, 'keyword_mentioned': 'movie', 'message_length': 34}
2025-10-01 15:45:11 | INFO | db_path=WindowsPath('C:/Data_Projects/buzzline-05-strickland/data/buzz.sqlite')
2025-10-01 15:45:11 | INFO | Inserted one message into the database.
2025-10-01 15:45:16 | INFO | {'message': 'I just saw a meme! It was amazing.', 'author': 'Bob', 'timestamp': '2025-10-01 15:45:16', 'category': 'humor', 'sentiment': 0.34, 'keyword_mentioned': 'meme', 'message_length': 34}
2025-10-01 15:45:16 | INFO | Called process_message() with:
2025-10-01 15:45:16 | INFO |    message={'message': 'I just saw a meme! It was amazing.', 'author': 'Bob', 'timestamp': '2025-10-01 15:45:16', 'category': 'humor', 'sentiment': 0.34, 'keyword_mentioned': 'meme', 'message_length': 34}
2025-10-01 15:45:16 | INFO | Calling SQLite insert_message() with:
2025-10-01 15:45:16 | INFO | message={'message': 'I just saw a meme! It was amazing.', 'author': 'Bob', 'timestamp': '2025-10-01 15:45:16', 'category': 'humor', 'sentiment': 0.34, 'keyword_mentioned': 'meme', 'message_length': 34}
2025-10-01 15:45:16 | INFO | db_path=WindowsPath('C:/Data_Projects/buzzline-05-strickland/data/buzz.sqlite')
2025-10-01 15:45:16 | INFO | Inserted one message into the database.
2025-10-01 15:45:21 | INFO | {'message': 'I just shared JavaScript! It was funny.', 'author': 'Charlie', 'timestamp': '2025-10-01 15:45:21', 'category': 'tech', 'sentiment': 0.83, 'keyword_mentioned': 'JavaScript', 'message_length': 39}
2025-10-01 15:45:21 | INFO | Called process_message() with:
2025-10-01 15:45:21 | INFO |    message={'message': 'I just shared JavaScript! It was funny.', 'author': 'Charlie', 'timestamp': '2025-10-01 15:45:21', 'category': 'tech', 'sentiment': 0.83, 'keyword_mentioned': 'JavaScript', 'message_length': 39}
2025-10-01 15:45:21 | INFO | Calling SQLite insert_message() with:
2025-10-01 15:45:21 | INFO | message={'message': 'I just shared JavaScript! It was funny.', 'author': 'Charlie', 'timestamp': '2025-10-01 15:45:21', 'category': 'tech', 'sentiment': 0.83, 'keyword_mentioned': 'JavaScript', 'message_length': 39}
2025-10-01 15:45:21 | INFO | db_path=WindowsPath('C:/Data_Projects/buzzline-05-strickland/data/buzz.sqlite')
2025-10-01 15:45:21 | INFO | Inserted one message into the database.
2025-10-01 15:45:26 | INFO | {'message': 'I just loved recipe! It was funny.', 'author': 'Alice', 'timestamp': '2025-10-01 15:45:26', 'category': 'food', 'sentiment': 0.98, 'keyword_mentioned': 'recipe', 'message_length': 34}
2025-10-01 15:45:26 | INFO | Called process_message() with:
2025-10-01 15:45:26 | INFO |    message={'message': 'I just loved recipe! It was funny.', 'author': 'Alice', 'timestamp': '2025-10-01 15:45:26', 'category': 'food', 'sentiment': 0.98, 'keyword_mentioned': 'recipe', 'message_length': 34}
2025-10-01 15:45:26 | INFO | Calling SQLite insert_message() with:
2025-10-01 15:45:26 | INFO | message={'message': 'I just loved recipe! It was funny.', 'author': 'Alice', 'timestamp': '2025-10-01 15:45:26', 'category': 'food', 'sentiment': 0.98, 'keyword_mentioned': 'recipe', 'message_length': 34}
2025-10-01 15:45:26 | INFO | db_path=WindowsPath('C:/Data_Projects/buzzline-05-strickland/data/buzz.sqlite')
2025-10-01 15:45:26 | INFO | Inserted one message into the database.
2025-10-01 15:45:31 | INFO | {'message': 'I just loved Python! It was exciting.', 'author': 'Charlie', 'timestamp': '2025-10-01 15:45:31', 'category': 'tech', 'sentiment': 0.23, 'keyword_mentioned': 'Python', 'message_length': 37}
2025-10-01 15:45:31 | INFO | Called process_message() with:
2025-10-01 15:45:31 | INFO |    message={'message': 'I just loved Python! It was exciting.', 'author': 'Charlie', 'timestamp': '2025-10-01 15:45:31', 'category': 'tech', 'sentiment': 0.23, 'keyword_mentioned': 'Python', 'message_length': 37}
2025-10-01 15:45:31 | INFO | Calling SQLite insert_message() with:
2025-10-01 15:45:31 | INFO | message={'message': 'I just loved Python! It was exciting.', 'author': 'Charlie', 'timestamp': '2025-10-01 15:45:31', 'category': 'tech', 'sentiment': 0.23, 'keyword_mentioned': 'Python', 'message_length': 37}
2025-10-01 15:45:31 | INFO | db_path=WindowsPath('C:/Data_Projects/buzzline-05-strickland/data/buzz.sqlite')
2025-10-01 15:45:31 | INFO | Inserted one message into the database.
2025-10-01 15:45:36 | INFO | {'message': 'I just saw a movie! It was funny.', 'author': 'Bob', 'timestamp': '2025-10-01 15:45:36', 'category': 'entertainment', 'sentiment': 0.64, 'keyword_mentioned': 'movie', 'message_length': 33}
2025-10-01 15:45:36 | INFO | Called process_message() with:
2025-10-01 15:45:36 | INFO |    message={'message': 'I just saw a movie! It was funny.', 'author': 'Bob', 'timestamp': '2025-10-01 15:45:36', 'category': 'entertainment', 'sentiment': 0.64, 'keyword_mentioned': 'movie', 'message_length': 33}
2025-10-01 15:45:36 | INFO | Calling SQLite insert_message() with:
2025-10-01 15:45:36 | INFO | message={'message': 'I just saw a movie! It was funny.', 'author': 'Bob', 'timestamp': '2025-10-01 15:45:36', 'category': 'entertainment', 'sentiment': 0.64, 'keyword_mentioned': 'movie', 'message_length': 33}
2025-10-01 15:45:36 | INFO | db_path=WindowsPath('C:/Data_Projects/buzzline-05-strickland/data/buzz.sqlite')
2025-10-01 15:45:36 | INFO | Inserted one message into the database.
2025-10-01 15:45:41 | INFO | {'message': 'I just found game! It was weird.', 'author': 'Eve', 'timestamp': '2025-10-01 15:45:41', 'category': 'gaming', 'sentiment': 0.26, 'keyword_mentioned': 'game', 'message_length': 32}
2025-10-01 15:45:41 | INFO | Called process_message() with:
2025-10-01 15:45:41 | INFO |    message={'message': 'I just found game! It was weird.', 'author': 'Eve', 'timestamp': '2025-10-01 15:45:41', 'category': 'gaming', 'sentiment': 0.26, 'keyword_mentioned': 'game', 'message_length': 32}
2025-10-01 15:45:41 | INFO | Calling SQLite insert_message() with:
2025-10-01 15:45:41 | INFO | message={'message': 'I just found game! It was weird.', 'author': 'Eve', 'timestamp': '2025-10-01 15:45:41', 'category': 'gaming', 'sentiment': 0.26, 'keyword_mentioned': 'game', 'message_length': 32}
2025-10-01 15:45:41 | INFO | db_path=WindowsPath('C:/Data_Projects/buzzline-05-strickland/data/buzz.sqlite')
2025-10-01 15:45:41 | INFO | Inserted one message into the database.
2025-10-01 15:45:46 | INFO | {'message': 'I just tried a trick! It was boring.', 'author': 'Eve', 'timestamp': '2025-10-01 15:45:46', 'category': 'other', 'sentiment': 0.6, 'keyword_mentioned': 'other', 'message_length': 36}
2025-10-01 15:45:46 | INFO | Called process_message() with:
2025-10-01 15:45:46 | INFO |    message={'message': 'I just tried a trick! It was boring.', 'author': 'Eve', 'timestamp': '2025-10-01 15:45:46', 'category': 'other', 'sentiment': 0.6, 'keyword_mentioned': 'other', 'message_length': 36}
2025-10-01 15:45:46 | INFO | Calling SQLite insert_message() with:
2025-10-01 15:45:46 | INFO | message={'message': 'I just tried a trick! It was boring.', 'author': 'Eve', 'timestamp': '2025-10-01 15:45:46', 'category': 'other', 'sentiment': 0.6, 'keyword_mentioned': 'other', 'message_length': 36}
2025-10-01 15:45:46 | INFO | db_path=WindowsPath('C:/Data_Projects/buzzline-05-strickland/data/buzz.sqlite')
2025-10-01 15:45:46 | INFO | Inserted one message into the database.
2025-10-01 15:45:51 | INFO | {'message': 'I just loved Python! It was weird.', 'author': 'Alice', 'timestamp': '2025-10-01 15:45:51', 'category': 'tech', 'sentiment': 0.82, 'keyword_mentioned': 'Python', 'message_length': 34}
2025-10-01 15:45:51 | INFO | Called process_message() with:
2025-10-01 15:45:51 | INFO |    message={'message': 'I just loved Python! It was weird.', 'author': 'Alice', 'timestamp': '2025-10-01 15:45:51', 'category': 'tech', 'sentiment': 0.82, 'keyword_mentioned': 'Python', 'message_length': 34}
2025-10-01 15:45:51 | INFO | Calling SQLite insert_message() with:
2025-10-01 15:45:51 | INFO | message={'message': 'I just loved Python! It was weird.', 'author': 'Alice', 'timestamp': '2025-10-01 15:45:51', 'category': 'tech', 'sentiment': 0.82, 'keyword_mentioned': 'Python', 'message_length': 34}
2025-10-01 15:45:51 | INFO | db_path=WindowsPath('C:/Data_Projects/buzzline-05-strickland/data/buzz.sqlite')
2025-10-01 15:45:51 | INFO | Inserted one message into the database.
2025-10-01 15:45:56 | INFO | {'message': 'I just loved Python! It was weird.', 'author': 'Alice', 'timestamp': '2025-10-01 15:45:56', 'category': 'tech', 'sentiment': 0.47, 'keyword_mentioned': 'Python', 'message_length': 34}
2025-10-01 15:45:56 | INFO | Called process_message() with:
2025-10-01 15:45:56 | INFO |    message={'message': 'I just loved Python! It was weird.', 'author': 'Alice', 'timestamp': '2025-10-01 15:45:56', 'category': 'tech', 'sentiment': 0.47, 'keyword_mentioned': 'Python', 'message_length': 34}
2025-10-01 15:45:56 | INFO | Calling SQLite insert_message() with:
2025-10-01 15:45:56 | INFO | message={'message': 'I just loved Python! It was weird.', 'author': 'Alice', 'timestamp': '2025-10-01 15:45:56', 'category': 'tech', 'sentiment': 0.47, 'keyword_mentioned': 'Python', 'message_length': 34}
2025-10-01 15:45:56 | INFO | db_path=WindowsPath('C:/Data_Projects/buzzline-05-strickland/data/buzz.sqlite')
2025-10-01 15:45:56 | INFO | Inserted one message into the database.
2025-10-01 15:46:01 | INFO | {'message': 'I just shared Python! It was funny.', 'author': 'Bob', 'timestamp': '2025-10-01 15:46:01', 'category': 'tech', 'sentiment': 0.17, 'keyword_mentioned': 'Python', 'message_length': 35}
2025-10-01 15:46:01 | INFO | Called process_message() with:
2025-10-01 15:46:01 | INFO |    message={'message': 'I just shared Python! It was funny.', 'author': 'Bob', 'timestamp': '2025-10-01 15:46:01', 'category': 'tech', 'sentiment': 0.17, 'keyword_mentioned': 'Python', 'message_length': 35}
2025-10-01 15:46:01 | INFO | Calling SQLite insert_message() with:
2025-10-01 15:46:01 | INFO | message={'message': 'I just shared Python! It was funny.', 'author': 'Bob', 'timestamp': '2025-10-01 15:46:01', 'category': 'tech', 'sentiment': 0.17, 'keyword_mentioned': 'Python', 'message_length': 35}
2025-10-01 15:46:01 | INFO | db_path=WindowsPath('C:/Data_Projects/buzzline-05-strickland/data/buzz.sqlite')
2025-10-01 15:46:01 | INFO | Inserted one message into the database.
2025-10-01 15:46:06 | INFO | {'message': 'I just found Python! It was funny.', 'author': 'Bob', 'timestamp': '2025-10-01 15:46:06', 'category': 'tech', 'sentiment': 0.76, 'keyword_mentioned': 'Python', 'message_length': 34}
2025-10-01 15:46:06 | INFO | Called process_message() with:
2025-10-01 15:46:06 | INFO |    message={'message': 'I just found Python! It was funny.', 'author': 'Bob', 'timestamp': '2025-10-01 15:46:06', 'category': 'tech', 'sentiment': 0.76, 'keyword_mentioned': 'Python', 'message_length': 34}
2025-10-01 15:46:06 | INFO | Calling SQLite insert_message() with:
2025-10-01 15:46:06 | INFO | message={'message': 'I just found Python! It was funny.', 'author': 'Bob', 'timestamp': '2025-10-01 15:46:06', 'category': 'tech', 'sentiment': 0.76, 'keyword_mentioned': 'Python', 'message_length': 34}
2025-10-01 15:46:06 | INFO | db_path=WindowsPath('C:/Data_Projects/buzzline-05-strickland/data/buzz.sqlite')
2025-10-01 15:46:06 | INFO | Inserted one message into the database.
2025-10-01 15:46:11 | INFO | {'message': 'I just saw a movie! It was boring.', 'author': 'Eve', 'timestamp': '2025-10-01 15:46:11', 'category': 'entertainment', 'sentiment': 0.53, 'keyword_mentioned': 'movie', 'message_length': 34}
2025-10-01 15:46:11 | INFO | Called process_message() with:
2025-10-01 15:46:11 | INFO |    message={'message': 'I just saw a movie! It was boring.', 'author': 'Eve', 'timestamp': '2025-10-01 15:46:11', 'category': 'entertainment', 'sentiment': 0.53, 'keyword_mentioned': 'movie', 'message_length': 34}
2025-10-01 15:46:11 | INFO | Calling SQLite insert_message() with:
2025-10-01 15:46:11 | INFO | message={'message': 'I just saw a movie! It was boring.', 'author': 'Eve', 'timestamp': '2025-10-01 15:46:11', 'category': 'entertainment', 'sentiment': 0.53, 'keyword_mentioned': 'movie', 'message_length': 34}
2025-10-01 15:46:11 | INFO | db_path=WindowsPath('C:/Data_Projects/buzzline-05-strickland/data/buzz.sqlite')
2025-10-01 15:46:11 | INFO | Inserted one message into the database.
2025-10-01 15:46:16 | INFO | {'message': 'I just shared a movie! It was funny.', 'author': 'Eve', 'timestamp': '2025-10-01 15:46:16', 'category': 'entertainment', 'sentiment': 0.15, 'keyword_mentioned': 'movie', 'message_length': 36}
2025-10-01 15:46:16 | INFO | Called process_message() with:
2025-10-01 15:46:16 | INFO |    message={'message': 'I just shared a movie! It was funny.', 'author': 'Eve', 'timestamp': '2025-10-01 15:46:16', 'category': 'entertainment', 'sentiment': 0.15, 'keyword_mentioned': 'movie', 'message_length': 36}
2025-10-01 15:46:16 | INFO | Calling SQLite insert_message() with:
2025-10-01 15:46:16 | INFO | message={'message': 'I just shared a movie! It was funny.', 'author': 'Eve', 'timestamp': '2025-10-01 15:46:16', 'category': 'entertainment', 'sentiment': 0.15, 'keyword_mentioned': 'movie', 'message_length': 36}
2025-10-01 15:46:16 | INFO | db_path=WindowsPath('C:/Data_Projects/buzzline-05-strickland/data/buzz.sqlite')
2025-10-01 15:46:16 | INFO | Inserted one message into the database.
2025-10-01 15:46:21 | INFO | {'message': 'I just loved a trick! It was funny.', 'author': 'Alice', 'timestamp': '2025-10-01 15:46:21', 'category': 'other', 'sentiment': 0.67, 'keyword_mentioned': 'other', 'message_length': 35}
2025-10-01 15:46:21 | INFO | Called process_message() with:
2025-10-01 15:46:21 | INFO |    message={'message': 'I just loved a trick! It was funny.', 'author': 'Alice', 'timestamp': '2025-10-01 15:46:21', 'category': 'other', 'sentiment': 0.67, 'keyword_mentioned': 'other', 'message_length': 35}
2025-10-01 15:46:21 | INFO | Calling SQLite insert_message() with:
2025-10-01 15:46:21 | INFO | message={'message': 'I just loved a trick! It was funny.', 'author': 'Alice', 'timestamp': '2025-10-01 15:46:21', 'category': 'other', 'sentiment': 0.67, 'keyword_mentioned': 'other', 'message_length': 35}
2025-10-01 15:46:21 | INFO | db_path=WindowsPath('C:/Data_Projects/buzzline-05-strickland/data/buzz.sqlite')
2025-10-01 15:46:21 | INFO | Inserted one message into the database.
2025-10-01 15:46:26 | INFO | {'message': 'I just saw Python! It was funny.', 'author': 'Bob', 'timestamp': '2025-10-01 15:46:26', 'category': 'tech', 'sentiment': 0.05, 'keyword_mentioned': 'Python', 'message_length': 32}
2025-10-01 15:46:26 | INFO | Called process_message() with:
2025-10-01 15:46:26 | INFO |    message={'message': 'I just saw Python! It was funny.', 'author': 'Bob', 'timestamp': '2025-10-01 15:46:26', 'category': 'tech', 'sentiment': 0.05, 'keyword_mentioned': 'Python', 'message_length': 32}
2025-10-01 15:46:26 | INFO | Calling SQLite insert_message() with:
2025-10-01 15:46:26 | INFO | message={'message': 'I just saw Python! It was funny.', 'author': 'Bob', 'timestamp': '2025-10-01 15:46:26', 'category': 'tech', 'sentiment': 0.05, 'keyword_mentioned': 'Python', 'message_length': 32}
2025-10-01 15:46:26 | INFO | db_path=WindowsPath('C:/Data_Projects/buzzline-05-strickland/data/buzz.sqlite')
2025-10-01 15:46:26 | INFO | Inserted one message into the database.
2025-10-01 15:46:31 | INFO | {'message': 'I just found recipe! It was amazing.', 'author': 'Alice', 'timestamp': '2025-10-01 15:46:31', 'category': 'food', 'sentiment': 0.03, 'keyword_mentioned': 'recipe', 'message_length': 36}
2025-10-01 15:46:31 | INFO | Called process_message() with:
2025-10-01 15:46:31 | INFO |    message={'message': 'I just found recipe! It was amazing.', 'author': 'Alice', 'timestamp': '2025-10-01 15:46:31', 'category': 'food', 'sentiment': 0.03, 'keyword_mentioned': 'recipe', 'message_length': 36}
2025-10-01 15:46:31 | INFO | Calling SQLite insert_message() with:
2025-10-01 15:46:31 | INFO | message={'message': 'I just found recipe! It was amazing.', 'author': 'Alice', 'timestamp': '2025-10-01 15:46:31', 'category': 'food', 'sentiment': 0.03, 'keyword_mentioned': 'recipe', 'message_length': 36}
2025-10-01 15:46:31 | INFO | db_path=WindowsPath('C:/Data_Projects/buzzline-05-strickland/data/buzz.sqlite')
2025-10-01 15:46:31 | INFO | Inserted one message into the database.
2025-10-01 15:46:36 | INFO | {'message': 'I just found game! It was boring.', 'author': 'Bob', 'timestamp': '2025-10-01 15:46:36', 'category': 'gaming', 'sentiment': 0.65, 'keyword_mentioned': 'game', 'message_length': 33}
2025-10-01 15:46:36 | INFO | Called process_message() with:
2025-10-01 15:46:36 | INFO |    message={'message': 'I just found game! It was boring.', 'author': 'Bob', 'timestamp': '2025-10-01 15:46:36', 'category': 'gaming', 'sentiment': 0.65, 'keyword_mentioned': 'game', 'message_length': 33}
2025-10-01 15:46:36 | INFO | Calling SQLite insert_message() with:
2025-10-01 15:46:36 | INFO | message={'message': 'I just found game! It was boring.', 'author': 'Bob', 'timestamp': '2025-10-01 15:46:36', 'category': 'gaming', 'sentiment': 0.65, 'keyword_mentioned': 'game', 'message_length': 33}
2025-10-01 15:46:36 | INFO | db_path=WindowsPath('C:/Data_Projects/buzzline-05-strickland/data/buzz.sqlite')
2025-10-01 15:46:36 | INFO | Inserted one message into the database.
2025-10-01 15:46:41 | INFO | {'message': 'I just saw JavaScript! It was boring.', 'author': 'Alice', 'timestamp': '2025-10-01 15:46:41', 'category': 'tech', 'sentiment': 0.1, 'keyword_mentioned': 'JavaScript', 'message_length': 37}
2025-10-01 15:46:41 | INFO | Called process_message() with:
2025-10-01 15:46:41 | INFO |    message={'message': 'I just saw JavaScript! It was boring.', 'author': 'Alice', 'timestamp': '2025-10-01 15:46:41', 'category': 'tech', 'sentiment': 0.1, 'keyword_mentioned': 'JavaScript', 'message_length': 37}
2025-10-01 15:46:41 | INFO | Calling SQLite insert_message() with:
2025-10-01 15:46:41 | INFO | message={'message': 'I just saw JavaScript! It was boring.', 'author': 'Alice', 'timestamp': '2025-10-01 15:46:41', 'category': 'tech', 'sentiment': 0.1, 'keyword_mentioned': 'JavaScript', 'message_length': 37}
2025-10-01 15:46:41 | INFO | db_path=WindowsPath('C:/Data_Projects/buzzline-05-strickland/data/buzz.sqlite')
2025-10-01 15:46:41 | INFO | Inserted one message into the database.
2025-10-01 15:46:46 | INFO | {'message': 'I just saw Python! It was funny.', 'author': 'Charlie', 'timestamp': '2025-10-01 15:46:46', 'category': 'tech', 'sentiment': 0.79, 'keyword_mentioned': 'Python', 'message_length': 32}
2025-10-01 15:46:46 | INFO | Called process_message() with:
2025-10-01 15:46:46 | INFO | Calling SQLite insert_message() with:
