2025-10-01 12:56:34 | INFO | {'message': 'I just saw recipe! It was weird.', 'author': 'Charlie', 'timestamp': '2025-10-01 12:56:34', 'category': 'food', 'sentiment': 0.79, 'keyword_mentioned': 'recipe', 'message_length': 32}
2025-10-01 12:56:39 | INFO | {'message': 'I just loved a movie! It was amazing.', 'author': 'Alice', 'timestamp': '2025-10-01 12:56:39', 'category': 'entertainment', 'sentiment': 0.74, 'keyword_mentioned': 'movie', 'message_length': 37}
2025-10-01 12:56:44 | INFO | {'message': 'I just shared Python! It was funny.', 'author': 'Eve', 'timestamp': '2025-10-01 12:56:44', 'category': 'tech', 'sentiment': 0.98, 'keyword_mentioned': 'Python', 'message_length': 35}
2025-10-01 12:56:49 | INFO | {'message': 'I just found Python! It was funny.', 'author': 'Alice', 'timestamp': '2025-10-01 12:56:49', 'category': 'tech', 'sentiment': 0.11, 'keyword_mentioned': 'Python', 'message_length': 34}
2025-10-01 12:56:54 | INFO | {'message': 'I just loved travel! It was weird.', 'author': 'Alice', 'timestamp': '2025-10-01 12:56:54', 'category': 'travel', 'sentiment': 0.07, 'keyword_mentioned': 'travel', 'message_length': 34}
2025-10-01 12:56:59 | INFO | {'message': 'I just shared an app! It was exciting.', 'author': 'Eve', 'timestamp': '2025-10-01 12:56:59', 'category': 'other', 'sentiment': 0.5, 'keyword_mentioned': 'other', 'message_length': 38}
2025-10-01 12:57:04 | INFO | {'message': 'I just shared Python! It was amazing.', 'author': 'Bob', 'timestamp': '2025-10-01 12:57:04', 'category': 'tech', 'sentiment': 0.6, 'keyword_mentioned': 'Python', 'message_length': 37}
2025-10-01 12:57:09 | INFO | {'message': 'I just found Python! It was boring.', 'author': 'Alice', 'timestamp': '2025-10-01 12:57:09', 'category': 'tech', 'sentiment': 0.34, 'keyword_mentioned': 'Python', 'message_length': 35}
2025-10-01 12:57:14 | INFO | {'message': 'I just shared JavaScript! It was weird.', 'author': 'Alice', 'timestamp': '2025-10-01 12:57:14', 'category': 'tech', 'sentiment': 0.01, 'keyword_mentioned': 'JavaScript', 'message_length': 39}
2025-10-01 12:57:19 | INFO | {'message': 'I just loved a meme! It was weird.', 'author': 'Alice', 'timestamp': '2025-10-01 12:57:19', 'category': 'humor', 'sentiment': 0.65, 'keyword_mentioned': 'meme', 'message_length': 34}
2025-10-01 12:57:24 | INFO | {'message': 'I just tried an app! It was amazing.', 'author': 'Alice', 'timestamp': '2025-10-01 12:57:24', 'category': 'other', 'sentiment': 0.74, 'keyword_mentioned': 'other', 'message_length': 36}
2025-10-01 12:57:29 | INFO | {'message': 'I just shared recipe! It was weird.', 'author': 'Bob', 'timestamp': '2025-10-01 12:57:29', 'category': 'food', 'sentiment': 0.26, 'keyword_mentioned': 'recipe', 'message_length': 35}
2025-10-01 12:57:34 | INFO | {'message': 'I just shared Python! It was funny.', 'author': 'Charlie', 'timestamp': '2025-10-01 12:57:34', 'category': 'tech', 'sentiment': 0.92, 'keyword_mentioned': 'Python', 'message_length': 35}
2025-10-01 12:57:39 | INFO | {'message': 'I just shared a story! It was amazing.', 'author': 'Alice', 'timestamp': '2025-10-01 12:57:39', 'category': 'other', 'sentiment': 0.9, 'keyword_mentioned': 'other', 'message_length': 38}
2025-10-01 12:57:44 | INFO | {'message': 'I just found travel! It was exciting.', 'author': 'Charlie', 'timestamp': '2025-10-01 12:57:44', 'category': 'travel', 'sentiment': 0.52, 'keyword_mentioned': 'travel', 'message_length': 37}
2025-10-01 12:57:49 | INFO | {'message': 'I just loved Python! It was exciting.', 'author': 'Charlie', 'timestamp': '2025-10-01 12:57:49', 'category': 'tech', 'sentiment': 0.69, 'keyword_mentioned': 'Python', 'message_length': 37}
2025-10-01 12:57:54 | INFO | {'message': 'I just saw recipe! It was amazing.', 'author': 'Eve', 'timestamp': '2025-10-01 12:57:54', 'category': 'food', 'sentiment': 0.23, 'keyword_mentioned': 'recipe', 'message_length': 34}
2025-10-01 12:57:59 | INFO | {'message': 'I just tried an app! It was funny.', 'author': 'Alice', 'timestamp': '2025-10-01 12:57:59', 'category': 'other', 'sentiment': 0.44, 'keyword_mentioned': 'other', 'message_length': 34}
2025-10-01 12:58:04 | INFO | {'message': 'I just tried an app! It was exciting.', 'author': 'Eve', 'timestamp': '2025-10-01 12:58:04', 'category': 'other', 'sentiment': 0.5, 'keyword_mentioned': 'other', 'message_length': 37}
2025-10-01 12:58:09 | INFO | {'message': 'I just loved travel! It was funny.', 'author': 'Alice', 'timestamp': '2025-10-01 12:58:09', 'category': 'travel', 'sentiment': 0.2, 'keyword_mentioned': 'travel', 'message_length': 34}
2025-10-01 12:58:14 | INFO | {'message': 'I just shared Python! It was funny.', 'author': 'Eve', 'timestamp': '2025-10-01 12:58:14', 'category': 'tech', 'sentiment': 0.4, 'keyword_mentioned': 'Python', 'message_length': 35}
2025-10-01 12:58:19 | INFO | {'message': 'I just shared Python! It was funny.', 'author': 'Charlie', 'timestamp': '2025-10-01 12:58:19', 'category': 'tech', 'sentiment': 0.98, 'keyword_mentioned': 'Python', 'message_length': 35}
2025-10-01 12:58:24 | INFO | {'message': 'I just found a movie! It was funny.', 'author': 'Charlie', 'timestamp': '2025-10-01 12:58:24', 'category': 'entertainment', 'sentiment': 0.09, 'keyword_mentioned': 'movie', 'message_length': 35}
2025-10-01 12:58:29 | INFO | {'message': 'I just tried recipe! It was weird.', 'author': 'Bob', 'timestamp': '2025-10-01 12:58:29', 'category': 'food', 'sentiment': 0.35, 'keyword_mentioned': 'recipe', 'message_length': 34}
2025-10-01 12:58:34 | INFO | {'message': 'I just tried a movie! It was weird.', 'author': 'Charlie', 'timestamp': '2025-10-01 12:58:34', 'category': 'entertainment', 'sentiment': 0.67, 'keyword_mentioned': 'movie', 'message_length': 35}
2025-10-01 12:58:39 | INFO | {'message': 'I just tried JavaScript! It was boring.', 'author': 'Charlie', 'timestamp': '2025-10-01 12:58:39', 'category': 'tech', 'sentiment': 0.2, 'keyword_mentioned': 'JavaScript', 'message_length': 39}
2025-10-01 12:58:44 | INFO | {'message': 'I just tried a story! It was amazing.', 'author': 'Bob', 'timestamp': '2025-10-01 12:58:44', 'category': 'other', 'sentiment': 0.44, 'keyword_mentioned': 'other', 'message_length': 37}
2025-10-01 12:58:49 | INFO | {'message': 'I just found travel! It was funny.', 'author': 'Alice', 'timestamp': '2025-10-01 12:58:49', 'category': 'travel', 'sentiment': 0.08, 'keyword_mentioned': 'travel', 'message_length': 34}
2025-10-01 12:58:54 | INFO | {'message': 'I just found JavaScript! It was amazing.', 'author': 'Alice', 'timestamp': '2025-10-01 12:58:54', 'category': 'tech', 'sentiment': 0.43, 'keyword_mentioned': 'JavaScript', 'message_length': 40}
2025-10-01 12:58:59 | INFO | {'message': 'I just loved recipe! It was weird.', 'author': 'Bob', 'timestamp': '2025-10-01 12:58:59', 'category': 'food', 'sentiment': 0.93, 'keyword_mentioned': 'recipe', 'message_length': 34}
2025-10-01 12:59:04 | INFO | {'message': 'I just tried an app! It was amazing.', 'author': 'Bob', 'timestamp': '2025-10-01 12:59:04', 'category': 'other', 'sentiment': 0.16, 'keyword_mentioned': 'other', 'message_length': 36}
2025-10-01 12:59:09 | INFO | {'message': 'I just tried an app! It was amazing.', 'author': 'Charlie', 'timestamp': '2025-10-01 12:59:09', 'category': 'other', 'sentiment': 0.34, 'keyword_mentioned': 'other', 'message_length': 36}
2025-10-01 12:59:14 | INFO | {'message': 'I just loved JavaScript! It was exciting.', 'author': 'Alice', 'timestamp': '2025-10-01 12:59:14', 'category': 'tech', 'sentiment': 0.36, 'keyword_mentioned': 'JavaScript', 'message_length': 41}
2025-10-01 12:59:16 | INFO | Logging to file: logs/project_log.log
2025-10-01 12:59:16 | INFO | Log sanitization enabled, personal info removed
2025-10-01 12:59:16 | INFO | Starting DuckDB db testing.
2025-10-01 12:59:16 | INFO | Using DuckDB file at: data/buzz.duckdb
2025-10-01 12:59:16 | INFO | Calling DuckDB init_db() with {db_path=}.
2025-10-01 12:59:16 | INFO | SUCCESS: Connected to DuckDB.
2025-10-01 12:59:16 | INFO | SUCCESS: Table 'streamed_messages' ready at data/buzz.duckdb.
2025-10-01 12:59:16 | INFO | Calling DuckDB insert_message() with:
2025-10-01 12:59:16 | INFO | message={'message': 'I just shared a meme! It was amazing.', 'author': 'Charlie', 'timestamp': '2025-01-29 14:35:20', 'category': 'humor', 'sentiment': 0.87, 'keyword_mentioned': 'meme', 'message_length': 42}
2025-10-01 12:59:16 | INFO | db_path=WindowsPath('data/buzz.duckdb')
2025-10-01 12:59:16 | INFO | Inserted one message into DuckDB.
2025-10-01 12:59:16 | INFO | Verified insert. Latest row id=1
2025-10-01 12:59:16 | INFO | Deleted message with id 1 from DuckDB.
2025-10-01 12:59:16 | INFO | Finished DuckDB db testing.
2025-10-01 12:59:19 | INFO | {'message': 'I just shared game! It was boring.', 'author': 'Eve', 'timestamp': '2025-10-01 12:59:19', 'category': 'gaming', 'sentiment': 0.48, 'keyword_mentioned': 'game', 'message_length': 34}
2025-10-01 12:59:24 | INFO | {'message': 'I just shared travel! It was exciting.', 'author': 'Bob', 'timestamp': '2025-10-01 12:59:24', 'category': 'travel', 'sentiment': 0.55, 'keyword_mentioned': 'travel', 'message_length': 38}
2025-10-01 12:59:29 | INFO | {'message': 'I just loved a trick! It was boring.', 'author': 'Eve', 'timestamp': '2025-10-01 12:59:29', 'category': 'other', 'sentiment': 0.1, 'keyword_mentioned': 'other', 'message_length': 36}
2025-10-01 12:59:34 | INFO | {'message': 'I just loved a trick! It was amazing.', 'author': 'Eve', 'timestamp': '2025-10-01 12:59:34', 'category': 'other', 'sentiment': 0.64, 'keyword_mentioned': 'other', 'message_length': 37}
2025-10-01 12:59:39 | INFO | {'message': 'I just shared an app! It was exciting.', 'author': 'Bob', 'timestamp': '2025-10-01 12:59:39', 'category': 'other', 'sentiment': 0.47, 'keyword_mentioned': 'other', 'message_length': 38}
2025-10-01 12:59:44 | INFO | {'message': 'I just found JavaScript! It was funny.', 'author': 'Alice', 'timestamp': '2025-10-01 12:59:44', 'category': 'tech', 'sentiment': 0.32, 'keyword_mentioned': 'JavaScript', 'message_length': 38}
2025-10-01 12:59:49 | INFO | {'message': 'I just saw a trick! It was amazing.', 'author': 'Charlie', 'timestamp': '2025-10-01 12:59:49', 'category': 'other', 'sentiment': 0.98, 'keyword_mentioned': 'other', 'message_length': 35}
2025-10-01 12:59:54 | INFO | {'message': 'I just found JavaScript! It was weird.', 'author': 'Charlie', 'timestamp': '2025-10-01 12:59:54', 'category': 'tech', 'sentiment': 0.39, 'keyword_mentioned': 'JavaScript', 'message_length': 38}
2025-10-01 12:59:59 | INFO | {'message': 'I just loved travel! It was exciting.', 'author': 'Bob', 'timestamp': '2025-10-01 12:59:59', 'category': 'travel', 'sentiment': 0.16, 'keyword_mentioned': 'travel', 'message_length': 37}
2025-10-01 13:00:04 | INFO | {'message': 'I just shared a trick! It was boring.', 'author': 'Alice', 'timestamp': '2025-10-01 13:00:04', 'category': 'other', 'sentiment': 0.05, 'keyword_mentioned': 'other', 'message_length': 37}
2025-10-01 13:00:09 | INFO | {'message': 'I just found JavaScript! It was funny.', 'author': 'Eve', 'timestamp': '2025-10-01 13:00:09', 'category': 'tech', 'sentiment': 0.42, 'keyword_mentioned': 'JavaScript', 'message_length': 38}
2025-10-01 13:00:14 | INFO | {'message': 'I just tried a story! It was amazing.', 'author': 'Alice', 'timestamp': '2025-10-01 13:00:14', 'category': 'other', 'sentiment': 0.63, 'keyword_mentioned': 'other', 'message_length': 37}
2025-10-01 13:00:19 | INFO | {'message': 'I just loved recipe! It was funny.', 'author': 'Bob', 'timestamp': '2025-10-01 13:00:19', 'category': 'food', 'sentiment': 0.78, 'keyword_mentioned': 'recipe', 'message_length': 34}
2025-10-01 13:00:24 | INFO | {'message': 'I just shared a meme! It was amazing.', 'author': 'Alice', 'timestamp': '2025-10-01 13:00:24', 'category': 'humor', 'sentiment': 0.35, 'keyword_mentioned': 'meme', 'message_length': 37}
2025-10-01 13:00:29 | INFO | {'message': 'I just found game! It was funny.', 'author': 'Eve', 'timestamp': '2025-10-01 13:00:29', 'category': 'gaming', 'sentiment': 0.8, 'keyword_mentioned': 'game', 'message_length': 32}
2025-10-01 13:00:34 | INFO | {'message': 'I just shared Python! It was boring.', 'author': 'Charlie', 'timestamp': '2025-10-01 13:00:34', 'category': 'tech', 'sentiment': 0.12, 'keyword_mentioned': 'Python', 'message_length': 36}
2025-10-01 13:00:39 | INFO | {'message': 'I just saw a meme! It was boring.', 'author': 'Bob', 'timestamp': '2025-10-01 13:00:39', 'category': 'humor', 'sentiment': 0.1, 'keyword_mentioned': 'meme', 'message_length': 33}
2025-10-01 13:00:44 | INFO | {'message': 'I just shared recipe! It was weird.', 'author': 'Charlie', 'timestamp': '2025-10-01 13:00:44', 'category': 'food', 'sentiment': 0.48, 'keyword_mentioned': 'recipe', 'message_length': 35}
2025-10-01 13:00:49 | INFO | {'message': 'I just saw an app! It was boring.', 'author': 'Alice', 'timestamp': '2025-10-01 13:00:49', 'category': 'other', 'sentiment': 0.83, 'keyword_mentioned': 'other', 'message_length': 33}
2025-10-01 13:00:54 | INFO | {'message': 'I just found game! It was funny.', 'author': 'Alice', 'timestamp': '2025-10-01 13:00:54', 'category': 'gaming', 'sentiment': 0.32, 'keyword_mentioned': 'game', 'message_length': 32}
2025-10-01 13:00:59 | INFO | {'message': 'I just tried travel! It was exciting.', 'author': 'Alice', 'timestamp': '2025-10-01 13:00:59', 'category': 'travel', 'sentiment': 0.6, 'keyword_mentioned': 'travel', 'message_length': 37}
2025-10-01 13:01:04 | INFO | {'message': 'I just tried Python! It was amazing.', 'author': 'Alice', 'timestamp': '2025-10-01 13:01:04', 'category': 'tech', 'sentiment': 0.13, 'keyword_mentioned': 'Python', 'message_length': 36}
2025-10-01 13:01:09 | INFO | {'message': 'I just found recipe! It was weird.', 'author': 'Bob', 'timestamp': '2025-10-01 13:01:09', 'category': 'food', 'sentiment': 0.48, 'keyword_mentioned': 'recipe', 'message_length': 34}
2025-10-01 13:01:14 | INFO | {'message': 'I just shared recipe! It was amazing.', 'author': 'Bob', 'timestamp': '2025-10-01 13:01:14', 'category': 'food', 'sentiment': 0.61, 'keyword_mentioned': 'recipe', 'message_length': 37}
2025-10-01 13:01:19 | INFO | {'message': 'I just shared a trick! It was boring.', 'author': 'Bob', 'timestamp': '2025-10-01 13:01:19', 'category': 'other', 'sentiment': 0.46, 'keyword_mentioned': 'other', 'message_length': 37}
2025-10-01 13:01:24 | INFO | {'message': 'I just saw game! It was boring.', 'author': 'Charlie', 'timestamp': '2025-10-01 13:01:24', 'category': 'gaming', 'sentiment': 0.71, 'keyword_mentioned': 'game', 'message_length': 31}
2025-10-01 13:01:29 | INFO | {'message': 'I just tried a movie! It was weird.', 'author': 'Bob', 'timestamp': '2025-10-01 13:01:29', 'category': 'entertainment', 'sentiment': 0.1, 'keyword_mentioned': 'movie', 'message_length': 35}
2025-10-01 13:01:34 | INFO | {'message': 'I just shared a movie! It was funny.', 'author': 'Alice', 'timestamp': '2025-10-01 13:01:34', 'category': 'entertainment', 'sentiment': 0.42, 'keyword_mentioned': 'movie', 'message_length': 36}
2025-10-01 13:01:39 | INFO | {'message': 'I just found a trick! It was funny.', 'author': 'Charlie', 'timestamp': '2025-10-01 13:01:39', 'category': 'other', 'sentiment': 0.59, 'keyword_mentioned': 'other', 'message_length': 35}
2025-10-01 13:01:44 | INFO | {'message': 'I just found a story! It was exciting.', 'author': 'Charlie', 'timestamp': '2025-10-01 13:01:44', 'category': 'other', 'sentiment': 0.55, 'keyword_mentioned': 'other', 'message_length': 38}
2025-10-01 13:01:49 | INFO | {'message': 'I just saw a meme! It was exciting.', 'author': 'Bob', 'timestamp': '2025-10-01 13:01:49', 'category': 'humor', 'sentiment': 0.97, 'keyword_mentioned': 'meme', 'message_length': 35}
2025-10-01 13:01:54 | INFO | {'message': 'I just saw game! It was exciting.', 'author': 'Alice', 'timestamp': '2025-10-01 13:01:54', 'category': 'gaming', 'sentiment': 0.05, 'keyword_mentioned': 'game', 'message_length': 33}
2025-10-01 13:01:59 | INFO | {'message': 'I just found Python! It was weird.', 'author': 'Alice', 'timestamp': '2025-10-01 13:01:59', 'category': 'tech', 'sentiment': 0.36, 'keyword_mentioned': 'Python', 'message_length': 34}
2025-10-01 13:02:04 | INFO | {'message': 'I just tried Python! It was exciting.', 'author': 'Alice', 'timestamp': '2025-10-01 13:02:04', 'category': 'tech', 'sentiment': 0.9, 'keyword_mentioned': 'Python', 'message_length': 37}
2025-10-01 13:02:09 | INFO | {'message': 'I just found a meme! It was amazing.', 'author': 'Charlie', 'timestamp': '2025-10-01 13:02:09', 'category': 'humor', 'sentiment': 0.4, 'keyword_mentioned': 'meme', 'message_length': 36}
2025-10-01 13:02:14 | INFO | {'message': 'I just found travel! It was funny.', 'author': 'Bob', 'timestamp': '2025-10-01 13:02:14', 'category': 'travel', 'sentiment': 0.51, 'keyword_mentioned': 'travel', 'message_length': 34}
2025-10-01 13:02:19 | INFO | {'message': 'I just tried JavaScript! It was exciting.', 'author': 'Charlie', 'timestamp': '2025-10-01 13:02:19', 'category': 'tech', 'sentiment': 0.01, 'keyword_mentioned': 'JavaScript', 'message_length': 41}
2025-10-01 13:02:24 | INFO | {'message': 'I just found travel! It was exciting.', 'author': 'Bob', 'timestamp': '2025-10-01 13:02:24', 'category': 'travel', 'sentiment': 0.66, 'keyword_mentioned': 'travel', 'message_length': 37}
2025-10-01 13:02:29 | INFO | {'message': 'I just shared an app! It was weird.', 'author': 'Alice', 'timestamp': '2025-10-01 13:02:29', 'category': 'other', 'sentiment': 0.1, 'keyword_mentioned': 'other', 'message_length': 35}
2025-10-01 13:02:34 | INFO | {'message': 'I just shared recipe! It was funny.', 'author': 'Charlie', 'timestamp': '2025-10-01 13:02:34', 'category': 'food', 'sentiment': 0.03, 'keyword_mentioned': 'recipe', 'message_length': 35}
2025-10-01 13:02:39 | INFO | {'message': 'I just found travel! It was weird.', 'author': 'Eve', 'timestamp': '2025-10-01 13:02:39', 'category': 'travel', 'sentiment': 0.85, 'keyword_mentioned': 'travel', 'message_length': 34}
2025-10-01 13:02:44 | INFO | {'message': 'I just loved a story! It was boring.', 'author': 'Bob', 'timestamp': '2025-10-01 13:02:44', 'category': 'other', 'sentiment': 0.9, 'keyword_mentioned': 'other', 'message_length': 36}
2025-10-01 13:02:49 | INFO | {'message': 'I just shared Python! It was boring.', 'author': 'Charlie', 'timestamp': '2025-10-01 13:02:49', 'category': 'tech', 'sentiment': 0.42, 'keyword_mentioned': 'Python', 'message_length': 36}
2025-10-01 13:02:54 | INFO | {'message': 'I just tried JavaScript! It was amazing.', 'author': 'Alice', 'timestamp': '2025-10-01 13:02:54', 'category': 'tech', 'sentiment': 0.76, 'keyword_mentioned': 'JavaScript', 'message_length': 40}
2025-10-01 13:02:59 | INFO | {'message': 'I just found a movie! It was exciting.', 'author': 'Charlie', 'timestamp': '2025-10-01 13:02:59', 'category': 'entertainment', 'sentiment': 0.28, 'keyword_mentioned': 'movie', 'message_length': 38}
2025-10-01 13:03:04 | INFO | {'message': 'I just found a trick! It was weird.', 'author': 'Bob', 'timestamp': '2025-10-01 13:03:04', 'category': 'other', 'sentiment': 0.39, 'keyword_mentioned': 'other', 'message_length': 35}
2025-10-01 13:03:09 | INFO | {'message': 'I just loved Python! It was exciting.', 'author': 'Charlie', 'timestamp': '2025-10-01 13:03:09', 'category': 'tech', 'sentiment': 0.46, 'keyword_mentioned': 'Python', 'message_length': 37}
2025-10-01 13:03:14 | INFO | {'message': 'I just found recipe! It was exciting.', 'author': 'Bob', 'timestamp': '2025-10-01 13:03:14', 'category': 'food', 'sentiment': 0.94, 'keyword_mentioned': 'recipe', 'message_length': 37}
2025-10-01 13:03:19 | INFO | {'message': 'I just saw a story! It was boring.', 'author': 'Charlie', 'timestamp': '2025-10-01 13:03:19', 'category': 'other', 'sentiment': 0.64, 'keyword_mentioned': 'other', 'message_length': 34}
2025-10-01 13:03:24 | INFO | {'message': 'I just found a meme! It was weird.', 'author': 'Alice', 'timestamp': '2025-10-01 13:03:24', 'category': 'humor', 'sentiment': 0.23, 'keyword_mentioned': 'meme', 'message_length': 34}
2025-10-01 13:03:29 | INFO | {'message': 'I just saw a trick! It was amazing.', 'author': 'Bob', 'timestamp': '2025-10-01 13:03:29', 'category': 'other', 'sentiment': 0.12, 'keyword_mentioned': 'other', 'message_length': 35}
2025-10-01 13:03:34 | INFO | {'message': 'I just tried recipe! It was weird.', 'author': 'Bob', 'timestamp': '2025-10-01 13:03:34', 'category': 'food', 'sentiment': 0.12, 'keyword_mentioned': 'recipe', 'message_length': 34}
2025-10-01 13:03:39 | INFO | {'message': 'I just found a movie! It was amazing.', 'author': 'Alice', 'timestamp': '2025-10-01 13:03:39', 'category': 'entertainment', 'sentiment': 0.14, 'keyword_mentioned': 'movie', 'message_length': 37}
2025-10-01 13:03:44 | INFO | {'message': 'I just tried travel! It was amazing.', 'author': 'Alice', 'timestamp': '2025-10-01 13:03:44', 'category': 'travel', 'sentiment': 0.52, 'keyword_mentioned': 'travel', 'message_length': 36}
2025-10-01 13:03:49 | INFO | {'message': 'I just found an app! It was amazing.', 'author': 'Bob', 'timestamp': '2025-10-01 13:03:49', 'category': 'other', 'sentiment': 0.77, 'keyword_mentioned': 'other', 'message_length': 36}
2025-10-01 13:03:54 | INFO | {'message': 'I just loved Python! It was weird.', 'author': 'Bob', 'timestamp': '2025-10-01 13:03:54', 'category': 'tech', 'sentiment': 0.94, 'keyword_mentioned': 'Python', 'message_length': 34}
2025-10-01 13:03:59 | INFO | {'message': 'I just saw a meme! It was weird.', 'author': 'Charlie', 'timestamp': '2025-10-01 13:03:59', 'category': 'humor', 'sentiment': 0.73, 'keyword_mentioned': 'meme', 'message_length': 32}
2025-10-01 13:04:04 | INFO | {'message': 'I just shared a trick! It was exciting.', 'author': 'Charlie', 'timestamp': '2025-10-01 13:04:04', 'category': 'other', 'sentiment': 0.55, 'keyword_mentioned': 'other', 'message_length': 39}
2025-10-01 13:04:09 | INFO | {'message': 'I just found a trick! It was boring.', 'author': 'Alice', 'timestamp': '2025-10-01 13:04:09', 'category': 'other', 'sentiment': 0.23, 'keyword_mentioned': 'other', 'message_length': 36}
2025-10-01 13:04:14 | INFO | {'message': 'I just loved travel! It was amazing.', 'author': 'Charlie', 'timestamp': '2025-10-01 13:04:14', 'category': 'travel', 'sentiment': 0.52, 'keyword_mentioned': 'travel', 'message_length': 36}
2025-10-01 13:04:19 | INFO | {'message': 'I just loved an app! It was weird.', 'author': 'Bob', 'timestamp': '2025-10-01 13:04:19', 'category': 'other', 'sentiment': 0.71, 'keyword_mentioned': 'other', 'message_length': 34}
2025-10-01 13:04:24 | INFO | {'message': 'I just loved a story! It was exciting.', 'author': 'Charlie', 'timestamp': '2025-10-01 13:04:24', 'category': 'other', 'sentiment': 0.79, 'keyword_mentioned': 'other', 'message_length': 38}
2025-10-01 13:04:29 | INFO | {'message': 'I just tried recipe! It was funny.', 'author': 'Bob', 'timestamp': '2025-10-01 13:04:29', 'category': 'food', 'sentiment': 0.52, 'keyword_mentioned': 'recipe', 'message_length': 34}
2025-10-01 13:04:34 | INFO | {'message': 'I just shared travel! It was exciting.', 'author': 'Eve', 'timestamp': '2025-10-01 13:04:34', 'category': 'travel', 'sentiment': 0.47, 'keyword_mentioned': 'travel', 'message_length': 38}
2025-10-01 13:04:39 | INFO | {'message': 'I just found recipe! It was weird.', 'author': 'Eve', 'timestamp': '2025-10-01 13:04:39', 'category': 'food', 'sentiment': 0.44, 'keyword_mentioned': 'recipe', 'message_length': 34}
2025-10-01 13:04:44 | INFO | {'message': 'I just tried recipe! It was exciting.', 'author': 'Charlie', 'timestamp': '2025-10-01 13:04:44', 'category': 'food', 'sentiment': 0.3, 'keyword_mentioned': 'recipe', 'message_length': 37}
2025-10-01 13:04:49 | INFO | {'message': 'I just tried an app! It was boring.', 'author': 'Eve', 'timestamp': '2025-10-01 13:04:49', 'category': 'other', 'sentiment': 0.44, 'keyword_mentioned': 'other', 'message_length': 35}
2025-10-01 13:04:54 | INFO | {'message': 'I just shared game! It was weird.', 'author': 'Bob', 'timestamp': '2025-10-01 13:04:54', 'category': 'gaming', 'sentiment': 0.59, 'keyword_mentioned': 'game', 'message_length': 33}
2025-10-01 13:04:59 | INFO | {'message': 'I just found an app! It was exciting.', 'author': 'Bob', 'timestamp': '2025-10-01 13:04:59', 'category': 'other', 'sentiment': 0.8, 'keyword_mentioned': 'other', 'message_length': 37}
2025-10-01 13:05:04 | INFO | {'message': 'I just shared a meme! It was funny.', 'author': 'Alice', 'timestamp': '2025-10-01 13:05:04', 'category': 'humor', 'sentiment': 0.41, 'keyword_mentioned': 'meme', 'message_length': 35}
2025-10-01 13:05:09 | INFO | {'message': 'I just found a story! It was exciting.', 'author': 'Charlie', 'timestamp': '2025-10-01 13:05:09', 'category': 'other', 'sentiment': 0.93, 'keyword_mentioned': 'other', 'message_length': 38}
2025-10-01 13:05:14 | INFO | {'message': 'I just saw a meme! It was funny.', 'author': 'Bob', 'timestamp': '2025-10-01 13:05:14', 'category': 'humor', 'sentiment': 0.29, 'keyword_mentioned': 'meme', 'message_length': 32}
2025-10-01 13:05:19 | INFO | {'message': 'I just shared game! It was boring.', 'author': 'Eve', 'timestamp': '2025-10-01 13:05:19', 'category': 'gaming', 'sentiment': 0.19, 'keyword_mentioned': 'game', 'message_length': 34}
2025-10-01 13:05:24 | INFO | {'message': 'I just loved JavaScript! It was exciting.', 'author': 'Bob', 'timestamp': '2025-10-01 13:05:24', 'category': 'tech', 'sentiment': 0.44, 'keyword_mentioned': 'JavaScript', 'message_length': 41}
2025-10-01 13:05:29 | INFO | {'message': 'I just shared game! It was boring.', 'author': 'Alice', 'timestamp': '2025-10-01 13:05:29', 'category': 'gaming', 'sentiment': 0.14, 'keyword_mentioned': 'game', 'message_length': 34}
2025-10-01 13:05:34 | INFO | {'message': 'I just saw recipe! It was amazing.', 'author': 'Alice', 'timestamp': '2025-10-01 13:05:34', 'category': 'food', 'sentiment': 0.09, 'keyword_mentioned': 'recipe', 'message_length': 34}
2025-10-01 13:05:39 | INFO | {'message': 'I just loved Python! It was boring.', 'author': 'Bob', 'timestamp': '2025-10-01 13:05:39', 'category': 'tech', 'sentiment': 0.1, 'keyword_mentioned': 'Python', 'message_length': 35}
2025-10-01 13:05:44 | INFO | {'message': 'I just tried a story! It was weird.', 'author': 'Alice', 'timestamp': '2025-10-01 13:05:44', 'category': 'other', 'sentiment': 0.49, 'keyword_mentioned': 'other', 'message_length': 35}
2025-10-01 13:05:49 | INFO | {'message': 'I just shared JavaScript! It was boring.', 'author': 'Eve', 'timestamp': '2025-10-01 13:05:49', 'category': 'tech', 'sentiment': 0.41, 'keyword_mentioned': 'JavaScript', 'message_length': 40}
2025-10-01 13:05:54 | INFO | {'message': 'I just found Python! It was funny.', 'author': 'Charlie', 'timestamp': '2025-10-01 13:05:54', 'category': 'tech', 'sentiment': 0.27, 'keyword_mentioned': 'Python', 'message_length': 34}
2025-10-01 13:05:59 | INFO | {'message': 'I just saw game! It was exciting.', 'author': 'Charlie', 'timestamp': '2025-10-01 13:05:59', 'category': 'gaming', 'sentiment': 0.42, 'keyword_mentioned': 'game', 'message_length': 33}
2025-10-01 13:06:04 | INFO | {'message': 'I just found game! It was amazing.', 'author': 'Eve', 'timestamp': '2025-10-01 13:06:04', 'category': 'gaming', 'sentiment': 0.71, 'keyword_mentioned': 'game', 'message_length': 34}
2025-10-01 13:06:09 | INFO | {'message': 'I just shared a trick! It was funny.', 'author': 'Eve', 'timestamp': '2025-10-01 13:06:09', 'category': 'other', 'sentiment': 0.67, 'keyword_mentioned': 'other', 'message_length': 36}
2025-10-01 13:06:14 | INFO | {'message': 'I just loved game! It was exciting.', 'author': 'Eve', 'timestamp': '2025-10-01 13:06:14', 'category': 'gaming', 'sentiment': 0.99, 'keyword_mentioned': 'game', 'message_length': 35}
2025-10-01 13:06:19 | INFO | {'message': 'I just tried a trick! It was weird.', 'author': 'Alice', 'timestamp': '2025-10-01 13:06:19', 'category': 'other', 'sentiment': 0.95, 'keyword_mentioned': 'other', 'message_length': 35}
2025-10-01 13:06:24 | INFO | {'message': 'I just saw an app! It was exciting.', 'author': 'Alice', 'timestamp': '2025-10-01 13:06:24', 'category': 'other', 'sentiment': 0.77, 'keyword_mentioned': 'other', 'message_length': 35}
2025-10-01 13:06:29 | INFO | {'message': 'I just shared a story! It was weird.', 'author': 'Bob', 'timestamp': '2025-10-01 13:06:29', 'category': 'other', 'sentiment': 0.0, 'keyword_mentioned': 'other', 'message_length': 36}
2025-10-01 13:06:34 | INFO | {'message': 'I just tried travel! It was amazing.', 'author': 'Charlie', 'timestamp': '2025-10-01 13:06:34', 'category': 'travel', 'sentiment': 0.36, 'keyword_mentioned': 'travel', 'message_length': 36}
2025-10-01 13:06:39 | INFO | {'message': 'I just tried game! It was funny.', 'author': 'Eve', 'timestamp': '2025-10-01 13:06:39', 'category': 'gaming', 'sentiment': 0.43, 'keyword_mentioned': 'game', 'message_length': 32}
2025-10-01 13:06:44 | INFO | {'message': 'I just loved recipe! It was funny.', 'author': 'Alice', 'timestamp': '2025-10-01 13:06:44', 'category': 'food', 'sentiment': 0.22, 'keyword_mentioned': 'recipe', 'message_length': 34}
2025-10-01 13:06:49 | INFO | {'message': 'I just saw a trick! It was boring.', 'author': 'Charlie', 'timestamp': '2025-10-01 13:06:49', 'category': 'other', 'sentiment': 0.58, 'keyword_mentioned': 'other', 'message_length': 34}
2025-10-01 13:06:54 | INFO | {'message': 'I just loved travel! It was weird.', 'author': 'Alice', 'timestamp': '2025-10-01 13:06:54', 'category': 'travel', 'sentiment': 0.34, 'keyword_mentioned': 'travel', 'message_length': 34}
2025-10-01 13:06:55 | INFO | Logging to file: logs/project_log.log
2025-10-01 13:06:55 | INFO | Log sanitization enabled, personal info removed
2025-10-01 13:06:55 | INFO | Starting DuckDB db testing.
2025-10-01 13:06:55 | INFO | Using DuckDB file at: data/buzz.duckdb
2025-10-01 13:06:55 | INFO | Calling DuckDB init_db() with {db_path=}.
2025-10-01 13:06:55 | INFO | SUCCESS: Connected to DuckDB.
2025-10-01 13:06:55 | INFO | SUCCESS: Table 'streamed_messages' ready at data/buzz.duckdb.
2025-10-01 13:06:55 | INFO | Calling DuckDB insert_message() with:
2025-10-01 13:06:55 | INFO | message={'message': 'I just shared a meme! It was amazing.', 'author': 'Charlie', 'timestamp': '2025-01-29 14:35:20', 'category': 'humor', 'sentiment': 0.87, 'keyword_mentioned': 'meme', 'message_length': 42}
2025-10-01 13:06:55 | INFO | db_path=WindowsPath('data/buzz.duckdb')
2025-10-01 13:06:55 | INFO | Inserted one message into DuckDB.
2025-10-01 13:06:55 | INFO | Verified insert. Latest row id=2
2025-10-01 13:06:55 | INFO | Deleted message with id 2 from DuckDB.
2025-10-01 13:06:55 | INFO | Finished DuckDB db testing.
2025-10-01 13:06:59 | INFO | {'message': 'I just loved JavaScript! It was weird.', 'author': 'Alice', 'timestamp': '2025-10-01 13:06:59', 'category': 'tech', 'sentiment': 0.04, 'keyword_mentioned': 'JavaScript', 'message_length': 38}
2025-10-01 13:07:04 | INFO | {'message': 'I just found Python! It was weird.', 'author': 'Alice', 'timestamp': '2025-10-01 13:07:04', 'category': 'tech', 'sentiment': 0.91, 'keyword_mentioned': 'Python', 'message_length': 34}
2025-10-01 13:07:09 | INFO | {'message': 'I just found JavaScript! It was funny.', 'author': 'Eve', 'timestamp': '2025-10-01 13:07:09', 'category': 'tech', 'sentiment': 0.22, 'keyword_mentioned': 'JavaScript', 'message_length': 38}
2025-10-01 13:07:14 | INFO | {'message': 'I just saw travel! It was weird.', 'author': 'Eve', 'timestamp': '2025-10-01 13:07:14', 'category': 'travel', 'sentiment': 0.3, 'keyword_mentioned': 'travel', 'message_length': 32}
2025-10-01 13:07:19 | INFO | {'message': 'I just found travel! It was exciting.', 'author': 'Alice', 'timestamp': '2025-10-01 13:07:19', 'category': 'travel', 'sentiment': 0.59, 'keyword_mentioned': 'travel', 'message_length': 37}
2025-10-01 13:07:24 | INFO | {'message': 'I just found travel! It was exciting.', 'author': 'Alice', 'timestamp': '2025-10-01 13:07:24', 'category': 'travel', 'sentiment': 0.58, 'keyword_mentioned': 'travel', 'message_length': 37}
2025-10-01 13:07:29 | INFO | {'message': 'I just found travel! It was amazing.', 'author': 'Eve', 'timestamp': '2025-10-01 13:07:29', 'category': 'travel', 'sentiment': 0.97, 'keyword_mentioned': 'travel', 'message_length': 36}
2025-10-01 13:07:34 | INFO | {'message': 'I just found a meme! It was weird.', 'author': 'Eve', 'timestamp': '2025-10-01 13:07:34', 'category': 'humor', 'sentiment': 0.2, 'keyword_mentioned': 'meme', 'message_length': 34}
2025-10-01 13:07:39 | INFO | {'message': 'I just found a movie! It was exciting.', 'author': 'Eve', 'timestamp': '2025-10-01 13:07:39', 'category': 'entertainment', 'sentiment': 0.62, 'keyword_mentioned': 'movie', 'message_length': 38}
2025-10-01 13:07:44 | INFO | {'message': 'I just found a meme! It was weird.', 'author': 'Bob', 'timestamp': '2025-10-01 13:07:44', 'category': 'humor', 'sentiment': 0.4, 'keyword_mentioned': 'meme', 'message_length': 34}
2025-10-01 13:07:49 | INFO | {'message': 'I just shared a movie! It was boring.', 'author': 'Eve', 'timestamp': '2025-10-01 13:07:49', 'category': 'entertainment', 'sentiment': 0.94, 'keyword_mentioned': 'movie', 'message_length': 37}
2025-10-01 13:07:54 | INFO | {'message': 'I just found recipe! It was exciting.', 'author': 'Alice', 'timestamp': '2025-10-01 13:07:54', 'category': 'food', 'sentiment': 0.97, 'keyword_mentioned': 'recipe', 'message_length': 37}
2025-10-01 13:07:59 | INFO | {'message': 'I just saw a movie! It was funny.', 'author': 'Eve', 'timestamp': '2025-10-01 13:07:59', 'category': 'entertainment', 'sentiment': 0.69, 'keyword_mentioned': 'movie', 'message_length': 33}
2025-10-01 13:08:04 | INFO | {'message': 'I just loved a story! It was exciting.', 'author': 'Eve', 'timestamp': '2025-10-01 13:08:04', 'category': 'other', 'sentiment': 0.81, 'keyword_mentioned': 'other', 'message_length': 38}
2025-10-01 13:08:09 | INFO | {'message': 'I just found travel! It was amazing.', 'author': 'Alice', 'timestamp': '2025-10-01 13:08:09', 'category': 'travel', 'sentiment': 0.02, 'keyword_mentioned': 'travel', 'message_length': 36}
2025-10-01 13:08:14 | INFO | {'message': 'I just shared game! It was funny.', 'author': 'Alice', 'timestamp': '2025-10-01 13:08:14', 'category': 'gaming', 'sentiment': 0.7, 'keyword_mentioned': 'game', 'message_length': 33}
2025-10-01 13:08:19 | INFO | {'message': 'I just loved travel! It was boring.', 'author': 'Charlie', 'timestamp': '2025-10-01 13:08:19', 'category': 'travel', 'sentiment': 0.49, 'keyword_mentioned': 'travel', 'message_length': 35}
2025-10-01 13:08:24 | INFO | {'message': 'I just shared game! It was funny.', 'author': 'Alice', 'timestamp': '2025-10-01 13:08:24', 'category': 'gaming', 'sentiment': 0.17, 'keyword_mentioned': 'game', 'message_length': 33}
2025-10-01 13:08:29 | INFO | {'message': 'I just shared an app! It was weird.', 'author': 'Bob', 'timestamp': '2025-10-01 13:08:29', 'category': 'other', 'sentiment': 0.54, 'keyword_mentioned': 'other', 'message_length': 35}
2025-10-01 13:08:34 | INFO | {'message': 'I just loved a meme! It was amazing.', 'author': 'Bob', 'timestamp': '2025-10-01 13:08:34', 'category': 'humor', 'sentiment': 0.57, 'keyword_mentioned': 'meme', 'message_length': 36}
2025-10-01 13:08:39 | INFO | {'message': 'I just loved game! It was funny.', 'author': 'Eve', 'timestamp': '2025-10-01 13:08:39', 'category': 'gaming', 'sentiment': 0.62, 'keyword_mentioned': 'game', 'message_length': 32}
2025-10-01 13:08:44 | INFO | {'message': 'I just saw travel! It was exciting.', 'author': 'Eve', 'timestamp': '2025-10-01 13:08:44', 'category': 'travel', 'sentiment': 0.73, 'keyword_mentioned': 'travel', 'message_length': 35}
2025-10-01 13:08:49 | INFO | {'message': 'I just tried travel! It was amazing.', 'author': 'Alice', 'timestamp': '2025-10-01 13:08:49', 'category': 'travel', 'sentiment': 0.68, 'keyword_mentioned': 'travel', 'message_length': 36}
2025-10-01 13:08:54 | INFO | {'message': 'I just tried an app! It was weird.', 'author': 'Bob', 'timestamp': '2025-10-01 13:08:54', 'category': 'other', 'sentiment': 0.58, 'keyword_mentioned': 'other', 'message_length': 34}
2025-10-01 13:08:59 | INFO | {'message': 'I just shared a trick! It was amazing.', 'author': 'Bob', 'timestamp': '2025-10-01 13:08:59', 'category': 'other', 'sentiment': 0.59, 'keyword_mentioned': 'other', 'message_length': 38}
2025-10-01 13:09:04 | INFO | {'message': 'I just saw JavaScript! It was boring.', 'author': 'Eve', 'timestamp': '2025-10-01 13:09:04', 'category': 'tech', 'sentiment': 0.77, 'keyword_mentioned': 'JavaScript', 'message_length': 37}
2025-10-01 13:09:09 | INFO | {'message': 'I just found Python! It was boring.', 'author': 'Bob', 'timestamp': '2025-10-01 13:09:09', 'category': 'tech', 'sentiment': 0.6, 'keyword_mentioned': 'Python', 'message_length': 35}
2025-10-01 13:09:14 | INFO | {'message': 'I just tried game! It was amazing.', 'author': 'Eve', 'timestamp': '2025-10-01 13:09:14', 'category': 'gaming', 'sentiment': 0.44, 'keyword_mentioned': 'game', 'message_length': 34}
2025-10-01 13:09:19 | INFO | {'message': 'I just shared an app! It was funny.', 'author': 'Alice', 'timestamp': '2025-10-01 13:09:19', 'category': 'other', 'sentiment': 0.38, 'keyword_mentioned': 'other', 'message_length': 35}
2025-10-01 13:09:24 | INFO | {'message': 'I just tried JavaScript! It was exciting.', 'author': 'Bob', 'timestamp': '2025-10-01 13:09:24', 'category': 'tech', 'sentiment': 0.48, 'keyword_mentioned': 'JavaScript', 'message_length': 41}
2025-10-01 13:09:29 | INFO | {'message': 'I just loved an app! It was weird.', 'author': 'Alice', 'timestamp': '2025-10-01 13:09:29', 'category': 'other', 'sentiment': 0.67, 'keyword_mentioned': 'other', 'message_length': 34}
2025-10-01 13:09:34 | INFO | {'message': 'I just shared a story! It was exciting.', 'author': 'Bob', 'timestamp': '2025-10-01 13:09:34', 'category': 'other', 'sentiment': 0.26, 'keyword_mentioned': 'other', 'message_length': 39}
2025-10-01 13:09:39 | INFO | {'message': 'I just loved a meme! It was amazing.', 'author': 'Eve', 'timestamp': '2025-10-01 13:09:39', 'category': 'humor', 'sentiment': 0.68, 'keyword_mentioned': 'meme', 'message_length': 36}
2025-10-01 13:09:44 | INFO | {'message': 'I just shared an app! It was exciting.', 'author': 'Alice', 'timestamp': '2025-10-01 13:09:44', 'category': 'other', 'sentiment': 0.56, 'keyword_mentioned': 'other', 'message_length': 38}
2025-10-01 13:09:49 | INFO | {'message': 'I just found game! It was amazing.', 'author': 'Eve', 'timestamp': '2025-10-01 13:09:49', 'category': 'gaming', 'sentiment': 0.25, 'keyword_mentioned': 'game', 'message_length': 34}
2025-10-01 13:09:54 | INFO | {'message': 'I just tried an app! It was exciting.', 'author': 'Eve', 'timestamp': '2025-10-01 13:09:54', 'category': 'other', 'sentiment': 0.29, 'keyword_mentioned': 'other', 'message_length': 37}
2025-10-01 13:09:59 | INFO | {'message': 'I just found a meme! It was amazing.', 'author': 'Eve', 'timestamp': '2025-10-01 13:09:59', 'category': 'humor', 'sentiment': 0.15, 'keyword_mentioned': 'meme', 'message_length': 36}
2025-10-01 13:10:04 | INFO | {'message': 'I just loved recipe! It was amazing.', 'author': 'Bob', 'timestamp': '2025-10-01 13:10:04', 'category': 'food', 'sentiment': 0.84, 'keyword_mentioned': 'recipe', 'message_length': 36}
2025-10-01 13:10:09 | INFO | {'message': 'I just found travel! It was boring.', 'author': 'Eve', 'timestamp': '2025-10-01 13:10:09', 'category': 'travel', 'sentiment': 0.78, 'keyword_mentioned': 'travel', 'message_length': 35}
2025-10-01 13:10:14 | INFO | {'message': 'I just loved recipe! It was funny.', 'author': 'Eve', 'timestamp': '2025-10-01 13:10:14', 'category': 'food', 'sentiment': 0.01, 'keyword_mentioned': 'recipe', 'message_length': 34}
2025-10-01 13:10:19 | INFO | {'message': 'I just shared a trick! It was funny.', 'author': 'Bob', 'timestamp': '2025-10-01 13:10:19', 'category': 'other', 'sentiment': 0.13, 'keyword_mentioned': 'other', 'message_length': 36}
2025-10-01 13:10:24 | INFO | {'message': 'I just found game! It was weird.', 'author': 'Charlie', 'timestamp': '2025-10-01 13:10:24', 'category': 'gaming', 'sentiment': 0.19, 'keyword_mentioned': 'game', 'message_length': 32}
2025-10-01 13:10:29 | INFO | {'message': 'I just saw an app! It was funny.', 'author': 'Eve', 'timestamp': '2025-10-01 13:10:29', 'category': 'other', 'sentiment': 0.41, 'keyword_mentioned': 'other', 'message_length': 32}
2025-10-01 13:10:34 | INFO | {'message': 'I just loved a movie! It was weird.', 'author': 'Charlie', 'timestamp': '2025-10-01 13:10:34', 'category': 'entertainment', 'sentiment': 0.55, 'keyword_mentioned': 'movie', 'message_length': 35}
2025-10-01 13:10:39 | INFO | {'message': 'I just loved a movie! It was amazing.', 'author': 'Charlie', 'timestamp': '2025-10-01 13:10:39', 'category': 'entertainment', 'sentiment': 0.59, 'keyword_mentioned': 'movie', 'message_length': 37}
2025-10-01 13:10:44 | INFO | {'message': 'I just tried game! It was weird.', 'author': 'Bob', 'timestamp': '2025-10-01 13:10:44', 'category': 'gaming', 'sentiment': 0.65, 'keyword_mentioned': 'game', 'message_length': 32}
2025-10-01 13:10:49 | INFO | {'message': 'I just saw a movie! It was exciting.', 'author': 'Eve', 'timestamp': '2025-10-01 13:10:49', 'category': 'entertainment', 'sentiment': 0.45, 'keyword_mentioned': 'movie', 'message_length': 36}
2025-10-01 13:10:54 | INFO | {'message': 'I just saw JavaScript! It was amazing.', 'author': 'Bob', 'timestamp': '2025-10-01 13:10:54', 'category': 'tech', 'sentiment': 0.2, 'keyword_mentioned': 'JavaScript', 'message_length': 38}
2025-10-01 13:10:59 | INFO | {'message': 'I just shared JavaScript! It was funny.', 'author': 'Charlie', 'timestamp': '2025-10-01 13:10:59', 'category': 'tech', 'sentiment': 0.53, 'keyword_mentioned': 'JavaScript', 'message_length': 39}
2025-10-01 13:11:04 | INFO | {'message': 'I just saw JavaScript! It was weird.', 'author': 'Eve', 'timestamp': '2025-10-01 13:11:04', 'category': 'tech', 'sentiment': 0.05, 'keyword_mentioned': 'JavaScript', 'message_length': 36}
2025-10-01 13:11:09 | INFO | {'message': 'I just tried a trick! It was funny.', 'author': 'Bob', 'timestamp': '2025-10-01 13:11:09', 'category': 'other', 'sentiment': 0.94, 'keyword_mentioned': 'other', 'message_length': 35}
2025-10-01 13:11:14 | INFO | {'message': 'I just shared a meme! It was exciting.', 'author': 'Charlie', 'timestamp': '2025-10-01 13:11:14', 'category': 'humor', 'sentiment': 0.09, 'keyword_mentioned': 'meme', 'message_length': 38}
2025-10-01 13:11:19 | INFO | {'message': 'I just tried travel! It was boring.', 'author': 'Eve', 'timestamp': '2025-10-01 13:11:19', 'category': 'travel', 'sentiment': 0.22, 'keyword_mentioned': 'travel', 'message_length': 35}
2025-10-01 13:11:24 | INFO | {'message': 'I just saw JavaScript! It was funny.', 'author': 'Bob', 'timestamp': '2025-10-01 13:11:24', 'category': 'tech', 'sentiment': 0.93, 'keyword_mentioned': 'JavaScript', 'message_length': 36}
2025-10-01 13:11:29 | INFO | {'message': 'I just loved game! It was funny.', 'author': 'Bob', 'timestamp': '2025-10-01 13:11:29', 'category': 'gaming', 'sentiment': 0.95, 'keyword_mentioned': 'game', 'message_length': 32}
2025-10-01 13:11:34 | INFO | {'message': 'I just shared a movie! It was amazing.', 'author': 'Bob', 'timestamp': '2025-10-01 13:11:34', 'category': 'entertainment', 'sentiment': 0.04, 'keyword_mentioned': 'movie', 'message_length': 38}
2025-10-01 13:11:39 | INFO | {'message': 'I just tried a movie! It was exciting.', 'author': 'Alice', 'timestamp': '2025-10-01 13:11:39', 'category': 'entertainment', 'sentiment': 0.4, 'keyword_mentioned': 'movie', 'message_length': 38}
2025-10-01 13:11:44 | INFO | {'message': 'I just found a story! It was amazing.', 'author': 'Bob', 'timestamp': '2025-10-01 13:11:44', 'category': 'other', 'sentiment': 0.52, 'keyword_mentioned': 'other', 'message_length': 37}
2025-10-01 13:11:49 | INFO | {'message': 'I just saw a trick! It was amazing.', 'author': 'Bob', 'timestamp': '2025-10-01 13:11:49', 'category': 'other', 'sentiment': 0.63, 'keyword_mentioned': 'other', 'message_length': 35}
2025-10-01 13:11:54 | INFO | {'message': 'I just found a trick! It was exciting.', 'author': 'Bob', 'timestamp': '2025-10-01 13:11:54', 'category': 'other', 'sentiment': 0.46, 'keyword_mentioned': 'other', 'message_length': 38}
2025-10-01 13:11:59 | INFO | {'message': 'I just found JavaScript! It was weird.', 'author': 'Eve', 'timestamp': '2025-10-01 13:11:59', 'category': 'tech', 'sentiment': 0.05, 'keyword_mentioned': 'JavaScript', 'message_length': 38}
2025-10-01 13:12:04 | INFO | {'message': 'I just tried travel! It was boring.', 'author': 'Alice', 'timestamp': '2025-10-01 13:12:04', 'category': 'travel', 'sentiment': 0.93, 'keyword_mentioned': 'travel', 'message_length': 35}
2025-10-01 13:12:09 | INFO | {'message': 'I just saw Python! It was funny.', 'author': 'Bob', 'timestamp': '2025-10-01 13:12:09', 'category': 'tech', 'sentiment': 0.37, 'keyword_mentioned': 'Python', 'message_length': 32}
2025-10-01 13:12:14 | INFO | {'message': 'I just found a movie! It was boring.', 'author': 'Charlie', 'timestamp': '2025-10-01 13:12:14', 'category': 'entertainment', 'sentiment': 0.74, 'keyword_mentioned': 'movie', 'message_length': 36}
2025-10-01 13:12:19 | INFO | {'message': 'I just tried a meme! It was funny.', 'author': 'Charlie', 'timestamp': '2025-10-01 13:12:19', 'category': 'humor', 'sentiment': 0.63, 'keyword_mentioned': 'meme', 'message_length': 34}
2025-10-01 13:12:24 | INFO | {'message': 'I just found game! It was boring.', 'author': 'Alice', 'timestamp': '2025-10-01 13:12:24', 'category': 'gaming', 'sentiment': 0.62, 'keyword_mentioned': 'game', 'message_length': 33}
2025-10-01 13:12:29 | INFO | {'message': 'I just found travel! It was boring.', 'author': 'Bob', 'timestamp': '2025-10-01 13:12:29', 'category': 'travel', 'sentiment': 0.17, 'keyword_mentioned': 'travel', 'message_length': 35}
2025-10-01 13:12:34 | INFO | {'message': 'I just found recipe! It was exciting.', 'author': 'Alice', 'timestamp': '2025-10-01 13:12:34', 'category': 'food', 'sentiment': 0.86, 'keyword_mentioned': 'recipe', 'message_length': 37}
2025-10-01 13:12:39 | INFO | {'message': 'I just loved a movie! It was weird.', 'author': 'Alice', 'timestamp': '2025-10-01 13:12:39', 'category': 'entertainment', 'sentiment': 0.11, 'keyword_mentioned': 'movie', 'message_length': 35}
2025-10-01 13:12:44 | INFO | {'message': 'I just tried JavaScript! It was exciting.', 'author': 'Alice', 'timestamp': '2025-10-01 13:12:44', 'category': 'tech', 'sentiment': 0.33, 'keyword_mentioned': 'JavaScript', 'message_length': 41}
2025-10-01 13:12:49 | INFO | {'message': 'I just loved an app! It was amazing.', 'author': 'Eve', 'timestamp': '2025-10-01 13:12:49', 'category': 'other', 'sentiment': 0.33, 'keyword_mentioned': 'other', 'message_length': 36}
2025-10-01 13:12:54 | INFO | {'message': 'I just saw Python! It was funny.', 'author': 'Charlie', 'timestamp': '2025-10-01 13:12:54', 'category': 'tech', 'sentiment': 0.73, 'keyword_mentioned': 'Python', 'message_length': 32}
2025-10-01 13:12:59 | INFO | {'message': 'I just loved a trick! It was weird.', 'author': 'Eve', 'timestamp': '2025-10-01 13:12:59', 'category': 'other', 'sentiment': 0.38, 'keyword_mentioned': 'other', 'message_length': 35}
2025-10-01 13:14:44 | INFO | Logging to file: logs/project_log.log
2025-10-01 13:14:44 | INFO | Log sanitization enabled, personal info removed
2025-10-01 13:14:44 | INFO | Starting Producer to run continuously.
2025-10-01 13:14:44 | INFO | Use Ctrl+C to stop.
2025-10-01 13:14:44 | INFO | MESSAGE_INTERVAL_SECONDS: 5
2025-10-01 13:14:44 | INFO | BUZZ_TOPIC: buzzline
2025-10-01 13:14:44 | INFO | KAFKA_BROKER_ADDRESS: 127.0.0.1:9092
2025-10-01 13:14:44 | INFO | BASE_DATA_DIR: PROJECT_ROOT/data
2025-10-01 13:14:44 | INFO | LIVE_DATA_PATH: PROJECT_ROOT/data/project_live.json
2025-10-01 13:14:44 | INFO | BASE_DATA_DIR: PROJECT_ROOT/data
2025-10-01 13:14:44 | INFO | SQLITE_PATH: PROJECT_ROOT/data/buzz.sqlite
2025-10-01 13:14:44 | INFO | Deleted existing live data file.
2025-10-01 13:14:44 | INFO | Kafka broker address: localhost:9092
2025-10-01 13:14:44 | INFO | Kafka is ready. Brokers: {'throttle_time_ms': 0, 'brokers': [{'node_id': 1, 'host': 'localhost', 'port': 9092, 'rack': None}], 'cluster_id': 'tiKA5ugtSiOWXLR-EAHeUA', 'controller_id': 1}
2025-10-01 13:14:46 | WARNING | WARNING: Kafka setup failed: NoBrokersAvailable
2025-10-01 13:14:46 | INFO | {'message': 'I just shared a trick! It was amazing.', 'author': 'Charlie', 'timestamp': '2025-10-01 13:14:46', 'category': 'other', 'sentiment': 0.9, 'keyword_mentioned': 'other', 'message_length': 38}
2025-10-01 13:14:51 | INFO | {'message': 'I just saw JavaScript! It was amazing.', 'author': 'Bob', 'timestamp': '2025-10-01 13:14:51', 'category': 'tech', 'sentiment': 0.53, 'keyword_mentioned': 'JavaScript', 'message_length': 38}
2025-10-01 13:14:56 | INFO | {'message': 'I just saw Python! It was exciting.', 'author': 'Bob', 'timestamp': '2025-10-01 13:14:56', 'category': 'tech', 'sentiment': 0.68, 'keyword_mentioned': 'Python', 'message_length': 35}
2025-10-01 13:15:01 | INFO | {'message': 'I just loved a story! It was amazing.', 'author': 'Eve', 'timestamp': '2025-10-01 13:15:01', 'category': 'other', 'sentiment': 0.94, 'keyword_mentioned': 'other', 'message_length': 37}
2025-10-01 13:15:05 | INFO | Logging to file: logs/project_log.log
2025-10-01 13:15:05 | INFO | Log sanitization enabled, personal info removed
2025-10-01 13:15:05 | INFO | Starting DuckDB db testing.
2025-10-01 13:15:05 | INFO | Using DuckDB file at: data/buzz.duckdb
