2025-10-01 14:24:12 | INFO | {'message': 'I just saw JavaScript! It was weird.', 'author': 'Bob', 'timestamp': '2025-10-01 14:24:12', 'category': 'tech', 'sentiment': 0.95, 'keyword_mentioned': 'JavaScript', 'message_length': 36}
2025-10-01 14:24:17 | INFO | {'message': 'I just found game! It was weird.', 'author': 'Eve', 'timestamp': '2025-10-01 14:24:17', 'category': 'gaming', 'sentiment': 0.21, 'keyword_mentioned': 'game', 'message_length': 32}
2025-10-01 14:24:22 | INFO | {'message': 'I just tried a movie! It was boring.', 'author': 'Charlie', 'timestamp': '2025-10-01 14:24:22', 'category': 'entertainment', 'sentiment': 0.6, 'keyword_mentioned': 'movie', 'message_length': 36}
2025-10-01 14:24:27 | INFO | {'message': 'I just shared Python! It was funny.', 'author': 'Alice', 'timestamp': '2025-10-01 14:24:27', 'category': 'tech', 'sentiment': 0.54, 'keyword_mentioned': 'Python', 'message_length': 35}
2025-10-01 14:24:32 | INFO | {'message': 'I just loved recipe! It was funny.', 'author': 'Alice', 'timestamp': '2025-10-01 14:24:32', 'category': 'food', 'sentiment': 0.45, 'keyword_mentioned': 'recipe', 'message_length': 34}
2025-10-01 14:24:37 | INFO | {'message': 'I just saw a story! It was weird.', 'author': 'Alice', 'timestamp': '2025-10-01 14:24:37', 'category': 'other', 'sentiment': 0.6, 'keyword_mentioned': 'other', 'message_length': 33}
2025-10-01 14:24:42 | INFO | {'message': 'I just found Python! It was weird.', 'author': 'Charlie', 'timestamp': '2025-10-01 14:24:42', 'category': 'tech', 'sentiment': 0.81, 'keyword_mentioned': 'Python', 'message_length': 34}
2025-10-01 14:24:47 | INFO | {'message': 'I just saw a movie! It was amazing.', 'author': 'Eve', 'timestamp': '2025-10-01 14:24:47', 'category': 'entertainment', 'sentiment': 0.48, 'keyword_mentioned': 'movie', 'message_length': 35}
2025-10-01 14:24:52 | INFO | {'message': 'I just found an app! It was boring.', 'author': 'Eve', 'timestamp': '2025-10-01 14:24:52', 'category': 'other', 'sentiment': 0.16, 'keyword_mentioned': 'other', 'message_length': 35}
2025-10-01 14:24:57 | INFO | {'message': 'I just shared travel! It was funny.', 'author': 'Charlie', 'timestamp': '2025-10-01 14:24:57', 'category': 'travel', 'sentiment': 0.78, 'keyword_mentioned': 'travel', 'message_length': 35}
2025-10-01 14:25:02 | INFO | {'message': 'I just saw recipe! It was weird.', 'author': 'Eve', 'timestamp': '2025-10-01 14:25:02', 'category': 'food', 'sentiment': 0.6, 'keyword_mentioned': 'recipe', 'message_length': 32}
2025-10-01 14:25:07 | INFO | {'message': 'I just loved a trick! It was exciting.', 'author': 'Bob', 'timestamp': '2025-10-01 14:25:07', 'category': 'other', 'sentiment': 0.02, 'keyword_mentioned': 'other', 'message_length': 38}
2025-10-01 14:25:12 | INFO | {'message': 'I just shared travel! It was exciting.', 'author': 'Bob', 'timestamp': '2025-10-01 14:25:12', 'category': 'travel', 'sentiment': 0.84, 'keyword_mentioned': 'travel', 'message_length': 38}
2025-10-01 14:25:17 | INFO | {'message': 'I just loved a story! It was weird.', 'author': 'Charlie', 'timestamp': '2025-10-01 14:25:17', 'category': 'other', 'sentiment': 0.01, 'keyword_mentioned': 'other', 'message_length': 35}
2025-10-01 14:25:22 | INFO | {'message': 'I just tried recipe! It was boring.', 'author': 'Eve', 'timestamp': '2025-10-01 14:25:22', 'category': 'food', 'sentiment': 0.17, 'keyword_mentioned': 'recipe', 'message_length': 35}
2025-10-01 14:25:27 | INFO | {'message': 'I just saw an app! It was boring.', 'author': 'Alice', 'timestamp': '2025-10-01 14:25:27', 'category': 'other', 'sentiment': 0.44, 'keyword_mentioned': 'other', 'message_length': 33}
2025-10-01 14:25:32 | INFO | {'message': 'I just tried JavaScript! It was exciting.', 'author': 'Charlie', 'timestamp': '2025-10-01 14:25:32', 'category': 'tech', 'sentiment': 0.04, 'keyword_mentioned': 'JavaScript', 'message_length': 41}
2025-10-01 14:25:37 | INFO | {'message': 'I just tried an app! It was boring.', 'author': 'Charlie', 'timestamp': '2025-10-01 14:25:37', 'category': 'other', 'sentiment': 0.23, 'keyword_mentioned': 'other', 'message_length': 35}
2025-10-01 14:25:42 | INFO | {'message': 'I just saw Python! It was weird.', 'author': 'Eve', 'timestamp': '2025-10-01 14:25:42', 'category': 'tech', 'sentiment': 0.34, 'keyword_mentioned': 'Python', 'message_length': 32}
2025-10-01 14:25:47 | INFO | {'message': 'I just saw travel! It was boring.', 'author': 'Bob', 'timestamp': '2025-10-01 14:25:47', 'category': 'travel', 'sentiment': 0.32, 'keyword_mentioned': 'travel', 'message_length': 33}
2025-10-01 14:25:52 | INFO | {'message': 'I just loved a trick! It was weird.', 'author': 'Charlie', 'timestamp': '2025-10-01 14:25:52', 'category': 'other', 'sentiment': 0.63, 'keyword_mentioned': 'other', 'message_length': 35}
2025-10-01 14:25:57 | INFO | {'message': 'I just found a meme! It was exciting.', 'author': 'Bob', 'timestamp': '2025-10-01 14:25:57', 'category': 'humor', 'sentiment': 0.36, 'keyword_mentioned': 'meme', 'message_length': 37}
2025-10-01 14:26:02 | INFO | {'message': 'I just loved game! It was amazing.', 'author': 'Alice', 'timestamp': '2025-10-01 14:26:02', 'category': 'gaming', 'sentiment': 0.99, 'keyword_mentioned': 'game', 'message_length': 34}
2025-10-01 14:26:07 | INFO | {'message': 'I just loved a meme! It was exciting.', 'author': 'Charlie', 'timestamp': '2025-10-01 14:26:07', 'category': 'humor', 'sentiment': 0.54, 'keyword_mentioned': 'meme', 'message_length': 37}
2025-10-01 14:26:12 | INFO | {'message': 'I just saw game! It was exciting.', 'author': 'Bob', 'timestamp': '2025-10-01 14:26:12', 'category': 'gaming', 'sentiment': 0.41, 'keyword_mentioned': 'game', 'message_length': 33}
2025-10-01 14:26:17 | INFO | {'message': 'I just found an app! It was amazing.', 'author': 'Alice', 'timestamp': '2025-10-01 14:26:17', 'category': 'other', 'sentiment': 0.03, 'keyword_mentioned': 'other', 'message_length': 36}
2025-10-01 14:26:22 | INFO | {'message': 'I just loved game! It was weird.', 'author': 'Bob', 'timestamp': '2025-10-01 14:26:22', 'category': 'gaming', 'sentiment': 0.49, 'keyword_mentioned': 'game', 'message_length': 32}
2025-10-01 14:26:27 | INFO | {'message': 'I just found recipe! It was weird.', 'author': 'Alice', 'timestamp': '2025-10-01 14:26:27', 'category': 'food', 'sentiment': 0.23, 'keyword_mentioned': 'recipe', 'message_length': 34}
2025-10-01 14:26:32 | INFO | {'message': 'I just tried an app! It was funny.', 'author': 'Bob', 'timestamp': '2025-10-01 14:26:32', 'category': 'other', 'sentiment': 0.75, 'keyword_mentioned': 'other', 'message_length': 34}
2025-10-01 14:26:37 | INFO | {'message': 'I just found recipe! It was weird.', 'author': 'Alice', 'timestamp': '2025-10-01 14:26:37', 'category': 'food', 'sentiment': 0.51, 'keyword_mentioned': 'recipe', 'message_length': 34}
2025-10-01 14:26:42 | INFO | {'message': 'I just loved a meme! It was exciting.', 'author': 'Eve', 'timestamp': '2025-10-01 14:26:42', 'category': 'humor', 'sentiment': 0.93, 'keyword_mentioned': 'meme', 'message_length': 37}
2025-10-01 14:26:47 | INFO | {'message': 'I just found a meme! It was funny.', 'author': 'Bob', 'timestamp': '2025-10-01 14:26:47', 'category': 'humor', 'sentiment': 0.21, 'keyword_mentioned': 'meme', 'message_length': 34}
2025-10-01 14:26:52 | INFO | {'message': 'I just shared recipe! It was amazing.', 'author': 'Charlie', 'timestamp': '2025-10-01 14:26:52', 'category': 'food', 'sentiment': 0.94, 'keyword_mentioned': 'recipe', 'message_length': 37}
2025-10-01 14:26:57 | INFO | {'message': 'I just loved a movie! It was boring.', 'author': 'Charlie', 'timestamp': '2025-10-01 14:26:57', 'category': 'entertainment', 'sentiment': 0.9, 'keyword_mentioned': 'movie', 'message_length': 36}
2025-10-01 14:27:02 | INFO | {'message': 'I just tried game! It was funny.', 'author': 'Alice', 'timestamp': '2025-10-01 14:27:02', 'category': 'gaming', 'sentiment': 0.03, 'keyword_mentioned': 'game', 'message_length': 32}
2025-10-01 14:27:07 | INFO | {'message': 'I just saw recipe! It was funny.', 'author': 'Alice', 'timestamp': '2025-10-01 14:27:07', 'category': 'food', 'sentiment': 0.37, 'keyword_mentioned': 'recipe', 'message_length': 32}
2025-10-01 14:27:12 | INFO | {'message': 'I just saw JavaScript! It was amazing.', 'author': 'Alice', 'timestamp': '2025-10-01 14:27:12', 'category': 'tech', 'sentiment': 0.65, 'keyword_mentioned': 'JavaScript', 'message_length': 38}
2025-10-01 14:27:17 | INFO | {'message': 'I just saw JavaScript! It was exciting.', 'author': 'Eve', 'timestamp': '2025-10-01 14:27:17', 'category': 'tech', 'sentiment': 0.28, 'keyword_mentioned': 'JavaScript', 'message_length': 39}
2025-10-01 14:27:22 | INFO | {'message': 'I just found game! It was amazing.', 'author': 'Charlie', 'timestamp': '2025-10-01 14:27:22', 'category': 'gaming', 'sentiment': 0.18, 'keyword_mentioned': 'game', 'message_length': 34}
2025-10-01 14:27:27 | INFO | {'message': 'I just shared recipe! It was funny.', 'author': 'Charlie', 'timestamp': '2025-10-01 14:27:27', 'category': 'food', 'sentiment': 0.75, 'keyword_mentioned': 'recipe', 'message_length': 35}
2025-10-01 14:27:32 | INFO | {'message': 'I just loved recipe! It was boring.', 'author': 'Alice', 'timestamp': '2025-10-01 14:27:32', 'category': 'food', 'sentiment': 0.56, 'keyword_mentioned': 'recipe', 'message_length': 35}
2025-10-01 14:27:37 | INFO | {'message': 'I just tried Python! It was amazing.', 'author': 'Bob', 'timestamp': '2025-10-01 14:27:37', 'category': 'tech', 'sentiment': 0.47, 'keyword_mentioned': 'Python', 'message_length': 36}
2025-10-01 14:27:42 | INFO | {'message': 'I just loved travel! It was funny.', 'author': 'Eve', 'timestamp': '2025-10-01 14:27:42', 'category': 'travel', 'sentiment': 0.83, 'keyword_mentioned': 'travel', 'message_length': 34}
2025-10-01 14:27:47 | INFO | {'message': 'I just saw JavaScript! It was boring.', 'author': 'Charlie', 'timestamp': '2025-10-01 14:27:47', 'category': 'tech', 'sentiment': 0.26, 'keyword_mentioned': 'JavaScript', 'message_length': 37}
2025-10-01 14:27:52 | INFO | {'message': 'I just tried travel! It was amazing.', 'author': 'Bob', 'timestamp': '2025-10-01 14:27:52', 'category': 'travel', 'sentiment': 0.84, 'keyword_mentioned': 'travel', 'message_length': 36}
2025-10-01 14:27:57 | INFO | {'message': 'I just saw Python! It was amazing.', 'author': 'Bob', 'timestamp': '2025-10-01 14:27:57', 'category': 'tech', 'sentiment': 0.02, 'keyword_mentioned': 'Python', 'message_length': 34}
2025-10-01 14:28:02 | INFO | {'message': 'I just loved an app! It was funny.', 'author': 'Eve', 'timestamp': '2025-10-01 14:28:02', 'category': 'other', 'sentiment': 0.64, 'keyword_mentioned': 'other', 'message_length': 34}
2025-10-01 14:28:07 | INFO | {'message': 'I just loved JavaScript! It was amazing.', 'author': 'Bob', 'timestamp': '2025-10-01 14:28:07', 'category': 'tech', 'sentiment': 0.31, 'keyword_mentioned': 'JavaScript', 'message_length': 40}
2025-10-01 14:28:12 | INFO | {'message': 'I just loved a meme! It was exciting.', 'author': 'Charlie', 'timestamp': '2025-10-01 14:28:12', 'category': 'humor', 'sentiment': 0.76, 'keyword_mentioned': 'meme', 'message_length': 37}
2025-10-01 14:28:17 | INFO | {'message': 'I just saw a trick! It was boring.', 'author': 'Eve', 'timestamp': '2025-10-01 14:28:17', 'category': 'other', 'sentiment': 0.13, 'keyword_mentioned': 'other', 'message_length': 34}
2025-10-01 14:28:22 | INFO | {'message': 'I just tried JavaScript! It was boring.', 'author': 'Bob', 'timestamp': '2025-10-01 14:28:22', 'category': 'tech', 'sentiment': 0.02, 'keyword_mentioned': 'JavaScript', 'message_length': 39}
2025-10-01 14:28:27 | INFO | {'message': 'I just shared a story! It was exciting.', 'author': 'Charlie', 'timestamp': '2025-10-01 14:28:27', 'category': 'other', 'sentiment': 0.98, 'keyword_mentioned': 'other', 'message_length': 39}
2025-10-01 14:28:32 | INFO | {'message': 'I just shared JavaScript! It was funny.', 'author': 'Charlie', 'timestamp': '2025-10-01 14:28:32', 'category': 'tech', 'sentiment': 0.94, 'keyword_mentioned': 'JavaScript', 'message_length': 39}
2025-10-01 14:28:37 | INFO | {'message': 'I just shared a trick! It was weird.', 'author': 'Charlie', 'timestamp': '2025-10-01 14:28:37', 'category': 'other', 'sentiment': 0.36, 'keyword_mentioned': 'other', 'message_length': 36}
2025-10-01 14:28:42 | INFO | {'message': 'I just found recipe! It was exciting.', 'author': 'Bob', 'timestamp': '2025-10-01 14:28:42', 'category': 'food', 'sentiment': 0.1, 'keyword_mentioned': 'recipe', 'message_length': 37}
2025-10-01 14:28:47 | INFO | {'message': 'I just saw travel! It was weird.', 'author': 'Charlie', 'timestamp': '2025-10-01 14:28:47', 'category': 'travel', 'sentiment': 0.47, 'keyword_mentioned': 'travel', 'message_length': 32}
2025-10-01 14:28:52 | INFO | {'message': 'I just shared game! It was amazing.', 'author': 'Alice', 'timestamp': '2025-10-01 14:28:52', 'category': 'gaming', 'sentiment': 0.56, 'keyword_mentioned': 'game', 'message_length': 35}
2025-10-01 14:28:57 | INFO | {'message': 'I just found recipe! It was amazing.', 'author': 'Bob', 'timestamp': '2025-10-01 14:28:57', 'category': 'food', 'sentiment': 0.62, 'keyword_mentioned': 'recipe', 'message_length': 36}
2025-10-01 14:29:02 | INFO | {'message': 'I just saw JavaScript! It was boring.', 'author': 'Bob', 'timestamp': '2025-10-01 14:29:02', 'category': 'tech', 'sentiment': 0.71, 'keyword_mentioned': 'JavaScript', 'message_length': 37}
2025-10-01 14:29:07 | INFO | {'message': 'I just saw a meme! It was funny.', 'author': 'Charlie', 'timestamp': '2025-10-01 14:29:07', 'category': 'humor', 'sentiment': 0.63, 'keyword_mentioned': 'meme', 'message_length': 32}
2025-10-01 14:29:12 | INFO | {'message': 'I just found game! It was weird.', 'author': 'Alice', 'timestamp': '2025-10-01 14:29:12', 'category': 'gaming', 'sentiment': 0.86, 'keyword_mentioned': 'game', 'message_length': 32}
2025-10-01 14:29:17 | INFO | {'message': 'I just tried a movie! It was boring.', 'author': 'Alice', 'timestamp': '2025-10-01 14:29:17', 'category': 'entertainment', 'sentiment': 0.44, 'keyword_mentioned': 'movie', 'message_length': 36}
2025-10-01 14:29:22 | INFO | {'message': 'I just loved travel! It was exciting.', 'author': 'Charlie', 'timestamp': '2025-10-01 14:29:22', 'category': 'travel', 'sentiment': 0.65, 'keyword_mentioned': 'travel', 'message_length': 37}
2025-10-01 14:29:27 | INFO | {'message': 'I just tried an app! It was amazing.', 'author': 'Eve', 'timestamp': '2025-10-01 14:29:27', 'category': 'other', 'sentiment': 0.34, 'keyword_mentioned': 'other', 'message_length': 36}
2025-10-01 14:29:32 | INFO | {'message': 'I just found a movie! It was boring.', 'author': 'Alice', 'timestamp': '2025-10-01 14:29:32', 'category': 'entertainment', 'sentiment': 0.18, 'keyword_mentioned': 'movie', 'message_length': 36}
2025-10-01 14:29:37 | INFO | {'message': 'I just tried an app! It was exciting.', 'author': 'Charlie', 'timestamp': '2025-10-01 14:29:37', 'category': 'other', 'sentiment': 0.59, 'keyword_mentioned': 'other', 'message_length': 37}
2025-10-01 14:29:42 | INFO | {'message': 'I just found game! It was weird.', 'author': 'Bob', 'timestamp': '2025-10-01 14:29:42', 'category': 'gaming', 'sentiment': 0.95, 'keyword_mentioned': 'game', 'message_length': 32}
2025-10-01 14:29:47 | INFO | {'message': 'I just saw travel! It was funny.', 'author': 'Charlie', 'timestamp': '2025-10-01 14:29:47', 'category': 'travel', 'sentiment': 0.25, 'keyword_mentioned': 'travel', 'message_length': 32}
2025-10-01 14:29:52 | INFO | {'message': 'I just shared travel! It was exciting.', 'author': 'Eve', 'timestamp': '2025-10-01 14:29:52', 'category': 'travel', 'sentiment': 0.69, 'keyword_mentioned': 'travel', 'message_length': 38}
2025-10-01 14:29:57 | INFO | {'message': 'I just saw a movie! It was amazing.', 'author': 'Bob', 'timestamp': '2025-10-01 14:29:57', 'category': 'entertainment', 'sentiment': 0.6, 'keyword_mentioned': 'movie', 'message_length': 35}
2025-10-01 14:30:02 | INFO | {'message': 'I just shared a trick! It was funny.', 'author': 'Bob', 'timestamp': '2025-10-01 14:30:02', 'category': 'other', 'sentiment': 0.17, 'keyword_mentioned': 'other', 'message_length': 36}
2025-10-01 14:30:07 | INFO | {'message': 'I just loved an app! It was exciting.', 'author': 'Alice', 'timestamp': '2025-10-01 14:30:07', 'category': 'other', 'sentiment': 0.15, 'keyword_mentioned': 'other', 'message_length': 37}
2025-10-01 14:30:12 | INFO | {'message': 'I just found a story! It was boring.', 'author': 'Alice', 'timestamp': '2025-10-01 14:30:12', 'category': 'other', 'sentiment': 0.14, 'keyword_mentioned': 'other', 'message_length': 36}
2025-10-01 14:30:17 | INFO | {'message': 'I just saw Python! It was amazing.', 'author': 'Bob', 'timestamp': '2025-10-01 14:30:17', 'category': 'tech', 'sentiment': 0.47, 'keyword_mentioned': 'Python', 'message_length': 34}
2025-10-01 14:30:22 | INFO | {'message': 'I just saw a meme! It was amazing.', 'author': 'Charlie', 'timestamp': '2025-10-01 14:30:22', 'category': 'humor', 'sentiment': 0.5, 'keyword_mentioned': 'meme', 'message_length': 34}
2025-10-01 14:30:27 | INFO | {'message': 'I just loved a movie! It was amazing.', 'author': 'Alice', 'timestamp': '2025-10-01 14:30:27', 'category': 'entertainment', 'sentiment': 0.89, 'keyword_mentioned': 'movie', 'message_length': 37}
2025-10-01 14:30:32 | INFO | {'message': 'I just loved JavaScript! It was weird.', 'author': 'Bob', 'timestamp': '2025-10-01 14:30:32', 'category': 'tech', 'sentiment': 0.05, 'keyword_mentioned': 'JavaScript', 'message_length': 38}
2025-10-01 14:30:37 | INFO | {'message': 'I just saw game! It was boring.', 'author': 'Charlie', 'timestamp': '2025-10-01 14:30:37', 'category': 'gaming', 'sentiment': 0.35, 'keyword_mentioned': 'game', 'message_length': 31}
2025-10-01 14:30:42 | INFO | {'message': 'I just saw game! It was weird.', 'author': 'Alice', 'timestamp': '2025-10-01 14:30:42', 'category': 'gaming', 'sentiment': 0.0, 'keyword_mentioned': 'game', 'message_length': 30}
2025-10-01 14:30:47 | INFO | {'message': 'I just loved a meme! It was boring.', 'author': 'Bob', 'timestamp': '2025-10-01 14:30:47', 'category': 'humor', 'sentiment': 0.76, 'keyword_mentioned': 'meme', 'message_length': 35}
2025-10-01 14:30:52 | INFO | {'message': 'I just found recipe! It was boring.', 'author': 'Bob', 'timestamp': '2025-10-01 14:30:52', 'category': 'food', 'sentiment': 0.25, 'keyword_mentioned': 'recipe', 'message_length': 35}
2025-10-01 14:30:57 | INFO | {'message': 'I just found Python! It was exciting.', 'author': 'Charlie', 'timestamp': '2025-10-01 14:30:57', 'category': 'tech', 'sentiment': 0.45, 'keyword_mentioned': 'Python', 'message_length': 37}
2025-10-01 14:31:02 | INFO | {'message': 'I just loved travel! It was boring.', 'author': 'Bob', 'timestamp': '2025-10-01 14:31:02', 'category': 'travel', 'sentiment': 0.07, 'keyword_mentioned': 'travel', 'message_length': 35}
2025-10-01 14:31:07 | INFO | {'message': 'I just found JavaScript! It was boring.', 'author': 'Eve', 'timestamp': '2025-10-01 14:31:07', 'category': 'tech', 'sentiment': 0.28, 'keyword_mentioned': 'JavaScript', 'message_length': 39}
2025-10-01 14:31:12 | INFO | {'message': 'I just shared JavaScript! It was exciting.', 'author': 'Eve', 'timestamp': '2025-10-01 14:31:12', 'category': 'tech', 'sentiment': 0.84, 'keyword_mentioned': 'JavaScript', 'message_length': 42}
2025-10-01 14:31:17 | INFO | {'message': 'I just shared a trick! It was exciting.', 'author': 'Alice', 'timestamp': '2025-10-01 14:31:17', 'category': 'other', 'sentiment': 0.23, 'keyword_mentioned': 'other', 'message_length': 39}
2025-10-01 14:31:22 | INFO | {'message': 'I just found travel! It was boring.', 'author': 'Charlie', 'timestamp': '2025-10-01 14:31:22', 'category': 'travel', 'sentiment': 0.77, 'keyword_mentioned': 'travel', 'message_length': 35}
2025-10-01 14:31:27 | INFO | {'message': 'I just shared recipe! It was boring.', 'author': 'Bob', 'timestamp': '2025-10-01 14:31:27', 'category': 'food', 'sentiment': 0.67, 'keyword_mentioned': 'recipe', 'message_length': 36}
2025-10-01 14:31:32 | INFO | {'message': 'I just found a movie! It was amazing.', 'author': 'Charlie', 'timestamp': '2025-10-01 14:31:32', 'category': 'entertainment', 'sentiment': 0.54, 'keyword_mentioned': 'movie', 'message_length': 37}
2025-10-01 14:31:37 | INFO | {'message': 'I just found travel! It was weird.', 'author': 'Bob', 'timestamp': '2025-10-01 14:31:37', 'category': 'travel', 'sentiment': 0.83, 'keyword_mentioned': 'travel', 'message_length': 34}
2025-10-01 14:31:42 | INFO | {'message': 'I just found a meme! It was exciting.', 'author': 'Charlie', 'timestamp': '2025-10-01 14:31:42', 'category': 'humor', 'sentiment': 0.65, 'keyword_mentioned': 'meme', 'message_length': 37}
2025-10-01 14:31:47 | INFO | {'message': 'I just saw an app! It was boring.', 'author': 'Alice', 'timestamp': '2025-10-01 14:31:47', 'category': 'other', 'sentiment': 0.58, 'keyword_mentioned': 'other', 'message_length': 33}
2025-10-01 14:31:52 | INFO | {'message': 'I just saw a story! It was weird.', 'author': 'Charlie', 'timestamp': '2025-10-01 14:31:52', 'category': 'other', 'sentiment': 0.54, 'keyword_mentioned': 'other', 'message_length': 33}
2025-10-01 14:31:57 | INFO | {'message': 'I just found JavaScript! It was exciting.', 'author': 'Eve', 'timestamp': '2025-10-01 14:31:57', 'category': 'tech', 'sentiment': 0.42, 'keyword_mentioned': 'JavaScript', 'message_length': 41}
2025-10-01 14:32:02 | INFO | {'message': 'I just shared game! It was weird.', 'author': 'Eve', 'timestamp': '2025-10-01 14:32:02', 'category': 'gaming', 'sentiment': 0.58, 'keyword_mentioned': 'game', 'message_length': 33}
2025-10-01 14:32:07 | INFO | {'message': 'I just shared JavaScript! It was boring.', 'author': 'Bob', 'timestamp': '2025-10-01 14:32:07', 'category': 'tech', 'sentiment': 0.92, 'keyword_mentioned': 'JavaScript', 'message_length': 40}
2025-10-01 14:32:12 | INFO | {'message': 'I just shared Python! It was weird.', 'author': 'Bob', 'timestamp': '2025-10-01 14:32:12', 'category': 'tech', 'sentiment': 0.92, 'keyword_mentioned': 'Python', 'message_length': 35}
2025-10-01 14:32:17 | INFO | {'message': 'I just shared a story! It was weird.', 'author': 'Alice', 'timestamp': '2025-10-01 14:32:17', 'category': 'other', 'sentiment': 0.04, 'keyword_mentioned': 'other', 'message_length': 36}
2025-10-01 14:32:22 | INFO | {'message': 'I just tried a movie! It was amazing.', 'author': 'Eve', 'timestamp': '2025-10-01 14:32:22', 'category': 'entertainment', 'sentiment': 0.37, 'keyword_mentioned': 'movie', 'message_length': 37}
2025-10-01 14:32:27 | INFO | {'message': 'I just tried Python! It was exciting.', 'author': 'Alice', 'timestamp': '2025-10-01 14:32:27', 'category': 'tech', 'sentiment': 0.14, 'keyword_mentioned': 'Python', 'message_length': 37}
2025-10-01 14:32:32 | INFO | {'message': 'I just found a movie! It was funny.', 'author': 'Alice', 'timestamp': '2025-10-01 14:32:32', 'category': 'entertainment', 'sentiment': 0.59, 'keyword_mentioned': 'movie', 'message_length': 35}
2025-10-01 14:32:37 | INFO | {'message': 'I just shared a trick! It was boring.', 'author': 'Alice', 'timestamp': '2025-10-01 14:32:37', 'category': 'other', 'sentiment': 0.85, 'keyword_mentioned': 'other', 'message_length': 37}
2025-10-01 14:32:42 | INFO | {'message': 'I just found JavaScript! It was amazing.', 'author': 'Eve', 'timestamp': '2025-10-01 14:32:42', 'category': 'tech', 'sentiment': 0.38, 'keyword_mentioned': 'JavaScript', 'message_length': 40}
2025-10-01 14:32:47 | INFO | {'message': 'I just loved travel! It was amazing.', 'author': 'Eve', 'timestamp': '2025-10-01 14:32:47', 'category': 'travel', 'sentiment': 0.29, 'keyword_mentioned': 'travel', 'message_length': 36}
2025-10-01 14:32:52 | INFO | {'message': 'I just saw JavaScript! It was weird.', 'author': 'Bob', 'timestamp': '2025-10-01 14:32:52', 'category': 'tech', 'sentiment': 0.45, 'keyword_mentioned': 'JavaScript', 'message_length': 36}
2025-10-01 14:32:57 | INFO | {'message': 'I just loved travel! It was amazing.', 'author': 'Charlie', 'timestamp': '2025-10-01 14:32:57', 'category': 'travel', 'sentiment': 0.63, 'keyword_mentioned': 'travel', 'message_length': 36}
2025-10-01 14:33:02 | INFO | {'message': 'I just found a meme! It was funny.', 'author': 'Alice', 'timestamp': '2025-10-01 14:33:02', 'category': 'humor', 'sentiment': 0.24, 'keyword_mentioned': 'meme', 'message_length': 34}
2025-10-01 14:33:07 | INFO | {'message': 'I just tried a meme! It was funny.', 'author': 'Alice', 'timestamp': '2025-10-01 14:33:07', 'category': 'humor', 'sentiment': 0.48, 'keyword_mentioned': 'meme', 'message_length': 34}
2025-10-01 14:33:12 | INFO | {'message': 'I just loved an app! It was exciting.', 'author': 'Charlie', 'timestamp': '2025-10-01 14:33:12', 'category': 'other', 'sentiment': 0.66, 'keyword_mentioned': 'other', 'message_length': 37}
2025-10-01 14:33:17 | INFO | {'message': 'I just saw game! It was boring.', 'author': 'Bob', 'timestamp': '2025-10-01 14:33:17', 'category': 'gaming', 'sentiment': 0.97, 'keyword_mentioned': 'game', 'message_length': 31}
2025-10-01 14:33:22 | INFO | {'message': 'I just shared travel! It was funny.', 'author': 'Eve', 'timestamp': '2025-10-01 14:33:22', 'category': 'travel', 'sentiment': 0.3, 'keyword_mentioned': 'travel', 'message_length': 35}
2025-10-01 14:33:27 | INFO | {'message': 'I just tried a story! It was boring.', 'author': 'Eve', 'timestamp': '2025-10-01 14:33:27', 'category': 'other', 'sentiment': 0.32, 'keyword_mentioned': 'other', 'message_length': 36}
2025-10-01 14:33:32 | INFO | {'message': 'I just loved a story! It was exciting.', 'author': 'Charlie', 'timestamp': '2025-10-01 14:33:32', 'category': 'other', 'sentiment': 0.56, 'keyword_mentioned': 'other', 'message_length': 38}
2025-10-01 14:33:37 | INFO | {'message': 'I just found recipe! It was amazing.', 'author': 'Alice', 'timestamp': '2025-10-01 14:33:37', 'category': 'food', 'sentiment': 0.02, 'keyword_mentioned': 'recipe', 'message_length': 36}
2025-10-01 14:33:42 | INFO | {'message': 'I just found a meme! It was funny.', 'author': 'Charlie', 'timestamp': '2025-10-01 14:33:42', 'category': 'humor', 'sentiment': 0.39, 'keyword_mentioned': 'meme', 'message_length': 34}
2025-10-01 14:33:47 | INFO | {'message': 'I just saw recipe! It was amazing.', 'author': 'Alice', 'timestamp': '2025-10-01 14:33:47', 'category': 'food', 'sentiment': 0.07, 'keyword_mentioned': 'recipe', 'message_length': 34}
2025-10-01 14:33:52 | INFO | {'message': 'I just shared recipe! It was funny.', 'author': 'Bob', 'timestamp': '2025-10-01 14:33:52', 'category': 'food', 'sentiment': 0.84, 'keyword_mentioned': 'recipe', 'message_length': 35}
2025-10-01 14:33:57 | INFO | {'message': 'I just shared an app! It was exciting.', 'author': 'Charlie', 'timestamp': '2025-10-01 14:33:57', 'category': 'other', 'sentiment': 0.87, 'keyword_mentioned': 'other', 'message_length': 38}
2025-10-01 14:34:02 | INFO | {'message': 'I just loved a story! It was exciting.', 'author': 'Eve', 'timestamp': '2025-10-01 14:34:02', 'category': 'other', 'sentiment': 0.67, 'keyword_mentioned': 'other', 'message_length': 38}
2025-10-01 14:34:07 | INFO | {'message': 'I just tried travel! It was funny.', 'author': 'Bob', 'timestamp': '2025-10-01 14:34:07', 'category': 'travel', 'sentiment': 0.42, 'keyword_mentioned': 'travel', 'message_length': 34}
2025-10-01 14:34:12 | INFO | {'message': 'I just tried an app! It was exciting.', 'author': 'Alice', 'timestamp': '2025-10-01 14:34:12', 'category': 'other', 'sentiment': 0.57, 'keyword_mentioned': 'other', 'message_length': 37}
2025-10-01 14:34:17 | INFO | {'message': 'I just loved recipe! It was boring.', 'author': 'Bob', 'timestamp': '2025-10-01 14:34:17', 'category': 'food', 'sentiment': 0.99, 'keyword_mentioned': 'recipe', 'message_length': 35}
2025-10-01 14:34:22 | INFO | {'message': 'I just found Python! It was weird.', 'author': 'Bob', 'timestamp': '2025-10-01 14:34:22', 'category': 'tech', 'sentiment': 0.43, 'keyword_mentioned': 'Python', 'message_length': 34}
2025-10-01 14:34:27 | INFO | {'message': 'I just shared an app! It was funny.', 'author': 'Eve', 'timestamp': '2025-10-01 14:34:27', 'category': 'other', 'sentiment': 0.21, 'keyword_mentioned': 'other', 'message_length': 35}
2025-10-01 14:34:32 | INFO | {'message': 'I just loved a movie! It was weird.', 'author': 'Charlie', 'timestamp': '2025-10-01 14:34:32', 'category': 'entertainment', 'sentiment': 0.08, 'keyword_mentioned': 'movie', 'message_length': 35}
2025-10-01 14:34:37 | INFO | {'message': 'I just found an app! It was funny.', 'author': 'Bob', 'timestamp': '2025-10-01 14:34:37', 'category': 'other', 'sentiment': 0.4, 'keyword_mentioned': 'other', 'message_length': 34}
2025-10-01 14:34:42 | INFO | {'message': 'I just loved a story! It was exciting.', 'author': 'Eve', 'timestamp': '2025-10-01 14:34:42', 'category': 'other', 'sentiment': 0.77, 'keyword_mentioned': 'other', 'message_length': 38}
2025-10-01 14:34:47 | INFO | {'message': 'I just found a trick! It was amazing.', 'author': 'Eve', 'timestamp': '2025-10-01 14:34:47', 'category': 'other', 'sentiment': 0.88, 'keyword_mentioned': 'other', 'message_length': 37}
2025-10-01 14:34:52 | INFO | {'message': 'I just found a movie! It was funny.', 'author': 'Alice', 'timestamp': '2025-10-01 14:34:52', 'category': 'entertainment', 'sentiment': 0.09, 'keyword_mentioned': 'movie', 'message_length': 35}
2025-10-01 14:34:57 | INFO | {'message': 'I just shared a story! It was weird.', 'author': 'Alice', 'timestamp': '2025-10-01 14:34:57', 'category': 'other', 'sentiment': 0.15, 'keyword_mentioned': 'other', 'message_length': 36}
2025-10-01 14:35:02 | INFO | {'message': 'I just shared Python! It was weird.', 'author': 'Bob', 'timestamp': '2025-10-01 14:35:02', 'category': 'tech', 'sentiment': 0.23, 'keyword_mentioned': 'Python', 'message_length': 35}
2025-10-01 14:35:07 | INFO | {'message': 'I just saw a trick! It was amazing.', 'author': 'Eve', 'timestamp': '2025-10-01 14:35:07', 'category': 'other', 'sentiment': 0.23, 'keyword_mentioned': 'other', 'message_length': 35}
2025-10-01 14:35:12 | INFO | {'message': 'I just tried a trick! It was boring.', 'author': 'Charlie', 'timestamp': '2025-10-01 14:35:12', 'category': 'other', 'sentiment': 0.94, 'keyword_mentioned': 'other', 'message_length': 36}
2025-10-01 14:35:17 | INFO | {'message': 'I just loved a story! It was weird.', 'author': 'Eve', 'timestamp': '2025-10-01 14:35:17', 'category': 'other', 'sentiment': 0.34, 'keyword_mentioned': 'other', 'message_length': 35}
2025-10-01 14:35:22 | INFO | {'message': 'I just saw a trick! It was amazing.', 'author': 'Eve', 'timestamp': '2025-10-01 14:35:22', 'category': 'other', 'sentiment': 0.49, 'keyword_mentioned': 'other', 'message_length': 35}
2025-10-01 14:35:27 | INFO | {'message': 'I just found Python! It was amazing.', 'author': 'Eve', 'timestamp': '2025-10-01 14:35:27', 'category': 'tech', 'sentiment': 0.54, 'keyword_mentioned': 'Python', 'message_length': 36}
2025-10-01 14:35:32 | INFO | {'message': 'I just tried game! It was weird.', 'author': 'Alice', 'timestamp': '2025-10-01 14:35:32', 'category': 'gaming', 'sentiment': 0.35, 'keyword_mentioned': 'game', 'message_length': 32}
2025-10-01 14:35:37 | INFO | {'message': 'I just saw game! It was boring.', 'author': 'Charlie', 'timestamp': '2025-10-01 14:35:37', 'category': 'gaming', 'sentiment': 0.77, 'keyword_mentioned': 'game', 'message_length': 31}
2025-10-01 14:35:42 | INFO | {'message': 'I just loved a meme! It was weird.', 'author': 'Bob', 'timestamp': '2025-10-01 14:35:42', 'category': 'humor', 'sentiment': 0.07, 'keyword_mentioned': 'meme', 'message_length': 34}
2025-10-01 14:35:47 | INFO | {'message': 'I just tried an app! It was funny.', 'author': 'Eve', 'timestamp': '2025-10-01 14:35:47', 'category': 'other', 'sentiment': 0.08, 'keyword_mentioned': 'other', 'message_length': 34}
2025-10-01 14:35:52 | INFO | {'message': 'I just saw an app! It was weird.', 'author': 'Charlie', 'timestamp': '2025-10-01 14:35:52', 'category': 'other', 'sentiment': 0.52, 'keyword_mentioned': 'other', 'message_length': 32}
2025-10-01 14:35:57 | INFO | {'message': 'I just found a story! It was amazing.', 'author': 'Charlie', 'timestamp': '2025-10-01 14:35:57', 'category': 'other', 'sentiment': 0.68, 'keyword_mentioned': 'other', 'message_length': 37}
2025-10-01 14:36:02 | INFO | {'message': 'I just tried JavaScript! It was amazing.', 'author': 'Eve', 'timestamp': '2025-10-01 14:36:02', 'category': 'tech', 'sentiment': 0.33, 'keyword_mentioned': 'JavaScript', 'message_length': 40}
2025-10-01 14:36:07 | INFO | {'message': 'I just found JavaScript! It was weird.', 'author': 'Charlie', 'timestamp': '2025-10-01 14:36:07', 'category': 'tech', 'sentiment': 0.06, 'keyword_mentioned': 'JavaScript', 'message_length': 38}
2025-10-01 14:36:12 | INFO | {'message': 'I just saw a story! It was funny.', 'author': 'Alice', 'timestamp': '2025-10-01 14:36:12', 'category': 'other', 'sentiment': 0.36, 'keyword_mentioned': 'other', 'message_length': 33}
2025-10-01 14:36:17 | INFO | {'message': 'I just shared game! It was exciting.', 'author': 'Eve', 'timestamp': '2025-10-01 14:36:17', 'category': 'gaming', 'sentiment': 0.21, 'keyword_mentioned': 'game', 'message_length': 36}
2025-10-01 14:36:22 | INFO | {'message': 'I just loved Python! It was weird.', 'author': 'Alice', 'timestamp': '2025-10-01 14:36:22', 'category': 'tech', 'sentiment': 0.69, 'keyword_mentioned': 'Python', 'message_length': 34}
2025-10-01 14:36:27 | INFO | {'message': 'I just loved an app! It was weird.', 'author': 'Bob', 'timestamp': '2025-10-01 14:36:27', 'category': 'other', 'sentiment': 0.53, 'keyword_mentioned': 'other', 'message_length': 34}
2025-10-01 14:36:32 | INFO | {'message': 'I just loved JavaScript! It was weird.', 'author': 'Bob', 'timestamp': '2025-10-01 14:36:32', 'category': 'tech', 'sentiment': 0.74, 'keyword_mentioned': 'JavaScript', 'message_length': 38}
2025-10-01 14:36:37 | INFO | {'message': 'I just shared an app! It was exciting.', 'author': 'Bob', 'timestamp': '2025-10-01 14:36:37', 'category': 'other', 'sentiment': 0.04, 'keyword_mentioned': 'other', 'message_length': 38}
2025-10-01 14:36:42 | INFO | {'message': 'I just loved recipe! It was weird.', 'author': 'Charlie', 'timestamp': '2025-10-01 14:36:42', 'category': 'food', 'sentiment': 0.91, 'keyword_mentioned': 'recipe', 'message_length': 34}
2025-10-01 14:36:47 | INFO | {'message': 'I just tried travel! It was funny.', 'author': 'Charlie', 'timestamp': '2025-10-01 14:36:47', 'category': 'travel', 'sentiment': 0.62, 'keyword_mentioned': 'travel', 'message_length': 34}
2025-10-01 14:36:52 | INFO | {'message': 'I just shared an app! It was weird.', 'author': 'Alice', 'timestamp': '2025-10-01 14:36:52', 'category': 'other', 'sentiment': 0.86, 'keyword_mentioned': 'other', 'message_length': 35}
2025-10-01 14:36:57 | INFO | {'message': 'I just saw travel! It was funny.', 'author': 'Bob', 'timestamp': '2025-10-01 14:36:57', 'category': 'travel', 'sentiment': 0.59, 'keyword_mentioned': 'travel', 'message_length': 32}
2025-10-01 14:37:02 | INFO | {'message': 'I just shared a meme! It was boring.', 'author': 'Alice', 'timestamp': '2025-10-01 14:37:02', 'category': 'humor', 'sentiment': 0.66, 'keyword_mentioned': 'meme', 'message_length': 36}
2025-10-01 14:37:07 | INFO | {'message': 'I just shared game! It was boring.', 'author': 'Charlie', 'timestamp': '2025-10-01 14:37:07', 'category': 'gaming', 'sentiment': 0.93, 'keyword_mentioned': 'game', 'message_length': 34}
2025-10-01 14:37:12 | INFO | {'message': 'I just found JavaScript! It was amazing.', 'author': 'Bob', 'timestamp': '2025-10-01 14:37:12', 'category': 'tech', 'sentiment': 0.8, 'keyword_mentioned': 'JavaScript', 'message_length': 40}
2025-10-01 14:37:17 | INFO | {'message': 'I just loved Python! It was weird.', 'author': 'Charlie', 'timestamp': '2025-10-01 14:37:17', 'category': 'tech', 'sentiment': 0.6, 'keyword_mentioned': 'Python', 'message_length': 34}
2025-10-01 14:37:22 | INFO | {'message': 'I just saw JavaScript! It was boring.', 'author': 'Charlie', 'timestamp': '2025-10-01 14:37:22', 'category': 'tech', 'sentiment': 0.27, 'keyword_mentioned': 'JavaScript', 'message_length': 37}
2025-10-01 14:37:27 | INFO | {'message': 'I just saw an app! It was exciting.', 'author': 'Charlie', 'timestamp': '2025-10-01 14:37:27', 'category': 'other', 'sentiment': 0.38, 'keyword_mentioned': 'other', 'message_length': 35}
2025-10-01 14:37:32 | INFO | {'message': 'I just found travel! It was exciting.', 'author': 'Charlie', 'timestamp': '2025-10-01 14:37:32', 'category': 'travel', 'sentiment': 0.95, 'keyword_mentioned': 'travel', 'message_length': 37}
2025-10-01 14:37:37 | INFO | {'message': 'I just tried a trick! It was amazing.', 'author': 'Bob', 'timestamp': '2025-10-01 14:37:37', 'category': 'other', 'sentiment': 0.99, 'keyword_mentioned': 'other', 'message_length': 37}
2025-10-01 14:37:42 | INFO | {'message': 'I just saw a movie! It was boring.', 'author': 'Eve', 'timestamp': '2025-10-01 14:37:42', 'category': 'entertainment', 'sentiment': 0.84, 'keyword_mentioned': 'movie', 'message_length': 34}
2025-10-01 14:37:47 | INFO | {'message': 'I just saw a meme! It was funny.', 'author': 'Charlie', 'timestamp': '2025-10-01 14:37:47', 'category': 'humor', 'sentiment': 0.44, 'keyword_mentioned': 'meme', 'message_length': 32}
2025-10-01 14:37:52 | INFO | {'message': 'I just shared a trick! It was funny.', 'author': 'Alice', 'timestamp': '2025-10-01 14:37:52', 'category': 'other', 'sentiment': 0.1, 'keyword_mentioned': 'other', 'message_length': 36}
2025-10-01 14:37:57 | INFO | {'message': 'I just shared a story! It was weird.', 'author': 'Alice', 'timestamp': '2025-10-01 14:37:57', 'category': 'other', 'sentiment': 0.27, 'keyword_mentioned': 'other', 'message_length': 36}
2025-10-01 14:38:02 | INFO | {'message': 'I just shared a trick! It was funny.', 'author': 'Bob', 'timestamp': '2025-10-01 14:38:02', 'category': 'other', 'sentiment': 0.03, 'keyword_mentioned': 'other', 'message_length': 36}
2025-10-01 14:38:07 | INFO | {'message': 'I just saw a trick! It was exciting.', 'author': 'Charlie', 'timestamp': '2025-10-01 14:38:07', 'category': 'other', 'sentiment': 0.84, 'keyword_mentioned': 'other', 'message_length': 36}
2025-10-01 14:38:12 | INFO | {'message': 'I just saw a movie! It was weird.', 'author': 'Charlie', 'timestamp': '2025-10-01 14:38:12', 'category': 'entertainment', 'sentiment': 0.51, 'keyword_mentioned': 'movie', 'message_length': 33}
2025-10-01 14:38:17 | INFO | {'message': 'I just tried recipe! It was funny.', 'author': 'Charlie', 'timestamp': '2025-10-01 14:38:17', 'category': 'food', 'sentiment': 0.34, 'keyword_mentioned': 'recipe', 'message_length': 34}
2025-10-01 14:38:22 | INFO | {'message': 'I just tried travel! It was weird.', 'author': 'Charlie', 'timestamp': '2025-10-01 14:38:22', 'category': 'travel', 'sentiment': 0.87, 'keyword_mentioned': 'travel', 'message_length': 34}
2025-10-01 14:38:27 | INFO | {'message': 'I just loved game! It was boring.', 'author': 'Eve', 'timestamp': '2025-10-01 14:38:27', 'category': 'gaming', 'sentiment': 0.23, 'keyword_mentioned': 'game', 'message_length': 33}
2025-10-01 14:38:32 | INFO | {'message': 'I just saw recipe! It was exciting.', 'author': 'Bob', 'timestamp': '2025-10-01 14:38:32', 'category': 'food', 'sentiment': 0.57, 'keyword_mentioned': 'recipe', 'message_length': 35}
2025-10-01 14:38:37 | INFO | {'message': 'I just tried game! It was exciting.', 'author': 'Eve', 'timestamp': '2025-10-01 14:38:37', 'category': 'gaming', 'sentiment': 0.93, 'keyword_mentioned': 'game', 'message_length': 35}
2025-10-01 14:38:42 | INFO | {'message': 'I just saw game! It was boring.', 'author': 'Alice', 'timestamp': '2025-10-01 14:38:42', 'category': 'gaming', 'sentiment': 0.6, 'keyword_mentioned': 'game', 'message_length': 31}
2025-10-01 14:38:47 | INFO | {'message': 'I just saw a trick! It was amazing.', 'author': 'Eve', 'timestamp': '2025-10-01 14:38:47', 'category': 'other', 'sentiment': 0.81, 'keyword_mentioned': 'other', 'message_length': 35}
2025-10-01 14:38:52 | INFO | {'message': 'I just found JavaScript! It was amazing.', 'author': 'Bob', 'timestamp': '2025-10-01 14:38:52', 'category': 'tech', 'sentiment': 0.37, 'keyword_mentioned': 'JavaScript', 'message_length': 40}
2025-10-01 14:38:57 | INFO | {'message': 'I just tried a meme! It was funny.', 'author': 'Eve', 'timestamp': '2025-10-01 14:38:57', 'category': 'humor', 'sentiment': 0.79, 'keyword_mentioned': 'meme', 'message_length': 34}
2025-10-01 14:39:02 | INFO | {'message': 'I just found game! It was boring.', 'author': 'Charlie', 'timestamp': '2025-10-01 14:39:02', 'category': 'gaming', 'sentiment': 0.16, 'keyword_mentioned': 'game', 'message_length': 33}
2025-10-01 14:39:08 | INFO | {'message': 'I just found a story! It was funny.', 'author': 'Eve', 'timestamp': '2025-10-01 14:39:08', 'category': 'other', 'sentiment': 0.13, 'keyword_mentioned': 'other', 'message_length': 35}
2025-10-01 14:39:13 | INFO | {'message': 'I just saw JavaScript! It was exciting.', 'author': 'Charlie', 'timestamp': '2025-10-01 14:39:13', 'category': 'tech', 'sentiment': 0.97, 'keyword_mentioned': 'JavaScript', 'message_length': 39}
2025-10-01 14:39:18 | INFO | {'message': 'I just shared recipe! It was weird.', 'author': 'Alice', 'timestamp': '2025-10-01 14:39:18', 'category': 'food', 'sentiment': 0.42, 'keyword_mentioned': 'recipe', 'message_length': 35}
2025-10-01 14:39:23 | INFO | {'message': 'I just loved a story! It was amazing.', 'author': 'Eve', 'timestamp': '2025-10-01 14:39:23', 'category': 'other', 'sentiment': 0.13, 'keyword_mentioned': 'other', 'message_length': 37}
2025-10-01 14:39:23 | INFO | Logging to file: logs/project_log.log
2025-10-01 14:39:23 | INFO | Log sanitization enabled, personal info removed
2025-10-01 14:39:23 | INFO | Starting Consumer to run continuously.
2025-10-01 14:39:23 | INFO | Things can fail or get interrupted, so use a try block.
2025-10-01 14:39:23 | INFO | Moved .env variables into a utils config module.
2025-10-01 14:39:23 | INFO | Using utils_config for environment variables.
2025-10-01 14:39:23 | INFO | STEP 1. Read environment variables using new config functions.
2025-10-01 14:39:23 | INFO | BUZZ_TOPIC: buzzline
2025-10-01 14:39:23 | INFO | KAFKA_BROKER_ADDRESS: localhost:9092
2025-10-01 14:39:23 | INFO | BUZZ_CONSUMER_GROUP_ID: buzz_group
2025-10-01 14:39:23 | INFO | MESSAGE_INTERVAL_SECONDS: 5
2025-10-01 14:39:23 | INFO | BASE_DATA_DIR: PROJECT_ROOT/data
2025-10-01 14:39:23 | INFO | SQLITE_PATH: PROJECT_ROOT/data/buzz.sqlite
2025-10-01 14:39:23 | INFO | SUCCESS: Read environment variables.
2025-10-01 14:39:23 | INFO | STEP 2. Delete any prior database file for a fresh start.
2025-10-01 14:39:23 | INFO | SUCCESS: Deleted database file.
2025-10-01 14:39:23 | INFO | STEP 3. Initialize a new database with an empty table.
2025-10-01 14:39:23 | INFO | Calling SQLite init_db() with {db_path=}.
2025-10-01 14:39:23 | INFO | SUCCESS: Got a cursor to execute SQL.
2025-10-01 14:39:23 | INFO | SUCCESS: Database initialized and table ready at PROJECT_ROOT/data/buzz.sqlite.
2025-10-01 14:39:23 | INFO | STEP 4. Begin consuming and storing messages.
2025-10-01 14:39:23 | INFO | Called consume_messages_from_kafka() with:
2025-10-01 14:39:23 | INFO |    topic='buzzline'
2025-10-01 14:39:23 | INFO |    kafka_url='localhost:9092'
2025-10-01 14:39:23 | INFO |    group='buzz_group'
2025-10-01 14:39:23 | INFO |    sql_path=WindowsPath('C:/Data_Projects/buzzline-05-strickland/data/buzz.sqlite')
2025-10-01 14:39:23 | INFO |    interval_secs=5
2025-10-01 14:39:23 | INFO | Step 1. Verify Kafka Services.
2025-10-01 14:39:23 | INFO | Kafka broker address: localhost:9092
2025-10-01 14:39:24 | INFO | Kafka is ready. Brokers: {'throttle_time_ms': 0, 'brokers': [{'node_id': 1, 'host': 'localhost', 'port': 9092, 'rack': None}], 'cluster_id': 'tiKA5ugtSiOWXLR-EAHeUA', 'controller_id': 1}
2025-10-01 14:39:24 | INFO | Step 2. Verify topic exists.
2025-10-01 14:39:24 | INFO | Kafka topic 'buzzline' is ready.
2025-10-01 14:39:24 | INFO | Step 3. Create a Kafka consumer.
2025-10-01 14:39:24 | INFO | Step 4. Process messages.(streaming). Ctrl+C to stop
2025-10-01 14:39:24 | ERROR | ERROR: Could not consume messages from Kafka: Invalid file descriptor: -1
2025-10-01 14:39:24 | INFO | Consumer loop ended.
2025-10-01 14:39:24 | ERROR | Unexpected error: Invalid file descriptor: -1
2025-10-01 14:39:24 | INFO | Consumer shutting down.
2025-10-01 14:39:28 | INFO | {'message': 'I just tried a trick! It was boring.', 'author': 'Alice', 'timestamp': '2025-10-01 14:39:28', 'category': 'other', 'sentiment': 0.72, 'keyword_mentioned': 'other', 'message_length': 36}
2025-10-01 14:39:33 | INFO | {'message': 'I just shared an app! It was exciting.', 'author': 'Charlie', 'timestamp': '2025-10-01 14:39:33', 'category': 'other', 'sentiment': 0.31, 'keyword_mentioned': 'other', 'message_length': 38}
2025-10-01 14:39:38 | INFO | {'message': 'I just loved a movie! It was boring.', 'author': 'Eve', 'timestamp': '2025-10-01 14:39:38', 'category': 'entertainment', 'sentiment': 0.94, 'keyword_mentioned': 'movie', 'message_length': 36}
2025-10-01 14:39:43 | INFO | {'message': 'I just saw a story! It was funny.', 'author': 'Charlie', 'timestamp': '2025-10-01 14:39:43', 'category': 'other', 'sentiment': 0.3, 'keyword_mentioned': 'other', 'message_length': 33}
2025-10-01 14:39:48 | INFO | {'message': 'I just shared a meme! It was exciting.', 'author': 'Alice', 'timestamp': '2025-10-01 14:39:48', 'category': 'humor', 'sentiment': 0.41, 'keyword_mentioned': 'meme', 'message_length': 38}
2025-10-01 14:39:53 | INFO | {'message': 'I just shared a story! It was funny.', 'author': 'Bob', 'timestamp': '2025-10-01 14:39:53', 'category': 'other', 'sentiment': 0.39, 'keyword_mentioned': 'other', 'message_length': 36}
2025-10-01 14:39:58 | INFO | {'message': 'I just tried recipe! It was weird.', 'author': 'Bob', 'timestamp': '2025-10-01 14:39:58', 'category': 'food', 'sentiment': 0.91, 'keyword_mentioned': 'recipe', 'message_length': 34}
2025-10-01 14:40:03 | INFO | {'message': 'I just shared a meme! It was boring.', 'author': 'Eve', 'timestamp': '2025-10-01 14:40:03', 'category': 'humor', 'sentiment': 0.32, 'keyword_mentioned': 'meme', 'message_length': 36}
2025-10-01 14:40:08 | INFO | {'message': 'I just shared recipe! It was funny.', 'author': 'Charlie', 'timestamp': '2025-10-01 14:40:08', 'category': 'food', 'sentiment': 0.6, 'keyword_mentioned': 'recipe', 'message_length': 35}
2025-10-01 14:40:13 | INFO | {'message': 'I just tried Python! It was boring.', 'author': 'Eve', 'timestamp': '2025-10-01 14:40:13', 'category': 'tech', 'sentiment': 0.65, 'keyword_mentioned': 'Python', 'message_length': 35}
2025-10-01 14:40:18 | INFO | {'message': 'I just saw travel! It was boring.', 'author': 'Charlie', 'timestamp': '2025-10-01 14:40:18', 'category': 'travel', 'sentiment': 0.52, 'keyword_mentioned': 'travel', 'message_length': 33}
2025-10-01 14:40:23 | INFO | {'message': 'I just loved an app! It was exciting.', 'author': 'Eve', 'timestamp': '2025-10-01 14:40:23', 'category': 'other', 'sentiment': 0.48, 'keyword_mentioned': 'other', 'message_length': 37}
2025-10-01 14:40:28 | INFO | {'message': 'I just loved a trick! It was funny.', 'author': 'Bob', 'timestamp': '2025-10-01 14:40:28', 'category': 'other', 'sentiment': 0.08, 'keyword_mentioned': 'other', 'message_length': 35}
2025-10-01 14:40:33 | INFO | {'message': 'I just tried JavaScript! It was boring.', 'author': 'Bob', 'timestamp': '2025-10-01 14:40:33', 'category': 'tech', 'sentiment': 0.38, 'keyword_mentioned': 'JavaScript', 'message_length': 39}
2025-10-01 14:40:38 | INFO | {'message': 'I just found JavaScript! It was funny.', 'author': 'Alice', 'timestamp': '2025-10-01 14:40:38', 'category': 'tech', 'sentiment': 0.34, 'keyword_mentioned': 'JavaScript', 'message_length': 38}
2025-10-01 14:40:43 | INFO | {'message': 'I just loved a meme! It was weird.', 'author': 'Bob', 'timestamp': '2025-10-01 14:40:43', 'category': 'humor', 'sentiment': 0.02, 'keyword_mentioned': 'meme', 'message_length': 34}
2025-10-01 14:40:48 | INFO | {'message': 'I just loved Python! It was funny.', 'author': 'Eve', 'timestamp': '2025-10-01 14:40:48', 'category': 'tech', 'sentiment': 0.61, 'keyword_mentioned': 'Python', 'message_length': 34}
2025-10-01 14:40:53 | INFO | {'message': 'I just found a meme! It was weird.', 'author': 'Charlie', 'timestamp': '2025-10-01 14:40:53', 'category': 'humor', 'sentiment': 0.6, 'keyword_mentioned': 'meme', 'message_length': 34}
2025-10-01 14:40:58 | INFO | {'message': 'I just tried Python! It was amazing.', 'author': 'Alice', 'timestamp': '2025-10-01 14:40:58', 'category': 'tech', 'sentiment': 0.06, 'keyword_mentioned': 'Python', 'message_length': 36}
2025-10-01 14:41:03 | INFO | {'message': 'I just loved game! It was amazing.', 'author': 'Bob', 'timestamp': '2025-10-01 14:41:03', 'category': 'gaming', 'sentiment': 0.09, 'keyword_mentioned': 'game', 'message_length': 34}
2025-10-01 14:41:08 | INFO | {'message': 'I just loved travel! It was boring.', 'author': 'Charlie', 'timestamp': '2025-10-01 14:41:08', 'category': 'travel', 'sentiment': 0.97, 'keyword_mentioned': 'travel', 'message_length': 35}
2025-10-01 14:41:13 | INFO | {'message': 'I just found game! It was weird.', 'author': 'Bob', 'timestamp': '2025-10-01 14:41:13', 'category': 'gaming', 'sentiment': 0.29, 'keyword_mentioned': 'game', 'message_length': 32}
