2025-10-01 15:51:01 | INFO | {'message': 'I just found travel! It was boring.', 'author': 'Bob', 'timestamp': '2025-10-01 15:51:01', 'category': 'travel', 'sentiment': 0.46, 'keyword_mentioned': 'travel', 'message_length': 35}
2025-10-01 15:51:01 | INFO | Called process_message() with:
2025-10-01 15:51:01 | INFO |    message={'message': 'I just found travel! It was boring.', 'author': 'Bob', 'timestamp': '2025-10-01 15:51:01', 'category': 'travel', 'sentiment': 0.46, 'keyword_mentioned': 'travel', 'message_length': 35}
2025-10-01 15:51:01 | INFO | Calling SQLite insert_message() with:
2025-10-01 15:51:01 | INFO | message={'message': 'I just found travel! It was boring.', 'author': 'Bob', 'timestamp': '2025-10-01 15:51:01', 'category': 'travel', 'sentiment': 0.46, 'keyword_mentioned': 'travel', 'message_length': 35}
2025-10-01 15:51:01 | INFO | db_path=WindowsPath('C:/Data_Projects/buzzline-05-strickland/data/buzz.sqlite')
2025-10-01 15:51:01 | INFO | Inserted one message into the database.
2025-10-01 15:51:06 | INFO | {'message': 'I just shared a trick! It was amazing.', 'author': 'Bob', 'timestamp': '2025-10-01 15:51:06', 'category': 'other', 'sentiment': 0.37, 'keyword_mentioned': 'other', 'message_length': 38}
2025-10-01 15:51:06 | INFO | Called process_message() with:
2025-10-01 15:51:06 | INFO |    message={'message': 'I just shared a trick! It was amazing.', 'author': 'Bob', 'timestamp': '2025-10-01 15:51:06', 'category': 'other', 'sentiment': 0.37, 'keyword_mentioned': 'other', 'message_length': 38}
2025-10-01 15:51:06 | INFO | Calling SQLite insert_message() with:
2025-10-01 15:51:06 | INFO | message={'message': 'I just shared a trick! It was amazing.', 'author': 'Bob', 'timestamp': '2025-10-01 15:51:06', 'category': 'other', 'sentiment': 0.37, 'keyword_mentioned': 'other', 'message_length': 38}
2025-10-01 15:51:06 | INFO | db_path=WindowsPath('C:/Data_Projects/buzzline-05-strickland/data/buzz.sqlite')
2025-10-01 15:51:06 | INFO | Inserted one message into the database.
2025-10-01 15:51:11 | INFO | {'message': 'I just tried recipe! It was weird.', 'author': 'Eve', 'timestamp': '2025-10-01 15:51:11', 'category': 'food', 'sentiment': 0.28, 'keyword_mentioned': 'recipe', 'message_length': 34}
2025-10-01 15:51:11 | INFO | Called process_message() with:
2025-10-01 15:51:11 | INFO |    message={'message': 'I just tried recipe! It was weird.', 'author': 'Eve', 'timestamp': '2025-10-01 15:51:11', 'category': 'food', 'sentiment': 0.28, 'keyword_mentioned': 'recipe', 'message_length': 34}
2025-10-01 15:51:11 | INFO | Calling SQLite insert_message() with:
2025-10-01 15:51:11 | INFO | message={'message': 'I just tried recipe! It was weird.', 'author': 'Eve', 'timestamp': '2025-10-01 15:51:11', 'category': 'food', 'sentiment': 0.28, 'keyword_mentioned': 'recipe', 'message_length': 34}
2025-10-01 15:51:11 | INFO | db_path=WindowsPath('C:/Data_Projects/buzzline-05-strickland/data/buzz.sqlite')
2025-10-01 15:51:11 | INFO | Inserted one message into the database.
2025-10-01 15:51:16 | INFO | {'message': 'I just loved a movie! It was exciting.', 'author': 'Alice', 'timestamp': '2025-10-01 15:51:16', 'category': 'entertainment', 'sentiment': 0.72, 'keyword_mentioned': 'movie', 'message_length': 38}
2025-10-01 15:51:16 | INFO | Called process_message() with:
2025-10-01 15:51:16 | INFO |    message={'message': 'I just loved a movie! It was exciting.', 'author': 'Alice', 'timestamp': '2025-10-01 15:51:16', 'category': 'entertainment', 'sentiment': 0.72, 'keyword_mentioned': 'movie', 'message_length': 38}
2025-10-01 15:51:16 | INFO | Calling SQLite insert_message() with:
2025-10-01 15:51:16 | INFO | message={'message': 'I just loved a movie! It was exciting.', 'author': 'Alice', 'timestamp': '2025-10-01 15:51:16', 'category': 'entertainment', 'sentiment': 0.72, 'keyword_mentioned': 'movie', 'message_length': 38}
2025-10-01 15:51:16 | INFO | db_path=WindowsPath('C:/Data_Projects/buzzline-05-strickland/data/buzz.sqlite')
2025-10-01 15:51:16 | INFO | Inserted one message into the database.
2025-10-01 15:51:21 | INFO | {'message': 'I just shared JavaScript! It was amazing.', 'author': 'Eve', 'timestamp': '2025-10-01 15:51:21', 'category': 'tech', 'sentiment': 0.91, 'keyword_mentioned': 'JavaScript', 'message_length': 41}
2025-10-01 15:51:21 | INFO | Called process_message() with:
2025-10-01 15:51:21 | INFO |    message={'message': 'I just shared JavaScript! It was amazing.', 'author': 'Eve', 'timestamp': '2025-10-01 15:51:21', 'category': 'tech', 'sentiment': 0.91, 'keyword_mentioned': 'JavaScript', 'message_length': 41}
2025-10-01 15:51:21 | INFO | Calling SQLite insert_message() with:
2025-10-01 15:51:21 | INFO | message={'message': 'I just shared JavaScript! It was amazing.', 'author': 'Eve', 'timestamp': '2025-10-01 15:51:21', 'category': 'tech', 'sentiment': 0.91, 'keyword_mentioned': 'JavaScript', 'message_length': 41}
2025-10-01 15:51:21 | INFO | db_path=WindowsPath('C:/Data_Projects/buzzline-05-strickland/data/buzz.sqlite')
2025-10-01 15:51:21 | INFO | Inserted one message into the database.
2025-10-01 15:51:26 | INFO | {'message': 'I just shared an app! It was exciting.', 'author': 'Eve', 'timestamp': '2025-10-01 15:51:26', 'category': 'other', 'sentiment': 0.74, 'keyword_mentioned': 'other', 'message_length': 38}
2025-10-01 15:51:26 | INFO | Called process_message() with:
2025-10-01 15:51:26 | INFO |    message={'message': 'I just shared an app! It was exciting.', 'author': 'Eve', 'timestamp': '2025-10-01 15:51:26', 'category': 'other', 'sentiment': 0.74, 'keyword_mentioned': 'other', 'message_length': 38}
2025-10-01 15:51:26 | INFO | Calling SQLite insert_message() with:
2025-10-01 15:51:26 | INFO | message={'message': 'I just shared an app! It was exciting.', 'author': 'Eve', 'timestamp': '2025-10-01 15:51:26', 'category': 'other', 'sentiment': 0.74, 'keyword_mentioned': 'other', 'message_length': 38}
2025-10-01 15:51:26 | INFO | db_path=WindowsPath('C:/Data_Projects/buzzline-05-strickland/data/buzz.sqlite')
2025-10-01 15:51:26 | INFO | Inserted one message into the database.
2025-10-01 15:51:31 | INFO | {'message': 'I just loved Python! It was weird.', 'author': 'Eve', 'timestamp': '2025-10-01 15:51:31', 'category': 'tech', 'sentiment': 0.63, 'keyword_mentioned': 'Python', 'message_length': 34}
2025-10-01 15:51:31 | INFO | Called process_message() with:
2025-10-01 15:51:31 | INFO |    message={'message': 'I just loved Python! It was weird.', 'author': 'Eve', 'timestamp': '2025-10-01 15:51:31', 'category': 'tech', 'sentiment': 0.63, 'keyword_mentioned': 'Python', 'message_length': 34}
2025-10-01 15:51:31 | INFO | Calling SQLite insert_message() with:
2025-10-01 15:51:31 | INFO | message={'message': 'I just loved Python! It was weird.', 'author': 'Eve', 'timestamp': '2025-10-01 15:51:31', 'category': 'tech', 'sentiment': 0.63, 'keyword_mentioned': 'Python', 'message_length': 34}
2025-10-01 15:51:31 | INFO | db_path=WindowsPath('C:/Data_Projects/buzzline-05-strickland/data/buzz.sqlite')
2025-10-01 15:51:31 | INFO | Inserted one message into the database.
2025-10-01 15:51:36 | INFO | {'message': 'I just loved a movie! It was amazing.', 'author': 'Charlie', 'timestamp': '2025-10-01 15:51:36', 'category': 'entertainment', 'sentiment': 0.94, 'keyword_mentioned': 'movie', 'message_length': 37}
2025-10-01 15:51:36 | INFO | Called process_message() with:
2025-10-01 15:51:36 | INFO |    message={'message': 'I just loved a movie! It was amazing.', 'author': 'Charlie', 'timestamp': '2025-10-01 15:51:36', 'category': 'entertainment', 'sentiment': 0.94, 'keyword_mentioned': 'movie', 'message_length': 37}
2025-10-01 15:51:36 | INFO | Calling SQLite insert_message() with:
2025-10-01 15:51:36 | INFO | message={'message': 'I just loved a movie! It was amazing.', 'author': 'Charlie', 'timestamp': '2025-10-01 15:51:36', 'category': 'entertainment', 'sentiment': 0.94, 'keyword_mentioned': 'movie', 'message_length': 37}
2025-10-01 15:51:36 | INFO | db_path=WindowsPath('C:/Data_Projects/buzzline-05-strickland/data/buzz.sqlite')
2025-10-01 15:51:36 | INFO | Inserted one message into the database.
2025-10-01 15:51:41 | INFO | {'message': 'I just found an app! It was boring.', 'author': 'Charlie', 'timestamp': '2025-10-01 15:51:41', 'category': 'other', 'sentiment': 0.7, 'keyword_mentioned': 'other', 'message_length': 35}
2025-10-01 15:51:41 | INFO | Called process_message() with:
2025-10-01 15:51:41 | INFO |    message={'message': 'I just found an app! It was boring.', 'author': 'Charlie', 'timestamp': '2025-10-01 15:51:41', 'category': 'other', 'sentiment': 0.7, 'keyword_mentioned': 'other', 'message_length': 35}
2025-10-01 15:51:41 | INFO | Calling SQLite insert_message() with:
2025-10-01 15:51:41 | INFO | message={'message': 'I just found an app! It was boring.', 'author': 'Charlie', 'timestamp': '2025-10-01 15:51:41', 'category': 'other', 'sentiment': 0.7, 'keyword_mentioned': 'other', 'message_length': 35}
2025-10-01 15:51:41 | INFO | db_path=WindowsPath('C:/Data_Projects/buzzline-05-strickland/data/buzz.sqlite')
2025-10-01 15:51:41 | INFO | Inserted one message into the database.
2025-10-01 15:51:46 | INFO | {'message': 'I just found a movie! It was funny.', 'author': 'Alice', 'timestamp': '2025-10-01 15:51:46', 'category': 'entertainment', 'sentiment': 0.75, 'keyword_mentioned': 'movie', 'message_length': 35}
2025-10-01 15:51:46 | INFO | Called process_message() with:
2025-10-01 15:51:46 | INFO |    message={'message': 'I just found a movie! It was funny.', 'author': 'Alice', 'timestamp': '2025-10-01 15:51:46', 'category': 'entertainment', 'sentiment': 0.75, 'keyword_mentioned': 'movie', 'message_length': 35}
2025-10-01 15:51:46 | INFO | Calling SQLite insert_message() with:
2025-10-01 15:51:46 | INFO | message={'message': 'I just found a movie! It was funny.', 'author': 'Alice', 'timestamp': '2025-10-01 15:51:46', 'category': 'entertainment', 'sentiment': 0.75, 'keyword_mentioned': 'movie', 'message_length': 35}
2025-10-01 15:51:46 | INFO | db_path=WindowsPath('C:/Data_Projects/buzzline-05-strickland/data/buzz.sqlite')
2025-10-01 15:51:46 | INFO | Inserted one message into the database.
2025-10-01 15:51:51 | INFO | {'message': 'I just loved JavaScript! It was exciting.', 'author': 'Alice', 'timestamp': '2025-10-01 15:51:51', 'category': 'tech', 'sentiment': 0.18, 'keyword_mentioned': 'JavaScript', 'message_length': 41}
2025-10-01 15:51:51 | INFO | Called process_message() with:
2025-10-01 15:51:51 | INFO |    message={'message': 'I just loved JavaScript! It was exciting.', 'author': 'Alice', 'timestamp': '2025-10-01 15:51:51', 'category': 'tech', 'sentiment': 0.18, 'keyword_mentioned': 'JavaScript', 'message_length': 41}
2025-10-01 15:51:51 | INFO | Calling SQLite insert_message() with:
2025-10-01 15:51:51 | INFO | message={'message': 'I just loved JavaScript! It was exciting.', 'author': 'Alice', 'timestamp': '2025-10-01 15:51:51', 'category': 'tech', 'sentiment': 0.18, 'keyword_mentioned': 'JavaScript', 'message_length': 41}
2025-10-01 15:51:51 | INFO | db_path=WindowsPath('C:/Data_Projects/buzzline-05-strickland/data/buzz.sqlite')
2025-10-01 15:51:51 | INFO | Inserted one message into the database.
2025-10-01 15:51:56 | INFO | {'message': 'I just shared a meme! It was exciting.', 'author': 'Eve', 'timestamp': '2025-10-01 15:51:56', 'category': 'humor', 'sentiment': 0.86, 'keyword_mentioned': 'meme', 'message_length': 38}
2025-10-01 15:51:56 | INFO | Called process_message() with:
2025-10-01 15:51:56 | INFO |    message={'message': 'I just shared a meme! It was exciting.', 'author': 'Eve', 'timestamp': '2025-10-01 15:51:56', 'category': 'humor', 'sentiment': 0.86, 'keyword_mentioned': 'meme', 'message_length': 38}
2025-10-01 15:51:56 | INFO | Calling SQLite insert_message() with:
2025-10-01 15:51:56 | INFO | message={'message': 'I just shared a meme! It was exciting.', 'author': 'Eve', 'timestamp': '2025-10-01 15:51:56', 'category': 'humor', 'sentiment': 0.86, 'keyword_mentioned': 'meme', 'message_length': 38}
2025-10-01 15:51:56 | INFO | db_path=WindowsPath('C:/Data_Projects/buzzline-05-strickland/data/buzz.sqlite')
2025-10-01 15:51:56 | INFO | Inserted one message into the database.
2025-10-01 15:52:01 | INFO | {'message': 'I just found game! It was funny.', 'author': 'Charlie', 'timestamp': '2025-10-01 15:52:01', 'category': 'gaming', 'sentiment': 0.42, 'keyword_mentioned': 'game', 'message_length': 32}
2025-10-01 15:52:01 | INFO | Called process_message() with:
2025-10-01 15:52:01 | INFO |    message={'message': 'I just found game! It was funny.', 'author': 'Charlie', 'timestamp': '2025-10-01 15:52:01', 'category': 'gaming', 'sentiment': 0.42, 'keyword_mentioned': 'game', 'message_length': 32}
2025-10-01 15:52:01 | INFO | Calling SQLite insert_message() with:
2025-10-01 15:52:01 | INFO | message={'message': 'I just found game! It was funny.', 'author': 'Charlie', 'timestamp': '2025-10-01 15:52:01', 'category': 'gaming', 'sentiment': 0.42, 'keyword_mentioned': 'game', 'message_length': 32}
2025-10-01 15:52:01 | INFO | db_path=WindowsPath('C:/Data_Projects/buzzline-05-strickland/data/buzz.sqlite')
2025-10-01 15:52:01 | INFO | Inserted one message into the database.
2025-10-01 15:52:06 | INFO | {'message': 'I just found a trick! It was boring.', 'author': 'Eve', 'timestamp': '2025-10-01 15:52:06', 'category': 'other', 'sentiment': 1.0, 'keyword_mentioned': 'other', 'message_length': 36}
2025-10-01 15:52:06 | INFO | Called process_message() with:
2025-10-01 15:52:06 | INFO |    message={'message': 'I just found a trick! It was boring.', 'author': 'Eve', 'timestamp': '2025-10-01 15:52:06', 'category': 'other', 'sentiment': 1.0, 'keyword_mentioned': 'other', 'message_length': 36}
2025-10-01 15:52:06 | INFO | Calling SQLite insert_message() with:
2025-10-01 15:52:06 | INFO | message={'message': 'I just found a trick! It was boring.', 'author': 'Eve', 'timestamp': '2025-10-01 15:52:06', 'category': 'other', 'sentiment': 1.0, 'keyword_mentioned': 'other', 'message_length': 36}
2025-10-01 15:52:06 | INFO | db_path=WindowsPath('C:/Data_Projects/buzzline-05-strickland/data/buzz.sqlite')
2025-10-01 15:52:06 | INFO | Inserted one message into the database.
2025-10-01 15:52:11 | INFO | {'message': 'I just loved an app! It was funny.', 'author': 'Charlie', 'timestamp': '2025-10-01 15:52:11', 'category': 'other', 'sentiment': 0.66, 'keyword_mentioned': 'other', 'message_length': 34}
2025-10-01 15:52:11 | INFO | Called process_message() with:
2025-10-01 15:52:11 | INFO |    message={'message': 'I just loved an app! It was funny.', 'author': 'Charlie', 'timestamp': '2025-10-01 15:52:11', 'category': 'other', 'sentiment': 0.66, 'keyword_mentioned': 'other', 'message_length': 34}
2025-10-01 15:52:11 | INFO | Calling SQLite insert_message() with:
2025-10-01 15:52:11 | INFO | message={'message': 'I just loved an app! It was funny.', 'author': 'Charlie', 'timestamp': '2025-10-01 15:52:11', 'category': 'other', 'sentiment': 0.66, 'keyword_mentioned': 'other', 'message_length': 34}
2025-10-01 15:52:11 | INFO | db_path=WindowsPath('C:/Data_Projects/buzzline-05-strickland/data/buzz.sqlite')
2025-10-01 15:52:11 | INFO | Inserted one message into the database.
2025-10-01 15:52:16 | INFO | {'message': 'I just shared a trick! It was boring.', 'author': 'Charlie', 'timestamp': '2025-10-01 15:52:16', 'category': 'other', 'sentiment': 0.48, 'keyword_mentioned': 'other', 'message_length': 37}
2025-10-01 15:52:16 | INFO | Called process_message() with:
2025-10-01 15:52:16 | INFO |    message={'message': 'I just shared a trick! It was boring.', 'author': 'Charlie', 'timestamp': '2025-10-01 15:52:16', 'category': 'other', 'sentiment': 0.48, 'keyword_mentioned': 'other', 'message_length': 37}
2025-10-01 15:52:16 | INFO | Calling SQLite insert_message() with:
2025-10-01 15:52:16 | INFO | message={'message': 'I just shared a trick! It was boring.', 'author': 'Charlie', 'timestamp': '2025-10-01 15:52:16', 'category': 'other', 'sentiment': 0.48, 'keyword_mentioned': 'other', 'message_length': 37}
2025-10-01 15:52:16 | INFO | db_path=WindowsPath('C:/Data_Projects/buzzline-05-strickland/data/buzz.sqlite')
2025-10-01 15:52:16 | INFO | Inserted one message into the database.
2025-10-01 15:52:21 | INFO | {'message': 'I just found travel! It was weird.', 'author': 'Charlie', 'timestamp': '2025-10-01 15:52:21', 'category': 'travel', 'sentiment': 0.96, 'keyword_mentioned': 'travel', 'message_length': 34}
2025-10-01 15:52:21 | INFO | Called process_message() with:
2025-10-01 15:52:21 | INFO |    message={'message': 'I just found travel! It was weird.', 'author': 'Charlie', 'timestamp': '2025-10-01 15:52:21', 'category': 'travel', 'sentiment': 0.96, 'keyword_mentioned': 'travel', 'message_length': 34}
2025-10-01 15:52:21 | INFO | Calling SQLite insert_message() with:
2025-10-01 15:52:21 | INFO | message={'message': 'I just found travel! It was weird.', 'author': 'Charlie', 'timestamp': '2025-10-01 15:52:21', 'category': 'travel', 'sentiment': 0.96, 'keyword_mentioned': 'travel', 'message_length': 34}
2025-10-01 15:52:21 | INFO | db_path=WindowsPath('C:/Data_Projects/buzzline-05-strickland/data/buzz.sqlite')
2025-10-01 15:52:21 | INFO | Inserted one message into the database.
2025-10-01 15:52:26 | INFO | {'message': 'I just found a trick! It was boring.', 'author': 'Eve', 'timestamp': '2025-10-01 15:52:26', 'category': 'other', 'sentiment': 0.11, 'keyword_mentioned': 'other', 'message_length': 36}
2025-10-01 15:52:26 | INFO | Called process_message() with:
2025-10-01 15:52:26 | INFO |    message={'message': 'I just found a trick! It was boring.', 'author': 'Eve', 'timestamp': '2025-10-01 15:52:26', 'category': 'other', 'sentiment': 0.11, 'keyword_mentioned': 'other', 'message_length': 36}
2025-10-01 15:52:26 | INFO | Calling SQLite insert_message() with:
2025-10-01 15:52:26 | INFO | message={'message': 'I just found a trick! It was boring.', 'author': 'Eve', 'timestamp': '2025-10-01 15:52:26', 'category': 'other', 'sentiment': 0.11, 'keyword_mentioned': 'other', 'message_length': 36}
2025-10-01 15:52:26 | INFO | db_path=WindowsPath('C:/Data_Projects/buzzline-05-strickland/data/buzz.sqlite')
2025-10-01 15:52:26 | INFO | Inserted one message into the database.
2025-10-01 15:52:31 | INFO | {'message': 'I just saw a story! It was exciting.', 'author': 'Eve', 'timestamp': '2025-10-01 15:52:31', 'category': 'other', 'sentiment': 0.99, 'keyword_mentioned': 'other', 'message_length': 36}
2025-10-01 15:52:31 | INFO | Called process_message() with:
2025-10-01 15:52:31 | INFO |    message={'message': 'I just saw a story! It was exciting.', 'author': 'Eve', 'timestamp': '2025-10-01 15:52:31', 'category': 'other', 'sentiment': 0.99, 'keyword_mentioned': 'other', 'message_length': 36}
2025-10-01 15:52:31 | INFO | Calling SQLite insert_message() with:
2025-10-01 15:52:31 | INFO | message={'message': 'I just saw a story! It was exciting.', 'author': 'Eve', 'timestamp': '2025-10-01 15:52:31', 'category': 'other', 'sentiment': 0.99, 'keyword_mentioned': 'other', 'message_length': 36}
2025-10-01 15:52:31 | INFO | db_path=WindowsPath('C:/Data_Projects/buzzline-05-strickland/data/buzz.sqlite')
2025-10-01 15:52:31 | INFO | Inserted one message into the database.
2025-10-01 15:52:36 | INFO | {'message': 'I just tried an app! It was boring.', 'author': 'Charlie', 'timestamp': '2025-10-01 15:52:36', 'category': 'other', 'sentiment': 0.75, 'keyword_mentioned': 'other', 'message_length': 35}
2025-10-01 15:52:36 | INFO | Called process_message() with:
2025-10-01 15:52:36 | INFO |    message={'message': 'I just tried an app! It was boring.', 'author': 'Charlie', 'timestamp': '2025-10-01 15:52:36', 'category': 'other', 'sentiment': 0.75, 'keyword_mentioned': 'other', 'message_length': 35}
2025-10-01 15:52:36 | INFO | Calling SQLite insert_message() with:
2025-10-01 15:52:36 | INFO | message={'message': 'I just tried an app! It was boring.', 'author': 'Charlie', 'timestamp': '2025-10-01 15:52:36', 'category': 'other', 'sentiment': 0.75, 'keyword_mentioned': 'other', 'message_length': 35}
2025-10-01 15:52:36 | INFO | db_path=WindowsPath('C:/Data_Projects/buzzline-05-strickland/data/buzz.sqlite')
2025-10-01 15:52:36 | INFO | Inserted one message into the database.
2025-10-01 15:52:41 | INFO | {'message': 'I just shared JavaScript! It was boring.', 'author': 'Bob', 'timestamp': '2025-10-01 15:52:41', 'category': 'tech', 'sentiment': 0.13, 'keyword_mentioned': 'JavaScript', 'message_length': 40}
2025-10-01 15:52:41 | INFO | Called process_message() with:
2025-10-01 15:52:41 | INFO |    message={'message': 'I just shared JavaScript! It was boring.', 'author': 'Bob', 'timestamp': '2025-10-01 15:52:41', 'category': 'tech', 'sentiment': 0.13, 'keyword_mentioned': 'JavaScript', 'message_length': 40}
2025-10-01 15:52:41 | INFO | Calling SQLite insert_message() with:
2025-10-01 15:52:41 | INFO | message={'message': 'I just shared JavaScript! It was boring.', 'author': 'Bob', 'timestamp': '2025-10-01 15:52:41', 'category': 'tech', 'sentiment': 0.13, 'keyword_mentioned': 'JavaScript', 'message_length': 40}
2025-10-01 15:52:41 | INFO | db_path=WindowsPath('C:/Data_Projects/buzzline-05-strickland/data/buzz.sqlite')
2025-10-01 15:52:41 | INFO | Inserted one message into the database.
2025-10-01 15:52:46 | INFO | {'message': 'I just tried travel! It was weird.', 'author': 'Bob', 'timestamp': '2025-10-01 15:52:46', 'category': 'travel', 'sentiment': 0.29, 'keyword_mentioned': 'travel', 'message_length': 34}
2025-10-01 15:52:46 | INFO | Called process_message() with:
2025-10-01 15:52:46 | INFO |    message={'message': 'I just tried travel! It was weird.', 'author': 'Bob', 'timestamp': '2025-10-01 15:52:46', 'category': 'travel', 'sentiment': 0.29, 'keyword_mentioned': 'travel', 'message_length': 34}
2025-10-01 15:52:46 | INFO | Calling SQLite insert_message() with:
2025-10-01 15:52:46 | INFO | message={'message': 'I just tried travel! It was weird.', 'author': 'Bob', 'timestamp': '2025-10-01 15:52:46', 'category': 'travel', 'sentiment': 0.29, 'keyword_mentioned': 'travel', 'message_length': 34}
2025-10-01 15:52:46 | INFO | db_path=WindowsPath('C:/Data_Projects/buzzline-05-strickland/data/buzz.sqlite')
2025-10-01 15:52:46 | INFO | Inserted one message into the database.
2025-10-01 15:52:51 | INFO | {'message': 'I just tried game! It was weird.', 'author': 'Charlie', 'timestamp': '2025-10-01 15:52:51', 'category': 'gaming', 'sentiment': 0.26, 'keyword_mentioned': 'game', 'message_length': 32}
2025-10-01 15:52:51 | INFO | Called process_message() with:
2025-10-01 15:52:51 | INFO |    message={'message': 'I just tried game! It was weird.', 'author': 'Charlie', 'timestamp': '2025-10-01 15:52:51', 'category': 'gaming', 'sentiment': 0.26, 'keyword_mentioned': 'game', 'message_length': 32}
2025-10-01 15:52:51 | INFO | Calling SQLite insert_message() with:
2025-10-01 15:52:51 | INFO | message={'message': 'I just tried game! It was weird.', 'author': 'Charlie', 'timestamp': '2025-10-01 15:52:51', 'category': 'gaming', 'sentiment': 0.26, 'keyword_mentioned': 'game', 'message_length': 32}
2025-10-01 15:52:51 | INFO | db_path=WindowsPath('C:/Data_Projects/buzzline-05-strickland/data/buzz.sqlite')
2025-10-01 15:52:51 | INFO | Inserted one message into the database.
2025-10-01 15:52:56 | INFO | {'message': 'I just saw JavaScript! It was weird.', 'author': 'Alice', 'timestamp': '2025-10-01 15:52:56', 'category': 'tech', 'sentiment': 0.04, 'keyword_mentioned': 'JavaScript', 'message_length': 36}
2025-10-01 15:52:56 | INFO | Called process_message() with:
2025-10-01 15:52:56 | INFO |    message={'message': 'I just saw JavaScript! It was weird.', 'author': 'Alice', 'timestamp': '2025-10-01 15:52:56', 'category': 'tech', 'sentiment': 0.04, 'keyword_mentioned': 'JavaScript', 'message_length': 36}
2025-10-01 15:52:56 | INFO | Calling SQLite insert_message() with:
2025-10-01 15:52:56 | INFO | message={'message': 'I just saw JavaScript! It was weird.', 'author': 'Alice', 'timestamp': '2025-10-01 15:52:56', 'category': 'tech', 'sentiment': 0.04, 'keyword_mentioned': 'JavaScript', 'message_length': 36}
2025-10-01 15:52:56 | INFO | db_path=WindowsPath('C:/Data_Projects/buzzline-05-strickland/data/buzz.sqlite')
2025-10-01 15:52:56 | INFO | Inserted one message into the database.
2025-10-01 15:53:01 | INFO | {'message': 'I just saw JavaScript! It was boring.', 'author': 'Alice', 'timestamp': '2025-10-01 15:53:01', 'category': 'tech', 'sentiment': 0.43, 'keyword_mentioned': 'JavaScript', 'message_length': 37}
2025-10-01 15:53:01 | INFO | Called process_message() with:
2025-10-01 15:53:01 | INFO |    message={'message': 'I just saw JavaScript! It was boring.', 'author': 'Alice', 'timestamp': '2025-10-01 15:53:01', 'category': 'tech', 'sentiment': 0.43, 'keyword_mentioned': 'JavaScript', 'message_length': 37}
2025-10-01 15:53:01 | INFO | Calling SQLite insert_message() with:
2025-10-01 15:53:01 | INFO | message={'message': 'I just saw JavaScript! It was boring.', 'author': 'Alice', 'timestamp': '2025-10-01 15:53:01', 'category': 'tech', 'sentiment': 0.43, 'keyword_mentioned': 'JavaScript', 'message_length': 37}
2025-10-01 15:53:01 | INFO | db_path=WindowsPath('C:/Data_Projects/buzzline-05-strickland/data/buzz.sqlite')
2025-10-01 15:53:01 | INFO | Inserted one message into the database.
2025-10-01 15:53:06 | INFO | {'message': 'I just loved a trick! It was boring.', 'author': 'Bob', 'timestamp': '2025-10-01 15:53:06', 'category': 'other', 'sentiment': 0.43, 'keyword_mentioned': 'other', 'message_length': 36}
2025-10-01 15:53:06 | INFO | Called process_message() with:
2025-10-01 15:53:06 | INFO |    message={'message': 'I just loved a trick! It was boring.', 'author': 'Bob', 'timestamp': '2025-10-01 15:53:06', 'category': 'other', 'sentiment': 0.43, 'keyword_mentioned': 'other', 'message_length': 36}
2025-10-01 15:53:06 | INFO | Calling SQLite insert_message() with:
2025-10-01 15:53:06 | INFO | message={'message': 'I just loved a trick! It was boring.', 'author': 'Bob', 'timestamp': '2025-10-01 15:53:06', 'category': 'other', 'sentiment': 0.43, 'keyword_mentioned': 'other', 'message_length': 36}
2025-10-01 15:53:06 | INFO | db_path=WindowsPath('C:/Data_Projects/buzzline-05-strickland/data/buzz.sqlite')
2025-10-01 15:53:06 | INFO | Inserted one message into the database.
2025-10-01 15:53:11 | INFO | {'message': 'I just saw Python! It was funny.', 'author': 'Bob', 'timestamp': '2025-10-01 15:53:11', 'category': 'tech', 'sentiment': 0.1, 'keyword_mentioned': 'Python', 'message_length': 32}
2025-10-01 15:53:11 | INFO | Called process_message() with:
2025-10-01 15:53:11 | INFO |    message={'message': 'I just saw Python! It was funny.', 'author': 'Bob', 'timestamp': '2025-10-01 15:53:11', 'category': 'tech', 'sentiment': 0.1, 'keyword_mentioned': 'Python', 'message_length': 32}
2025-10-01 15:53:11 | INFO | Calling SQLite insert_message() with:
2025-10-01 15:53:11 | INFO | message={'message': 'I just saw Python! It was funny.', 'author': 'Bob', 'timestamp': '2025-10-01 15:53:11', 'category': 'tech', 'sentiment': 0.1, 'keyword_mentioned': 'Python', 'message_length': 32}
2025-10-01 15:53:11 | INFO | db_path=WindowsPath('C:/Data_Projects/buzzline-05-strickland/data/buzz.sqlite')
2025-10-01 15:53:11 | INFO | Inserted one message into the database.
2025-10-01 15:53:16 | INFO | {'message': 'I just saw game! It was boring.', 'author': 'Charlie', 'timestamp': '2025-10-01 15:53:16', 'category': 'gaming', 'sentiment': 0.98, 'keyword_mentioned': 'game', 'message_length': 31}
2025-10-01 15:53:16 | INFO | Called process_message() with:
2025-10-01 15:53:16 | INFO |    message={'message': 'I just saw game! It was boring.', 'author': 'Charlie', 'timestamp': '2025-10-01 15:53:16', 'category': 'gaming', 'sentiment': 0.98, 'keyword_mentioned': 'game', 'message_length': 31}
2025-10-01 15:53:16 | INFO | Calling SQLite insert_message() with:
2025-10-01 15:53:16 | INFO | message={'message': 'I just saw game! It was boring.', 'author': 'Charlie', 'timestamp': '2025-10-01 15:53:16', 'category': 'gaming', 'sentiment': 0.98, 'keyword_mentioned': 'game', 'message_length': 31}
2025-10-01 15:53:16 | INFO | db_path=WindowsPath('C:/Data_Projects/buzzline-05-strickland/data/buzz.sqlite')
2025-10-01 15:53:16 | INFO | Inserted one message into the database.
2025-10-01 15:53:21 | INFO | {'message': 'I just found an app! It was amazing.', 'author': 'Alice', 'timestamp': '2025-10-01 15:53:21', 'category': 'other', 'sentiment': 0.64, 'keyword_mentioned': 'other', 'message_length': 36}
2025-10-01 15:53:21 | INFO | Called process_message() with:
2025-10-01 15:53:21 | INFO |    message={'message': 'I just found an app! It was amazing.', 'author': 'Alice', 'timestamp': '2025-10-01 15:53:21', 'category': 'other', 'sentiment': 0.64, 'keyword_mentioned': 'other', 'message_length': 36}
2025-10-01 15:53:21 | INFO | Calling SQLite insert_message() with:
2025-10-01 15:53:21 | INFO | message={'message': 'I just found an app! It was amazing.', 'author': 'Alice', 'timestamp': '2025-10-01 15:53:21', 'category': 'other', 'sentiment': 0.64, 'keyword_mentioned': 'other', 'message_length': 36}
2025-10-01 15:53:21 | INFO | db_path=WindowsPath('C:/Data_Projects/buzzline-05-strickland/data/buzz.sqlite')
2025-10-01 15:53:21 | INFO | Inserted one message into the database.
2025-10-01 15:53:26 | INFO | {'message': 'I just saw JavaScript! It was funny.', 'author': 'Eve', 'timestamp': '2025-10-01 15:53:26', 'category': 'tech', 'sentiment': 0.77, 'keyword_mentioned': 'JavaScript', 'message_length': 36}
2025-10-01 15:53:26 | INFO | Called process_message() with:
2025-10-01 15:53:26 | INFO |    message={'message': 'I just saw JavaScript! It was funny.', 'author': 'Eve', 'timestamp': '2025-10-01 15:53:26', 'category': 'tech', 'sentiment': 0.77, 'keyword_mentioned': 'JavaScript', 'message_length': 36}
2025-10-01 15:53:26 | INFO | Calling SQLite insert_message() with:
2025-10-01 15:53:26 | INFO | message={'message': 'I just saw JavaScript! It was funny.', 'author': 'Eve', 'timestamp': '2025-10-01 15:53:26', 'category': 'tech', 'sentiment': 0.77, 'keyword_mentioned': 'JavaScript', 'message_length': 36}
2025-10-01 15:53:26 | INFO | db_path=WindowsPath('C:/Data_Projects/buzzline-05-strickland/data/buzz.sqlite')
2025-10-01 15:53:26 | INFO | Inserted one message into the database.
2025-10-01 15:53:31 | INFO | {'message': 'I just found a story! It was weird.', 'author': 'Bob', 'timestamp': '2025-10-01 15:53:31', 'category': 'other', 'sentiment': 0.91, 'keyword_mentioned': 'other', 'message_length': 35}
2025-10-01 15:53:31 | INFO | Called process_message() with:
2025-10-01 15:53:31 | INFO |    message={'message': 'I just found a story! It was weird.', 'author': 'Bob', 'timestamp': '2025-10-01 15:53:31', 'category': 'other', 'sentiment': 0.91, 'keyword_mentioned': 'other', 'message_length': 35}
2025-10-01 15:53:31 | INFO | Calling SQLite insert_message() with:
2025-10-01 15:53:31 | INFO | message={'message': 'I just found a story! It was weird.', 'author': 'Bob', 'timestamp': '2025-10-01 15:53:31', 'category': 'other', 'sentiment': 0.91, 'keyword_mentioned': 'other', 'message_length': 35}
2025-10-01 15:53:31 | INFO | db_path=WindowsPath('C:/Data_Projects/buzzline-05-strickland/data/buzz.sqlite')
2025-10-01 15:53:31 | INFO | Inserted one message into the database.
2025-10-01 15:53:36 | INFO | {'message': 'I just tried a meme! It was weird.', 'author': 'Alice', 'timestamp': '2025-10-01 15:53:36', 'category': 'humor', 'sentiment': 0.69, 'keyword_mentioned': 'meme', 'message_length': 34}
2025-10-01 15:53:36 | INFO | Called process_message() with:
2025-10-01 15:53:36 | INFO |    message={'message': 'I just tried a meme! It was weird.', 'author': 'Alice', 'timestamp': '2025-10-01 15:53:36', 'category': 'humor', 'sentiment': 0.69, 'keyword_mentioned': 'meme', 'message_length': 34}
2025-10-01 15:53:36 | INFO | Calling SQLite insert_message() with:
2025-10-01 15:53:36 | INFO | message={'message': 'I just tried a meme! It was weird.', 'author': 'Alice', 'timestamp': '2025-10-01 15:53:36', 'category': 'humor', 'sentiment': 0.69, 'keyword_mentioned': 'meme', 'message_length': 34}
2025-10-01 15:53:36 | INFO | db_path=WindowsPath('C:/Data_Projects/buzzline-05-strickland/data/buzz.sqlite')
2025-10-01 15:53:36 | INFO | Inserted one message into the database.
2025-10-01 15:53:41 | INFO | {'message': 'I just loved Python! It was exciting.', 'author': 'Eve', 'timestamp': '2025-10-01 15:53:41', 'category': 'tech', 'sentiment': 0.02, 'keyword_mentioned': 'Python', 'message_length': 37}
2025-10-01 15:53:41 | INFO | Called process_message() with:
2025-10-01 15:53:41 | INFO |    message={'message': 'I just loved Python! It was exciting.', 'author': 'Eve', 'timestamp': '2025-10-01 15:53:41', 'category': 'tech', 'sentiment': 0.02, 'keyword_mentioned': 'Python', 'message_length': 37}
2025-10-01 15:53:41 | INFO | Calling SQLite insert_message() with:
2025-10-01 15:53:41 | INFO | message={'message': 'I just loved Python! It was exciting.', 'author': 'Eve', 'timestamp': '2025-10-01 15:53:41', 'category': 'tech', 'sentiment': 0.02, 'keyword_mentioned': 'Python', 'message_length': 37}
2025-10-01 15:53:41 | INFO | db_path=WindowsPath('C:/Data_Projects/buzzline-05-strickland/data/buzz.sqlite')
2025-10-01 15:53:41 | INFO | Inserted one message into the database.
2025-10-01 15:53:46 | INFO | {'message': 'I just tried JavaScript! It was boring.', 'author': 'Eve', 'timestamp': '2025-10-01 15:53:46', 'category': 'tech', 'sentiment': 0.84, 'keyword_mentioned': 'JavaScript', 'message_length': 39}
2025-10-01 15:53:46 | INFO | Called process_message() with:
2025-10-01 15:53:46 | INFO |    message={'message': 'I just tried JavaScript! It was boring.', 'author': 'Eve', 'timestamp': '2025-10-01 15:53:46', 'category': 'tech', 'sentiment': 0.84, 'keyword_mentioned': 'JavaScript', 'message_length': 39}
2025-10-01 15:53:46 | INFO | Calling SQLite insert_message() with:
2025-10-01 15:53:46 | INFO | message={'message': 'I just tried JavaScript! It was boring.', 'author': 'Eve', 'timestamp': '2025-10-01 15:53:46', 'category': 'tech', 'sentiment': 0.84, 'keyword_mentioned': 'JavaScript', 'message_length': 39}
2025-10-01 15:53:46 | INFO | db_path=WindowsPath('C:/Data_Projects/buzzline-05-strickland/data/buzz.sqlite')
2025-10-01 15:53:46 | INFO | Inserted one message into the database.
2025-10-01 15:53:51 | INFO | {'message': 'I just found recipe! It was exciting.', 'author': 'Charlie', 'timestamp': '2025-10-01 15:53:51', 'category': 'food', 'sentiment': 0.92, 'keyword_mentioned': 'recipe', 'message_length': 37}
2025-10-01 15:53:51 | INFO | Called process_message() with:
2025-10-01 15:53:51 | INFO |    message={'message': 'I just found recipe! It was exciting.', 'author': 'Charlie', 'timestamp': '2025-10-01 15:53:51', 'category': 'food', 'sentiment': 0.92, 'keyword_mentioned': 'recipe', 'message_length': 37}
2025-10-01 15:53:51 | INFO | Calling SQLite insert_message() with:
2025-10-01 15:53:51 | INFO | message={'message': 'I just found recipe! It was exciting.', 'author': 'Charlie', 'timestamp': '2025-10-01 15:53:51', 'category': 'food', 'sentiment': 0.92, 'keyword_mentioned': 'recipe', 'message_length': 37}
2025-10-01 15:53:51 | INFO | db_path=WindowsPath('C:/Data_Projects/buzzline-05-strickland/data/buzz.sqlite')
2025-10-01 15:53:51 | INFO | Inserted one message into the database.
2025-10-01 15:53:56 | INFO | {'message': 'I just shared game! It was exciting.', 'author': 'Alice', 'timestamp': '2025-10-01 15:53:56', 'category': 'gaming', 'sentiment': 0.69, 'keyword_mentioned': 'game', 'message_length': 36}
2025-10-01 15:53:56 | INFO | Called process_message() with:
2025-10-01 15:53:56 | INFO |    message={'message': 'I just shared game! It was exciting.', 'author': 'Alice', 'timestamp': '2025-10-01 15:53:56', 'category': 'gaming', 'sentiment': 0.69, 'keyword_mentioned': 'game', 'message_length': 36}
2025-10-01 15:53:56 | INFO | Calling SQLite insert_message() with:
2025-10-01 15:53:56 | INFO | message={'message': 'I just shared game! It was exciting.', 'author': 'Alice', 'timestamp': '2025-10-01 15:53:56', 'category': 'gaming', 'sentiment': 0.69, 'keyword_mentioned': 'game', 'message_length': 36}
2025-10-01 15:53:56 | INFO | db_path=WindowsPath('C:/Data_Projects/buzzline-05-strickland/data/buzz.sqlite')
2025-10-01 15:53:56 | INFO | Inserted one message into the database.
2025-10-01 15:54:01 | INFO | {'message': 'I just loved a trick! It was exciting.', 'author': 'Alice', 'timestamp': '2025-10-01 15:54:01', 'category': 'other', 'sentiment': 0.37, 'keyword_mentioned': 'other', 'message_length': 38}
2025-10-01 15:54:01 | INFO | Called process_message() with:
2025-10-01 15:54:01 | INFO |    message={'message': 'I just loved a trick! It was exciting.', 'author': 'Alice', 'timestamp': '2025-10-01 15:54:01', 'category': 'other', 'sentiment': 0.37, 'keyword_mentioned': 'other', 'message_length': 38}
2025-10-01 15:54:01 | INFO | Calling SQLite insert_message() with:
2025-10-01 15:54:01 | INFO | message={'message': 'I just loved a trick! It was exciting.', 'author': 'Alice', 'timestamp': '2025-10-01 15:54:01', 'category': 'other', 'sentiment': 0.37, 'keyword_mentioned': 'other', 'message_length': 38}
2025-10-01 15:54:01 | INFO | db_path=WindowsPath('C:/Data_Projects/buzzline-05-strickland/data/buzz.sqlite')
2025-10-01 15:54:01 | INFO | Inserted one message into the database.
2025-10-01 15:54:06 | INFO | {'message': 'I just saw Python! It was exciting.', 'author': 'Alice', 'timestamp': '2025-10-01 15:54:06', 'category': 'tech', 'sentiment': 0.59, 'keyword_mentioned': 'Python', 'message_length': 35}
2025-10-01 15:54:06 | INFO | Called process_message() with:
2025-10-01 15:54:06 | INFO |    message={'message': 'I just saw Python! It was exciting.', 'author': 'Alice', 'timestamp': '2025-10-01 15:54:06', 'category': 'tech', 'sentiment': 0.59, 'keyword_mentioned': 'Python', 'message_length': 35}
2025-10-01 15:54:06 | INFO | Calling SQLite insert_message() with:
2025-10-01 15:54:06 | INFO | message={'message': 'I just saw Python! It was exciting.', 'author': 'Alice', 'timestamp': '2025-10-01 15:54:06', 'category': 'tech', 'sentiment': 0.59, 'keyword_mentioned': 'Python', 'message_length': 35}
2025-10-01 15:54:06 | INFO | db_path=WindowsPath('C:/Data_Projects/buzzline-05-strickland/data/buzz.sqlite')
2025-10-01 15:54:06 | INFO | Inserted one message into the database.
2025-10-01 15:54:11 | INFO | {'message': 'I just tried an app! It was funny.', 'author': 'Charlie', 'timestamp': '2025-10-01 15:54:11', 'category': 'other', 'sentiment': 0.8, 'keyword_mentioned': 'other', 'message_length': 34}
2025-10-01 15:54:11 | INFO | Called process_message() with:
2025-10-01 15:54:11 | INFO |    message={'message': 'I just tried an app! It was funny.', 'author': 'Charlie', 'timestamp': '2025-10-01 15:54:11', 'category': 'other', 'sentiment': 0.8, 'keyword_mentioned': 'other', 'message_length': 34}
2025-10-01 15:54:11 | INFO | Calling SQLite insert_message() with:
2025-10-01 15:54:11 | INFO | message={'message': 'I just tried an app! It was funny.', 'author': 'Charlie', 'timestamp': '2025-10-01 15:54:11', 'category': 'other', 'sentiment': 0.8, 'keyword_mentioned': 'other', 'message_length': 34}
2025-10-01 15:54:11 | INFO | db_path=WindowsPath('C:/Data_Projects/buzzline-05-strickland/data/buzz.sqlite')
2025-10-01 15:54:11 | INFO | Inserted one message into the database.
2025-10-01 15:54:16 | INFO | {'message': 'I just tried game! It was funny.', 'author': 'Eve', 'timestamp': '2025-10-01 15:54:16', 'category': 'gaming', 'sentiment': 0.97, 'keyword_mentioned': 'game', 'message_length': 32}
2025-10-01 15:54:16 | INFO | Called process_message() with:
2025-10-01 15:54:16 | INFO |    message={'message': 'I just tried game! It was funny.', 'author': 'Eve', 'timestamp': '2025-10-01 15:54:16', 'category': 'gaming', 'sentiment': 0.97, 'keyword_mentioned': 'game', 'message_length': 32}
2025-10-01 15:54:16 | INFO | Calling SQLite insert_message() with:
2025-10-01 15:54:16 | INFO | message={'message': 'I just tried game! It was funny.', 'author': 'Eve', 'timestamp': '2025-10-01 15:54:16', 'category': 'gaming', 'sentiment': 0.97, 'keyword_mentioned': 'game', 'message_length': 32}
2025-10-01 15:54:16 | INFO | db_path=WindowsPath('C:/Data_Projects/buzzline-05-strickland/data/buzz.sqlite')
2025-10-01 15:54:16 | INFO | Inserted one message into the database.
2025-10-01 15:54:21 | INFO | {'message': 'I just found travel! It was exciting.', 'author': 'Charlie', 'timestamp': '2025-10-01 15:54:21', 'category': 'travel', 'sentiment': 0.54, 'keyword_mentioned': 'travel', 'message_length': 37}
2025-10-01 15:54:21 | INFO | Called process_message() with:
2025-10-01 15:54:21 | INFO |    message={'message': 'I just found travel! It was exciting.', 'author': 'Charlie', 'timestamp': '2025-10-01 15:54:21', 'category': 'travel', 'sentiment': 0.54, 'keyword_mentioned': 'travel', 'message_length': 37}
2025-10-01 15:54:21 | INFO | Calling SQLite insert_message() with:
2025-10-01 15:54:21 | INFO | message={'message': 'I just found travel! It was exciting.', 'author': 'Charlie', 'timestamp': '2025-10-01 15:54:21', 'category': 'travel', 'sentiment': 0.54, 'keyword_mentioned': 'travel', 'message_length': 37}
2025-10-01 15:54:21 | INFO | db_path=WindowsPath('C:/Data_Projects/buzzline-05-strickland/data/buzz.sqlite')
2025-10-01 15:54:21 | INFO | Inserted one message into the database.
2025-10-01 15:54:26 | INFO | {'message': 'I just tried Python! It was funny.', 'author': 'Eve', 'timestamp': '2025-10-01 15:54:26', 'category': 'tech', 'sentiment': 0.56, 'keyword_mentioned': 'Python', 'message_length': 34}
2025-10-01 15:54:26 | INFO | Called process_message() with:
2025-10-01 15:54:26 | INFO |    message={'message': 'I just tried Python! It was funny.', 'author': 'Eve', 'timestamp': '2025-10-01 15:54:26', 'category': 'tech', 'sentiment': 0.56, 'keyword_mentioned': 'Python', 'message_length': 34}
2025-10-01 15:54:26 | INFO | Calling SQLite insert_message() with:
2025-10-01 15:54:26 | INFO | message={'message': 'I just tried Python! It was funny.', 'author': 'Eve', 'timestamp': '2025-10-01 15:54:26', 'category': 'tech', 'sentiment': 0.56, 'keyword_mentioned': 'Python', 'message_length': 34}
2025-10-01 15:54:26 | INFO | db_path=WindowsPath('C:/Data_Projects/buzzline-05-strickland/data/buzz.sqlite')
2025-10-01 15:54:26 | INFO | Inserted one message into the database.
2025-10-01 15:54:31 | INFO | {'message': 'I just loved game! It was funny.', 'author': 'Bob', 'timestamp': '2025-10-01 15:54:31', 'category': 'gaming', 'sentiment': 0.38, 'keyword_mentioned': 'game', 'message_length': 32}
2025-10-01 15:54:31 | INFO | Called process_message() with:
2025-10-01 15:54:31 | INFO |    message={'message': 'I just loved game! It was funny.', 'author': 'Bob', 'timestamp': '2025-10-01 15:54:31', 'category': 'gaming', 'sentiment': 0.38, 'keyword_mentioned': 'game', 'message_length': 32}
2025-10-01 15:54:31 | INFO | Calling SQLite insert_message() with:
2025-10-01 15:54:31 | INFO | message={'message': 'I just loved game! It was funny.', 'author': 'Bob', 'timestamp': '2025-10-01 15:54:31', 'category': 'gaming', 'sentiment': 0.38, 'keyword_mentioned': 'game', 'message_length': 32}
2025-10-01 15:54:31 | INFO | db_path=WindowsPath('C:/Data_Projects/buzzline-05-strickland/data/buzz.sqlite')
2025-10-01 15:54:31 | INFO | Inserted one message into the database.
2025-10-01 15:54:36 | INFO | {'message': 'I just shared travel! It was weird.', 'author': 'Charlie', 'timestamp': '2025-10-01 15:54:36', 'category': 'travel', 'sentiment': 0.53, 'keyword_mentioned': 'travel', 'message_length': 35}
2025-10-01 15:54:36 | INFO | Called process_message() with:
2025-10-01 15:54:36 | INFO |    message={'message': 'I just shared travel! It was weird.', 'author': 'Charlie', 'timestamp': '2025-10-01 15:54:36', 'category': 'travel', 'sentiment': 0.53, 'keyword_mentioned': 'travel', 'message_length': 35}
2025-10-01 15:54:36 | INFO | Calling SQLite insert_message() with:
2025-10-01 15:54:36 | INFO | message={'message': 'I just shared travel! It was weird.', 'author': 'Charlie', 'timestamp': '2025-10-01 15:54:36', 'category': 'travel', 'sentiment': 0.53, 'keyword_mentioned': 'travel', 'message_length': 35}
2025-10-01 15:54:36 | INFO | db_path=WindowsPath('C:/Data_Projects/buzzline-05-strickland/data/buzz.sqlite')
2025-10-01 15:54:36 | INFO | Inserted one message into the database.
2025-10-01 15:54:41 | INFO | {'message': 'I just loved Python! It was funny.', 'author': 'Charlie', 'timestamp': '2025-10-01 15:54:41', 'category': 'tech', 'sentiment': 0.33, 'keyword_mentioned': 'Python', 'message_length': 34}
2025-10-01 15:54:41 | INFO | Called process_message() with:
2025-10-01 15:54:41 | INFO |    message={'message': 'I just loved Python! It was funny.', 'author': 'Charlie', 'timestamp': '2025-10-01 15:54:41', 'category': 'tech', 'sentiment': 0.33, 'keyword_mentioned': 'Python', 'message_length': 34}
2025-10-01 15:54:41 | INFO | Calling SQLite insert_message() with:
2025-10-01 15:54:41 | INFO | message={'message': 'I just loved Python! It was funny.', 'author': 'Charlie', 'timestamp': '2025-10-01 15:54:41', 'category': 'tech', 'sentiment': 0.33, 'keyword_mentioned': 'Python', 'message_length': 34}
2025-10-01 15:54:41 | INFO | db_path=WindowsPath('C:/Data_Projects/buzzline-05-strickland/data/buzz.sqlite')
2025-10-01 15:54:41 | INFO | Inserted one message into the database.
2025-10-01 15:54:46 | INFO | {'message': 'I just found a story! It was boring.', 'author': 'Bob', 'timestamp': '2025-10-01 15:54:46', 'category': 'other', 'sentiment': 0.41, 'keyword_mentioned': 'other', 'message_length': 36}
2025-10-01 15:54:46 | INFO | Called process_message() with:
2025-10-01 15:54:46 | INFO |    message={'message': 'I just found a story! It was boring.', 'author': 'Bob', 'timestamp': '2025-10-01 15:54:46', 'category': 'other', 'sentiment': 0.41, 'keyword_mentioned': 'other', 'message_length': 36}
2025-10-01 15:54:46 | INFO | Calling SQLite insert_message() with:
2025-10-01 15:54:46 | INFO | message={'message': 'I just found a story! It was boring.', 'author': 'Bob', 'timestamp': '2025-10-01 15:54:46', 'category': 'other', 'sentiment': 0.41, 'keyword_mentioned': 'other', 'message_length': 36}
2025-10-01 15:54:46 | INFO | db_path=WindowsPath('C:/Data_Projects/buzzline-05-strickland/data/buzz.sqlite')
2025-10-01 15:54:47 | INFO | Inserted one message into the database.
2025-10-01 15:54:51 | INFO | {'message': 'I just loved travel! It was exciting.', 'author': 'Alice', 'timestamp': '2025-10-01 15:54:51', 'category': 'travel', 'sentiment': 0.09, 'keyword_mentioned': 'travel', 'message_length': 37}
2025-10-01 15:54:51 | INFO | Called process_message() with:
2025-10-01 15:54:51 | INFO |    message={'message': 'I just loved travel! It was exciting.', 'author': 'Alice', 'timestamp': '2025-10-01 15:54:51', 'category': 'travel', 'sentiment': 0.09, 'keyword_mentioned': 'travel', 'message_length': 37}
2025-10-01 15:54:51 | INFO | Calling SQLite insert_message() with:
2025-10-01 15:54:51 | INFO | message={'message': 'I just loved travel! It was exciting.', 'author': 'Alice', 'timestamp': '2025-10-01 15:54:51', 'category': 'travel', 'sentiment': 0.09, 'keyword_mentioned': 'travel', 'message_length': 37}
2025-10-01 15:54:51 | INFO | db_path=WindowsPath('C:/Data_Projects/buzzline-05-strickland/data/buzz.sqlite')
2025-10-01 15:54:52 | INFO | Inserted one message into the database.
2025-10-01 15:54:56 | INFO | {'message': 'I just shared a trick! It was funny.', 'author': 'Eve', 'timestamp': '2025-10-01 15:54:56', 'category': 'other', 'sentiment': 0.83, 'keyword_mentioned': 'other', 'message_length': 36}
2025-10-01 15:54:56 | INFO | Called process_message() with:
2025-10-01 15:54:56 | INFO |    message={'message': 'I just shared a trick! It was funny.', 'author': 'Eve', 'timestamp': '2025-10-01 15:54:56', 'category': 'other', 'sentiment': 0.83, 'keyword_mentioned': 'other', 'message_length': 36}
2025-10-01 15:54:56 | INFO | Calling SQLite insert_message() with:
2025-10-01 15:54:56 | INFO | message={'message': 'I just shared a trick! It was funny.', 'author': 'Eve', 'timestamp': '2025-10-01 15:54:56', 'category': 'other', 'sentiment': 0.83, 'keyword_mentioned': 'other', 'message_length': 36}
2025-10-01 15:54:56 | INFO | db_path=WindowsPath('C:/Data_Projects/buzzline-05-strickland/data/buzz.sqlite')
2025-10-01 15:54:57 | INFO | Inserted one message into the database.
2025-10-01 15:55:01 | INFO | {'message': 'I just found a story! It was amazing.', 'author': 'Alice', 'timestamp': '2025-10-01 15:55:01', 'category': 'other', 'sentiment': 0.17, 'keyword_mentioned': 'other', 'message_length': 37}
2025-10-01 15:55:01 | INFO | Called process_message() with:
2025-10-01 15:55:01 | INFO |    message={'message': 'I just found a story! It was amazing.', 'author': 'Alice', 'timestamp': '2025-10-01 15:55:01', 'category': 'other', 'sentiment': 0.17, 'keyword_mentioned': 'other', 'message_length': 37}
2025-10-01 15:55:01 | INFO | Calling SQLite insert_message() with:
2025-10-01 15:55:01 | INFO | message={'message': 'I just found a story! It was amazing.', 'author': 'Alice', 'timestamp': '2025-10-01 15:55:01', 'category': 'other', 'sentiment': 0.17, 'keyword_mentioned': 'other', 'message_length': 37}
2025-10-01 15:55:01 | INFO | db_path=WindowsPath('C:/Data_Projects/buzzline-05-strickland/data/buzz.sqlite')
2025-10-01 15:55:02 | INFO | Inserted one message into the database.
2025-10-01 15:55:06 | INFO | Called process_message() with:
